                                                ____                 _ __          
                                               /  _/__  ___ ________(_) /  ___ ____
                                              _/ // _ \(_-</ __/ __/ / _ \/ -_) __/
                                             /___/_//_/___/\__/_/ /_/_.__/\__/_/   
                                          -------------------------------------------
-----------------------------------------|ERROR LOG FILE OF 2020-11-21T14:06:05-08:00|------------------------------------------------
                                          -------------------------------------------
(November 21st 2020, 2:06:05 pm) => [C:\Users\korea\repos\JS\Inscriber\test\test_4\inscriber.test.ts] : Should automatically make the logs.
(November 21st 2020, 2:06:05 pm) => [C:\Users\korea\repos\JS\Inscriber\test\test_3\inscriber.test.ts]: This should write a file to './LogTests/Logs/error/**.log'
(November 21st 2020, 2:06:05 pm)	[ERROR]	Error
This is a Error log.
Error: This is a Error log.
    at Object.<anonymous> (C:\Users\korea\repos\JS\Inscriber\test\test\index.test.js:18:18)
    at Object.asyncJestTest (C:\Users\korea\repos\JS\Inscriber\node_modules\jest-jasmine2\build\jasmineAsyncInstall.js:106:37)
    at C:\Users\korea\repos\JS\Inscriber\node_modules\jest-jasmine2\build\queueRunner.js:45:12
    at new Promise (<anonymous>)
    at mapper (C:\Users\korea\repos\JS\Inscriber\node_modules\jest-jasmine2\build\queueRunner.js:28:19)
    at C:\Users\korea\repos\JS\Inscriber\node_modules\jest-jasmine2\build\queueRunner.js:75:41
    at processTicksAndRejections (internal/process/task_queues.js:97:5)
(November 21st 2020, 2:06:05 pm)	[ERROR]	[object Object]
(November 21st 2020, 2:06:05 pm)	[ERROR]	TypeError
This is a Type Error
TypeError: This is a Type Error
    at Object.<anonymous> (C:\Users\korea\repos\JS\Inscriber\test\test\index.test.js:21:18)
    at Object.asyncJestTest (C:\Users\korea\repos\JS\Inscriber\node_modules\jest-jasmine2\build\jasmineAsyncInstall.js:106:37)
    at C:\Users\korea\repos\JS\Inscriber\node_modules\jest-jasmine2\build\queueRunner.js:45:12
    at new Promise (<anonymous>)
    at mapper (C:\Users\korea\repos\JS\Inscriber\node_modules\jest-jasmine2\build\queueRunner.js:28:19)
    at C:\Users\korea\repos\JS\Inscriber\node_modules\jest-jasmine2\build\queueRunner.js:75:41
    at processTicksAndRejections (internal/process/task_queues.js:97:5)
(November 21st 2020, 2:06:05 pm)	[ERROR]	SyntaxError
This is a Syntax Error
SyntaxError: This is a Syntax Error
    at Object.<anonymous> (C:\Users\korea\repos\JS\Inscriber\test\test\index.test.js:22:18)
    at Object.asyncJestTest (C:\Users\korea\repos\JS\Inscriber\node_modules\jest-jasmine2\build\jasmineAsyncInstall.js:106:37)
    at C:\Users\korea\repos\JS\Inscriber\node_modules\jest-jasmine2\build\queueRunner.js:45:12
    at new Promise (<anonymous>)
    at mapper (C:\Users\korea\repos\JS\Inscriber\node_modules\jest-jasmine2\build\queueRunner.js:28:19)
    at C:\Users\korea\repos\JS\Inscriber\node_modules\jest-jasmine2\build\queueRunner.js:75:41
    at processTicksAndRejections (internal/process/task_queues.js:97:5)
(November 21st 2020, 2:06:05 pm)	[ERROR]	EvalError
This is a Eval Error
EvalError: This is a Eval Error
    at Object.<anonymous> (C:\Users\korea\repos\JS\Inscriber\test\test\index.test.js:23:18)
    at Object.asyncJestTest (C:\Users\korea\repos\JS\Inscriber\node_modules\jest-jasmine2\build\jasmineAsyncInstall.js:106:37)
    at C:\Users\korea\repos\JS\Inscriber\node_modules\jest-jasmine2\build\queueRunner.js:45:12
    at new Promise (<anonymous>)
    at mapper (C:\Users\korea\repos\JS\Inscriber\node_modules\jest-jasmine2\build\queueRunner.js:28:19)
    at C:\Users\korea\repos\JS\Inscriber\node_modules\jest-jasmine2\build\queueRunner.js:75:41
    at processTicksAndRejections (internal/process/task_queues.js:97:5)
(November 21st 2020, 2:06:05 pm)	[ERROR]	This is a error.
(November 21st 2020, 2:11:48 pm) => [C:\Users\korea\repos\JS\Inscriber\test\test_4\inscriber.test.ts] : Should automatically make the logs.
(November 21st 2020, 2:11:48 pm)	[ERROR]	Error
This is a Error log.
Error: This is a Error log.
    at Object.<anonymous> (C:\Users\korea\repos\JS\Inscriber\test\test\index.test.js:18:18)
    at Object.asyncJestTest (C:\Users\korea\repos\JS\Inscriber\node_modules\jest-jasmine2\build\jasmineAsyncInstall.js:106:37)
    at C:\Users\korea\repos\JS\Inscriber\node_modules\jest-jasmine2\build\queueRunner.js:45:12
    at new Promise (<anonymous>)
    at mapper (C:\Users\korea\repos\JS\Inscriber\node_modules\jest-jasmine2\build\queueRunner.js:28:19)
    at C:\Users\korea\repos\JS\Inscriber\node_modules\jest-jasmine2\build\queueRunner.js:75:41
    at processTicksAndRejections (internal/process/task_queues.js:97:5)
(November 21st 2020, 2:11:48 pm)	[ERROR]	[object Object]
(November 21st 2020, 2:11:48 pm)	[ERROR]	TypeError
This is a Type Error
TypeError: This is a Type Error
    at Object.<anonymous> (C:\Users\korea\repos\JS\Inscriber\test\test\index.test.js:21:18)
    at Object.asyncJestTest (C:\Users\korea\repos\JS\Inscriber\node_modules\jest-jasmine2\build\jasmineAsyncInstall.js:106:37)
    at C:\Users\korea\repos\JS\Inscriber\node_modules\jest-jasmine2\build\queueRunner.js:45:12
    at new Promise (<anonymous>)
    at mapper (C:\Users\korea\repos\JS\Inscriber\node_modules\jest-jasmine2\build\queueRunner.js:28:19)
    at C:\Users\korea\repos\JS\Inscriber\node_modules\jest-jasmine2\build\queueRunner.js:75:41
    at processTicksAndRejections (internal/process/task_queues.js:97:5)
(November 21st 2020, 2:11:48 pm)	[ERROR]	SyntaxError
This is a Syntax Error
SyntaxError: This is a Syntax Error
    at Object.<anonymous> (C:\Users\korea\repos\JS\Inscriber\test\test\index.test.js:22:18)
    at Object.asyncJestTest (C:\Users\korea\repos\JS\Inscriber\node_modules\jest-jasmine2\build\jasmineAsyncInstall.js:106:37)
    at C:\Users\korea\repos\JS\Inscriber\node_modules\jest-jasmine2\build\queueRunner.js:45:12
    at new Promise (<anonymous>)
    at mapper (C:\Users\korea\repos\JS\Inscriber\node_modules\jest-jasmine2\build\queueRunner.js:28:19)
    at C:\Users\korea\repos\JS\Inscriber\node_modules\jest-jasmine2\build\queueRunner.js:75:41
    at processTicksAndRejections (internal/process/task_queues.js:97:5)
(November 21st 2020, 2:11:49 pm) => [C:\Users\korea\repos\JS\Inscriber\test\test_3\inscriber.test.ts]: This should write a file to './LogTests/Logs/error/**.log'
(November 21st 2020, 2:11:49 pm)	[ERROR]	EvalError
This is a Eval Error
EvalError: This is a Eval Error
    at Object.<anonymous> (C:\Users\korea\repos\JS\Inscriber\test\test\index.test.js:23:18)
    at Object.asyncJestTest (C:\Users\korea\repos\JS\Inscriber\node_modules\jest-jasmine2\build\jasmineAsyncInstall.js:106:37)
    at C:\Users\korea\repos\JS\Inscriber\node_modules\jest-jasmine2\build\queueRunner.js:45:12
    at new Promise (<anonymous>)
    at mapper (C:\Users\korea\repos\JS\Inscriber\node_modules\jest-jasmine2\build\queueRunner.js:28:19)
    at C:\Users\korea\repos\JS\Inscriber\node_modules\jest-jasmine2\build\queueRunner.js:75:41
    at processTicksAndRejections (internal/process/task_queues.js:97:5)
(November 21st 2020, 2:11:49 pm)	[ERROR]	This is a error.
(November 21st 2020, 2:15:53 pm)	[ERROR]	Error
This is a Error log.
Error: This is a Error log.
    at Object.<anonymous> (C:\Users\korea\repos\JS\Inscriber\test\test\index.test.js:18:18)
    at Object.asyncJestTest (C:\Users\korea\repos\JS\Inscriber\node_modules\jest-jasmine2\build\jasmineAsyncInstall.js:106:37)
    at C:\Users\korea\repos\JS\Inscriber\node_modules\jest-jasmine2\build\queueRunner.js:45:12
    at new Promise (<anonymous>)
    at mapper (C:\Users\korea\repos\JS\Inscriber\node_modules\jest-jasmine2\build\queueRunner.js:28:19)
    at C:\Users\korea\repos\JS\Inscriber\node_modules\jest-jasmine2\build\queueRunner.js:75:41
    at processTicksAndRejections (internal/process/task_queues.js:97:5)
(November 21st 2020, 2:15:53 pm)	[ERROR]	[object Object]
(November 21st 2020, 2:15:53 pm)	[ERROR]	TypeError
This is a Type Error
TypeError: This is a Type Error
    at Object.<anonymous> (C:\Users\korea\repos\JS\Inscriber\test\test\index.test.js:21:18)
    at Object.asyncJestTest (C:\Users\korea\repos\JS\Inscriber\node_modules\jest-jasmine2\build\jasmineAsyncInstall.js:106:37)
    at C:\Users\korea\repos\JS\Inscriber\node_modules\jest-jasmine2\build\queueRunner.js:45:12
    at new Promise (<anonymous>)
    at mapper (C:\Users\korea\repos\JS\Inscriber\node_modules\jest-jasmine2\build\queueRunner.js:28:19)
    at C:\Users\korea\repos\JS\Inscriber\node_modules\jest-jasmine2\build\queueRunner.js:75:41
    at processTicksAndRejections (internal/process/task_queues.js:97:5)
(November 21st 2020, 2:15:53 pm)	[ERROR]	SyntaxError
This is a Syntax Error
SyntaxError: This is a Syntax Error
    at Object.<anonymous> (C:\Users\korea\repos\JS\Inscriber\test\test\index.test.js:22:18)
    at Object.asyncJestTest (C:\Users\korea\repos\JS\Inscriber\node_modules\jest-jasmine2\build\jasmineAsyncInstall.js:106:37)
    at C:\Users\korea\repos\JS\Inscriber\node_modules\jest-jasmine2\build\queueRunner.js:45:12
    at new Promise (<anonymous>)
    at mapper (C:\Users\korea\repos\JS\Inscriber\node_modules\jest-jasmine2\build\queueRunner.js:28:19)
    at C:\Users\korea\repos\JS\Inscriber\node_modules\jest-jasmine2\build\queueRunner.js:75:41
    at processTicksAndRejections (internal/process/task_queues.js:97:5)
(November 21st 2020, 2:15:53 pm)	[ERROR]	EvalError
This is a Eval Error
EvalError: This is a Eval Error
    at Object.<anonymous> (C:\Users\korea\repos\JS\Inscriber\test\test\index.test.js:23:18)
    at Object.asyncJestTest (C:\Users\korea\repos\JS\Inscriber\node_modules\jest-jasmine2\build\jasmineAsyncInstall.js:106:37)
    at C:\Users\korea\repos\JS\Inscriber\node_modules\jest-jasmine2\build\queueRunner.js:45:12
    at new Promise (<anonymous>)
    at mapper (C:\Users\korea\repos\JS\Inscriber\node_modules\jest-jasmine2\build\queueRunner.js:28:19)
    at C:\Users\korea\repos\JS\Inscriber\node_modules\jest-jasmine2\build\queueRunner.js:75:41
    at processTicksAndRejections (internal/process/task_queues.js:97:5)
(November 21st 2020, 2:15:53 pm)	[ERROR]	This is a error.
(November 21st 2020, 2:15:53 pm) => [C:\Users\korea\repos\JS\Inscriber\test\test_3\inscriber.test.ts]: This should write a file to './LogTests/Logs/error/**.log'
(November 21st 2020, 2:15:53 pm) => [C:\Users\korea\repos\JS\Inscriber\test\test_4\inscriber.test.ts] : Should automatically make the logs.
(November 21st 2020, 2:15:55 pm)	[ERROR]	testing
(November 21st 2020, 3:05:32 pm)	[ERROR]	testing
(November 21st 2020, 3:05:32 pm) => [C:\Users\korea\repos\JS\Inscriber\test\test_3\inscriber.test.ts]: This should write a file to './LogTests/Logs/error/**.log'
(November 21st 2020, 3:05:32 pm) => [C:\Users\korea\repos\JS\Inscriber\test\test_4\inscriber.test.ts] : Should automatically make the logs.
(November 21st 2020, 3:05:32 pm)	[ERROR]	Error
This is a Error log.
Error: This is a Error log.
    at Object.<anonymous> (C:\Users\korea\repos\JS\Inscriber\test\test\index.test.js:18:18)
    at Object.asyncJestTest (C:\Users\korea\repos\JS\Inscriber\node_modules\jest-jasmine2\build\jasmineAsyncInstall.js:106:37)
    at C:\Users\korea\repos\JS\Inscriber\node_modules\jest-jasmine2\build\queueRunner.js:45:12
    at new Promise (<anonymous>)
    at mapper (C:\Users\korea\repos\JS\Inscriber\node_modules\jest-jasmine2\build\queueRunner.js:28:19)
    at C:\Users\korea\repos\JS\Inscriber\node_modules\jest-jasmine2\build\queueRunner.js:75:41
    at processTicksAndRejections (internal/process/task_queues.js:97:5)
(November 21st 2020, 3:05:32 pm)	[ERROR]	[object Object]
(November 21st 2020, 3:05:32 pm)	[ERROR]	TypeError
This is a Type Error
TypeError: This is a Type Error
    at Object.<anonymous> (C:\Users\korea\repos\JS\Inscriber\test\test\index.test.js:21:18)
    at Object.asyncJestTest (C:\Users\korea\repos\JS\Inscriber\node_modules\jest-jasmine2\build\jasmineAsyncInstall.js:106:37)
    at C:\Users\korea\repos\JS\Inscriber\node_modules\jest-jasmine2\build\queueRunner.js:45:12
    at new Promise (<anonymous>)
    at mapper (C:\Users\korea\repos\JS\Inscriber\node_modules\jest-jasmine2\build\queueRunner.js:28:19)
    at C:\Users\korea\repos\JS\Inscriber\node_modules\jest-jasmine2\build\queueRunner.js:75:41
    at processTicksAndRejections (internal/process/task_queues.js:97:5)
(November 21st 2020, 3:05:32 pm)	[ERROR]	SyntaxError
This is a Syntax Error
SyntaxError: This is a Syntax Error
    at Object.<anonymous> (C:\Users\korea\repos\JS\Inscriber\test\test\index.test.js:22:18)
    at Object.asyncJestTest (C:\Users\korea\repos\JS\Inscriber\node_modules\jest-jasmine2\build\jasmineAsyncInstall.js:106:37)
    at C:\Users\korea\repos\JS\Inscriber\node_modules\jest-jasmine2\build\queueRunner.js:45:12
    at new Promise (<anonymous>)
    at mapper (C:\Users\korea\repos\JS\Inscriber\node_modules\jest-jasmine2\build\queueRunner.js:28:19)
    at C:\Users\korea\repos\JS\Inscriber\node_modules\jest-jasmine2\build\queueRunner.js:75:41
    at processTicksAndRejections (internal/process/task_queues.js:97:5)
(November 21st 2020, 3:05:32 pm)	[ERROR]	EvalError
This is a Eval Error
EvalError: This is a Eval Error
    at Object.<anonymous> (C:\Users\korea\repos\JS\Inscriber\test\test\index.test.js:23:18)
    at Object.asyncJestTest (C:\Users\korea\repos\JS\Inscriber\node_modules\jest-jasmine2\build\jasmineAsyncInstall.js:106:37)
    at C:\Users\korea\repos\JS\Inscriber\node_modules\jest-jasmine2\build\queueRunner.js:45:12
    at new Promise (<anonymous>)
    at mapper (C:\Users\korea\repos\JS\Inscriber\node_modules\jest-jasmine2\build\queueRunner.js:28:19)
    at C:\Users\korea\repos\JS\Inscriber\node_modules\jest-jasmine2\build\queueRunner.js:75:41
    at processTicksAndRejections (internal/process/task_queues.js:97:5)
(November 21st 2020, 3:05:32 pm)	[ERROR]	This is a error.
(November 21st 2020, 3:05:56 pm) => [C:\Users\korea\repos\JS\Inscriber\test\test_4\inscriber.test.ts] : Should automatically make the logs.
(November 21st 2020, 3:05:56 pm)	[ERROR]	testing
(November 21st 2020, 3:05:57 pm)	[ERROR]	Error
This is a Error log.
Error: This is a Error log.
    at Object.<anonymous> (C:\Users\korea\repos\JS\Inscriber\test\test\index.test.js:18:18)
    at Object.asyncJestTest (C:\Users\korea\repos\JS\Inscriber\node_modules\jest-jasmine2\build\jasmineAsyncInstall.js:106:37)
    at C:\Users\korea\repos\JS\Inscriber\node_modules\jest-jasmine2\build\queueRunner.js:45:12
    at new Promise (<anonymous>)
    at mapper (C:\Users\korea\repos\JS\Inscriber\node_modules\jest-jasmine2\build\queueRunner.js:28:19)
    at C:\Users\korea\repos\JS\Inscriber\node_modules\jest-jasmine2\build\queueRunner.js:75:41
    at processTicksAndRejections (internal/process/task_queues.js:97:5)
(November 21st 2020, 3:05:57 pm)	[ERROR]	[object Object]
(November 21st 2020, 3:05:57 pm)	[ERROR]	TypeError
This is a Type Error
TypeError: This is a Type Error
    at Object.<anonymous> (C:\Users\korea\repos\JS\Inscriber\test\test\index.test.js:21:18)
    at Object.asyncJestTest (C:\Users\korea\repos\JS\Inscriber\node_modules\jest-jasmine2\build\jasmineAsyncInstall.js:106:37)
    at C:\Users\korea\repos\JS\Inscriber\node_modules\jest-jasmine2\build\queueRunner.js:45:12
    at new Promise (<anonymous>)
    at mapper (C:\Users\korea\repos\JS\Inscriber\node_modules\jest-jasmine2\build\queueRunner.js:28:19)
    at C:\Users\korea\repos\JS\Inscriber\node_modules\jest-jasmine2\build\queueRunner.js:75:41
    at processTicksAndRejections (internal/process/task_queues.js:97:5)
(November 21st 2020, 3:05:57 pm)	[ERROR]	SyntaxError
This is a Syntax Error
SyntaxError: This is a Syntax Error
    at Object.<anonymous> (C:\Users\korea\repos\JS\Inscriber\test\test\index.test.js:22:18)
    at Object.asyncJestTest (C:\Users\korea\repos\JS\Inscriber\node_modules\jest-jasmine2\build\jasmineAsyncInstall.js:106:37)
    at C:\Users\korea\repos\JS\Inscriber\node_modules\jest-jasmine2\build\queueRunner.js:45:12
    at new Promise (<anonymous>)
    at mapper (C:\Users\korea\repos\JS\Inscriber\node_modules\jest-jasmine2\build\queueRunner.js:28:19)
    at C:\Users\korea\repos\JS\Inscriber\node_modules\jest-jasmine2\build\queueRunner.js:75:41
    at processTicksAndRejections (internal/process/task_queues.js:97:5)
(November 21st 2020, 3:05:57 pm)	[ERROR]	EvalError
This is a Eval Error
EvalError: This is a Eval Error
    at Object.<anonymous> (C:\Users\korea\repos\JS\Inscriber\test\test\index.test.js:23:18)
    at Object.asyncJestTest (C:\Users\korea\repos\JS\Inscriber\node_modules\jest-jasmine2\build\jasmineAsyncInstall.js:106:37)
    at C:\Users\korea\repos\JS\Inscriber\node_modules\jest-jasmine2\build\queueRunner.js:45:12
    at new Promise (<anonymous>)
    at mapper (C:\Users\korea\repos\JS\Inscriber\node_modules\jest-jasmine2\build\queueRunner.js:28:19)
    at C:\Users\korea\repos\JS\Inscriber\node_modules\jest-jasmine2\build\queueRunner.js:75:41
    at processTicksAndRejections (internal/process/task_queues.js:97:5)
(November 21st 2020, 3:05:57 pm) => [C:\Users\korea\repos\JS\Inscriber\test\test_3\inscriber.test.ts]: This should write a file to './LogTests/Logs/error/**.log'
(November 21st 2020, 3:05:57 pm)	[ERROR]	This is a error.
(November 21st 2020, 3:07:53 pm)	[ERROR]	Error
This is a Error log.
Error: This is a Error log.
    at Object.<anonymous> (C:\Users\korea\repos\JS\Inscriber\test\test\index.test.js:18:18)
    at Object.asyncJestTest (C:\Users\korea\repos\JS\Inscriber\node_modules\jest-jasmine2\build\jasmineAsyncInstall.js:106:37)
    at C:\Users\korea\repos\JS\Inscriber\node_modules\jest-jasmine2\build\queueRunner.js:45:12
    at new Promise (<anonymous>)
    at mapper (C:\Users\korea\repos\JS\Inscriber\node_modules\jest-jasmine2\build\queueRunner.js:28:19)
    at C:\Users\korea\repos\JS\Inscriber\node_modules\jest-jasmine2\build\queueRunner.js:75:41
    at processTicksAndRejections (internal/process/task_queues.js:97:5)
(November 21st 2020, 3:07:53 pm)	[ERROR]	testing
(November 21st 2020, 3:07:53 pm)	[ERROR]	[object Object]
(November 21st 2020, 3:07:53 pm)	[ERROR]	TypeError
This is a Type Error
TypeError: This is a Type Error
    at Object.<anonymous> (C:\Users\korea\repos\JS\Inscriber\test\test\index.test.js:21:18)
    at Object.asyncJestTest (C:\Users\korea\repos\JS\Inscriber\node_modules\jest-jasmine2\build\jasmineAsyncInstall.js:106:37)
    at C:\Users\korea\repos\JS\Inscriber\node_modules\jest-jasmine2\build\queueRunner.js:45:12
    at new Promise (<anonymous>)
    at mapper (C:\Users\korea\repos\JS\Inscriber\node_modules\jest-jasmine2\build\queueRunner.js:28:19)
    at C:\Users\korea\repos\JS\Inscriber\node_modules\jest-jasmine2\build\queueRunner.js:75:41
    at processTicksAndRejections (internal/process/task_queues.js:97:5)
(November 21st 2020, 3:07:53 pm)	[ERROR]	SyntaxError
This is a Syntax Error
SyntaxError: This is a Syntax Error
    at Object.<anonymous> (C:\Users\korea\repos\JS\Inscriber\test\test\index.test.js:22:18)
    at Object.asyncJestTest (C:\Users\korea\repos\JS\Inscriber\node_modules\jest-jasmine2\build\jasmineAsyncInstall.js:106:37)
    at C:\Users\korea\repos\JS\Inscriber\node_modules\jest-jasmine2\build\queueRunner.js:45:12
    at new Promise (<anonymous>)
    at mapper (C:\Users\korea\repos\JS\Inscriber\node_modules\jest-jasmine2\build\queueRunner.js:28:19)
    at C:\Users\korea\repos\JS\Inscriber\node_modules\jest-jasmine2\build\queueRunner.js:75:41
    at processTicksAndRejections (internal/process/task_queues.js:97:5)
(November 21st 2020, 3:07:53 pm)	[ERROR]	EvalError
This is a Eval Error
EvalError: This is a Eval Error
    at Object.<anonymous> (C:\Users\korea\repos\JS\Inscriber\test\test\index.test.js:23:18)
    at Object.asyncJestTest (C:\Users\korea\repos\JS\Inscriber\node_modules\jest-jasmine2\build\jasmineAsyncInstall.js:106:37)
    at C:\Users\korea\repos\JS\Inscriber\node_modules\jest-jasmine2\build\queueRunner.js:45:12
    at new Promise (<anonymous>)
    at mapper (C:\Users\korea\repos\JS\Inscriber\node_modules\jest-jasmine2\build\queueRunner.js:28:19)
    at C:\Users\korea\repos\JS\Inscriber\node_modules\jest-jasmine2\build\queueRunner.js:75:41
    at processTicksAndRejections (internal/process/task_queues.js:97:5)
(November 21st 2020, 3:07:53 pm)	[ERROR]	This is a error.
(November 21st 2020, 3:07:53 pm) => [C:\Users\korea\repos\JS\Inscriber\test\test_4\inscriber.test.ts] : Should automatically make the logs.
(November 21st 2020, 3:07:53 pm) => [C:\Users\korea\repos\JS\Inscriber\test\test_3\inscriber.test.ts]: This should write a file to './LogTests/Logs/error/**.log'
(November 21st 2020, 3:08:53 pm) => [C:\Users\korea\repos\JS\Inscriber\test\test_4\inscriber.test.ts] : Should automatically make the logs.
(November 21st 2020, 3:08:53 pm)	[ERROR]	Error
This is a Error log.
Error: This is a Error log.
    at Object.<anonymous> (C:\Users\korea\repos\JS\Inscriber\test\test\index.test.js:18:18)
    at Object.asyncJestTest (C:\Users\korea\repos\JS\Inscriber\node_modules\jest-jasmine2\build\jasmineAsyncInstall.js:106:37)
    at C:\Users\korea\repos\JS\Inscriber\node_modules\jest-jasmine2\build\queueRunner.js:45:12
    at new Promise (<anonymous>)
    at mapper (C:\Users\korea\repos\JS\Inscriber\node_modules\jest-jasmine2\build\queueRunner.js:28:19)
    at C:\Users\korea\repos\JS\Inscriber\node_modules\jest-jasmine2\build\queueRunner.js:75:41
    at processTicksAndRejections (internal/process/task_queues.js:97:5)
(November 21st 2020, 3:08:53 pm)	[ERROR]	[object Object]
(November 21st 2020, 3:08:53 pm)	[ERROR]	TypeError
This is a Type Error
TypeError: This is a Type Error
    at Object.<anonymous> (C:\Users\korea\repos\JS\Inscriber\test\test\index.test.js:21:18)
    at Object.asyncJestTest (C:\Users\korea\repos\JS\Inscriber\node_modules\jest-jasmine2\build\jasmineAsyncInstall.js:106:37)
    at C:\Users\korea\repos\JS\Inscriber\node_modules\jest-jasmine2\build\queueRunner.js:45:12
    at new Promise (<anonymous>)
    at mapper (C:\Users\korea\repos\JS\Inscriber\node_modules\jest-jasmine2\build\queueRunner.js:28:19)
    at C:\Users\korea\repos\JS\Inscriber\node_modules\jest-jasmine2\build\queueRunner.js:75:41
    at processTicksAndRejections (internal/process/task_queues.js:97:5)
(November 21st 2020, 3:08:53 pm)	[ERROR]	SyntaxError
This is a Syntax Error
SyntaxError: This is a Syntax Error
    at Object.<anonymous> (C:\Users\korea\repos\JS\Inscriber\test\test\index.test.js:22:18)
    at Object.asyncJestTest (C:\Users\korea\repos\JS\Inscriber\node_modules\jest-jasmine2\build\jasmineAsyncInstall.js:106:37)
    at C:\Users\korea\repos\JS\Inscriber\node_modules\jest-jasmine2\build\queueRunner.js:45:12
    at new Promise (<anonymous>)
    at mapper (C:\Users\korea\repos\JS\Inscriber\node_modules\jest-jasmine2\build\queueRunner.js:28:19)
    at C:\Users\korea\repos\JS\Inscriber\node_modules\jest-jasmine2\build\queueRunner.js:75:41
    at processTicksAndRejections (internal/process/task_queues.js:97:5)
(November 21st 2020, 3:08:53 pm)	[ERROR]	EvalError
This is a Eval Error
EvalError: This is a Eval Error
    at Object.<anonymous> (C:\Users\korea\repos\JS\Inscriber\test\test\index.test.js:23:18)
    at Object.asyncJestTest (C:\Users\korea\repos\JS\Inscriber\node_modules\jest-jasmine2\build\jasmineAsyncInstall.js:106:37)
    at C:\Users\korea\repos\JS\Inscriber\node_modules\jest-jasmine2\build\queueRunner.js:45:12
    at new Promise (<anonymous>)
    at mapper (C:\Users\korea\repos\JS\Inscriber\node_modules\jest-jasmine2\build\queueRunner.js:28:19)
    at C:\Users\korea\repos\JS\Inscriber\node_modules\jest-jasmine2\build\queueRunner.js:75:41
    at processTicksAndRejections (internal/process/task_queues.js:97:5)
(November 21st 2020, 3:08:53 pm)	[ERROR]	This is a error.
(November 21st 2020, 3:08:53 pm) => [C:\Users\korea\repos\JS\Inscriber\test\test_3\inscriber.test.ts]: This should write a file to './LogTests/Logs/error/**.log'
(November 21st 2020, 3:19:59 pm) => [C:\Users\korea\repos\JS\Inscriber\test\test_3\inscriber.test.ts]: This should write a file to './LogTests/Logs/error/**.log'
(November 21st 2020, 3:19:59 pm)	[ERROR]	Error
This is a Error log.
Error: This is a Error log.
    at Object.<anonymous> (C:\Users\korea\repos\JS\Inscriber\test\test\index.test.js:18:18)
    at Object.asyncJestTest (C:\Users\korea\repos\JS\Inscriber\node_modules\jest-jasmine2\build\jasmineAsyncInstall.js:106:37)
    at C:\Users\korea\repos\JS\Inscriber\node_modules\jest-jasmine2\build\queueRunner.js:45:12
    at new Promise (<anonymous>)
    at mapper (C:\Users\korea\repos\JS\Inscriber\node_modules\jest-jasmine2\build\queueRunner.js:28:19)
    at C:\Users\korea\repos\JS\Inscriber\node_modules\jest-jasmine2\build\queueRunner.js:75:41
    at processTicksAndRejections (internal/process/task_queues.js:97:5)
(November 21st 2020, 3:19:59 pm)	[ERROR]	testing
(November 21st 2020, 3:19:59 pm)	[ERROR]	[object Object]
(November 21st 2020, 3:19:59 pm)	[ERROR]	TypeError
This is a Type Error
TypeError: This is a Type Error
    at Object.<anonymous> (C:\Users\korea\repos\JS\Inscriber\test\test\index.test.js:21:18)
    at Object.asyncJestTest (C:\Users\korea\repos\JS\Inscriber\node_modules\jest-jasmine2\build\jasmineAsyncInstall.js:106:37)
    at C:\Users\korea\repos\JS\Inscriber\node_modules\jest-jasmine2\build\queueRunner.js:45:12
    at new Promise (<anonymous>)
    at mapper (C:\Users\korea\repos\JS\Inscriber\node_modules\jest-jasmine2\build\queueRunner.js:28:19)
    at C:\Users\korea\repos\JS\Inscriber\node_modules\jest-jasmine2\build\queueRunner.js:75:41
    at processTicksAndRejections (internal/process/task_queues.js:97:5)
(November 21st 2020, 3:19:59 pm)	[ERROR]	SyntaxError
This is a Syntax Error
SyntaxError: This is a Syntax Error
    at Object.<anonymous> (C:\Users\korea\repos\JS\Inscriber\test\test\index.test.js:22:18)
    at Object.asyncJestTest (C:\Users\korea\repos\JS\Inscriber\node_modules\jest-jasmine2\build\jasmineAsyncInstall.js:106:37)
    at C:\Users\korea\repos\JS\Inscriber\node_modules\jest-jasmine2\build\queueRunner.js:45:12
    at new Promise (<anonymous>)
    at mapper (C:\Users\korea\repos\JS\Inscriber\node_modules\jest-jasmine2\build\queueRunner.js:28:19)
    at C:\Users\korea\repos\JS\Inscriber\node_modules\jest-jasmine2\build\queueRunner.js:75:41
    at processTicksAndRejections (internal/process/task_queues.js:97:5)
(November 21st 2020, 3:19:59 pm)	[ERROR]	EvalError
This is a Eval Error
EvalError: This is a Eval Error
    at Object.<anonymous> (C:\Users\korea\repos\JS\Inscriber\test\test\index.test.js:23:18)
    at Object.asyncJestTest (C:\Users\korea\repos\JS\Inscriber\node_modules\jest-jasmine2\build\jasmineAsyncInstall.js:106:37)
    at C:\Users\korea\repos\JS\Inscriber\node_modules\jest-jasmine2\build\queueRunner.js:45:12
    at new Promise (<anonymous>)
    at mapper (C:\Users\korea\repos\JS\Inscriber\node_modules\jest-jasmine2\build\queueRunner.js:28:19)
    at C:\Users\korea\repos\JS\Inscriber\node_modules\jest-jasmine2\build\queueRunner.js:75:41
    at processTicksAndRejections (internal/process/task_queues.js:97:5)
(November 21st 2020, 3:19:59 pm)	[ERROR]	This is a error.
(November 21st 2020, 3:19:59 pm) => [C:\Users\korea\repos\JS\Inscriber\test\test_4\inscriber.test.ts] : Should automatically make the logs.
(November 21st 2020, 3:21:42 pm) => [C:\Users\korea\repos\JS\Inscriber\test\test_4\inscriber.test.ts] : Should automatically make the logs.
(November 21st 2020, 3:21:42 pm)	[ERROR]	Error
This is a Error log.
Error: This is a Error log.
    at Object.<anonymous> (C:\Users\korea\repos\JS\Inscriber\test\test\index.test.js:18:18)
    at Object.asyncJestTest (C:\Users\korea\repos\JS\Inscriber\node_modules\jest-jasmine2\build\jasmineAsyncInstall.js:106:37)
    at C:\Users\korea\repos\JS\Inscriber\node_modules\jest-jasmine2\build\queueRunner.js:45:12
    at new Promise (<anonymous>)
    at mapper (C:\Users\korea\repos\JS\Inscriber\node_modules\jest-jasmine2\build\queueRunner.js:28:19)
    at C:\Users\korea\repos\JS\Inscriber\node_modules\jest-jasmine2\build\queueRunner.js:75:41
    at processTicksAndRejections (internal/process/task_queues.js:97:5)
(November 21st 2020, 3:21:42 pm)	[ERROR]	[object Object]
(November 21st 2020, 3:21:42 pm)	[ERROR]	TypeError
This is a Type Error
TypeError: This is a Type Error
    at Object.<anonymous> (C:\Users\korea\repos\JS\Inscriber\test\test\index.test.js:21:18)
    at Object.asyncJestTest (C:\Users\korea\repos\JS\Inscriber\node_modules\jest-jasmine2\build\jasmineAsyncInstall.js:106:37)
    at C:\Users\korea\repos\JS\Inscriber\node_modules\jest-jasmine2\build\queueRunner.js:45:12
    at new Promise (<anonymous>)
    at mapper (C:\Users\korea\repos\JS\Inscriber\node_modules\jest-jasmine2\build\queueRunner.js:28:19)
    at C:\Users\korea\repos\JS\Inscriber\node_modules\jest-jasmine2\build\queueRunner.js:75:41
    at processTicksAndRejections (internal/process/task_queues.js:97:5)
(November 21st 2020, 3:21:42 pm)	[ERROR]	SyntaxError
This is a Syntax Error
SyntaxError: This is a Syntax Error
    at Object.<anonymous> (C:\Users\korea\repos\JS\Inscriber\test\test\index.test.js:22:18)
    at Object.asyncJestTest (C:\Users\korea\repos\JS\Inscriber\node_modules\jest-jasmine2\build\jasmineAsyncInstall.js:106:37)
    at C:\Users\korea\repos\JS\Inscriber\node_modules\jest-jasmine2\build\queueRunner.js:45:12
    at new Promise (<anonymous>)
    at mapper (C:\Users\korea\repos\JS\Inscriber\node_modules\jest-jasmine2\build\queueRunner.js:28:19)
    at C:\Users\korea\repos\JS\Inscriber\node_modules\jest-jasmine2\build\queueRunner.js:75:41
    at processTicksAndRejections (internal/process/task_queues.js:97:5)
(November 21st 2020, 3:21:42 pm)	[ERROR]	testingor
This is a Eval Error
EvalError: This is a Eval Error
    at Object.<anonymous> (C:\Users\korea\repos\JS\Inscriber\test\test\index.test.js:23:18)
    at Object.asyncJestTest (C:\Users\korea\repos\JS\Inscriber\node_modules\jest-jasmine2\build\jasmineAsyncInstall.js:106:37)
    at C:\Users\korea\repos\JS\Inscriber\node_modules\jest-jasmine2\build\queueRunner.js:45:12
    at new Promise (<anonymous>)
    at mapper (C:\Users\korea\repos\JS\Inscriber\node_modules\jest-jasmine2\build\queueRunner.js:28:19)
    at C:\Users\korea\repos\JS\Inscriber\node_modules\jest-jasmine2\build\queueRunner.js:75:41
    at processTicksAndRejections (internal/process/task_queues.js:97:5)
(November 21st 2020, 3:21:42 pm)	[ERROR]	This is a error.
(November 21st 2020, 3:21:42 pm) => [C:\Users\korea\repos\JS\Inscriber\test\test_3\inscriber.test.ts]: This should write a file to './LogTests/Logs/error/**.log'
(November 21st 2020, 3:24:09 pm) => [C:\Users\korea\repos\JS\Inscriber\test\test_4\inscriber.test.ts] : Should automatically make the logs.
(November 21st 2020, 3:24:09 pm)	[ERROR]	Error
This is a Error log.
Error: This is a Error log.
    at Object.<anonymous> (C:\Users\korea\repos\JS\Inscriber\test\test\index.test.js:18:18)
    at Object.asyncJestTest (C:\Users\korea\repos\JS\Inscriber\node_modules\jest-jasmine2\build\jasmineAsyncInstall.js:106:37)
    at C:\Users\korea\repos\JS\Inscriber\node_modules\jest-jasmine2\build\queueRunner.js:45:12
    at new Promise (<anonymous>)
    at mapper (C:\Users\korea\repos\JS\Inscriber\node_modules\jest-jasmine2\build\queueRunner.js:28:19)
    at C:\Users\korea\repos\JS\Inscriber\node_modules\jest-jasmine2\build\queueRunner.js:75:41
    at processTicksAndRejections (internal/process/task_queues.js:97:5)
(November 21st 2020, 3:24:09 pm)	[ERROR]	[object Object]
(November 21st 2020, 3:24:09 pm)	[ERROR]	TypeError
This is a Type Error
TypeError: This is a Type Error
    at Object.<anonymous> (C:\Users\korea\repos\JS\Inscriber\test\test\index.test.js:21:18)
    at Object.asyncJestTest (C:\Users\korea\repos\JS\Inscriber\node_modules\jest-jasmine2\build\jasmineAsyncInstall.js:106:37)
    at C:\Users\korea\repos\JS\Inscriber\node_modules\jest-jasmine2\build\queueRunner.js:45:12
    at new Promise (<anonymous>)
    at mapper (C:\Users\korea\repos\JS\Inscriber\node_modules\jest-jasmine2\build\queueRunner.js:28:19)
    at C:\Users\korea\repos\JS\Inscriber\node_modules\jest-jasmine2\build\queueRunner.js:75:41
    at processTicksAndRejections (internal/process/task_queues.js:97:5)
(November 21st 2020, 3:24:09 pm)	[ERROR]	SyntaxError
This is a Syntax Error
SyntaxError: This is a Syntax Error
    at Object.<anonymous> (C:\Users\korea\repos\JS\Inscriber\test\test\index.test.js:22:18)
    at Object.asyncJestTest (C:\Users\korea\repos\JS\Inscriber\node_modules\jest-jasmine2\build\jasmineAsyncInstall.js:106:37)
    at C:\Users\korea\repos\JS\Inscriber\node_modules\jest-jasmine2\build\queueRunner.js:45:12
    at new Promise (<anonymous>)
    at mapper (C:\Users\korea\repos\JS\Inscriber\node_modules\jest-jasmine2\build\queueRunner.js:28:19)
    at C:\Users\korea\repos\JS\Inscriber\node_modules\jest-jasmine2\build\queueRunner.js:75:41
    at processTicksAndRejections (internal/process/task_queues.js:97:5)
(November 21st 2020, 3:24:09 pm)	[ERROR]	EvalError
This is a Eval Error
EvalError: This is a Eval Error
    at Object.<anonymous> (C:\Users\korea\repos\JS\Inscriber\test\test\index.test.js:23:18)
    at Object.asyncJestTest (C:\Users\korea\repos\JS\Inscriber\node_modules\jest-jasmine2\build\jasmineAsyncInstall.js:106:37)
    at C:\Users\korea\repos\JS\Inscriber\node_modules\jest-jasmine2\build\queueRunner.js:45:12
    at new Promise (<anonymous>)
    at mapper (C:\Users\korea\repos\JS\Inscriber\node_modules\jest-jasmine2\build\queueRunner.js:28:19)
    at C:\Users\korea\repos\JS\Inscriber\node_modules\jest-jasmine2\build\queueRunner.js:75:41
    at processTicksAndRejections (internal/process/task_queues.js:97:5)
(November 21st 2020, 3:24:10 pm)	[ERROR]	This is a error.
(November 21st 2020, 3:24:10 pm) => [C:\Users\korea\repos\JS\Inscriber\test\test_3\inscriber.test.ts]: This should write a file to './LogTests/Logs/error/**.log'
(November 21st 2020, 3:24:10 pm)	[ERROR]	testing
(November 21st 2020, 3:25:53 pm)	[ERROR]	Error
This is a Error log.
Error: This is a Error log.
    at Object.<anonymous> (C:\Users\korea\repos\JS\Inscriber\test\test\index.test.js:18:18)
    at Object.asyncJestTest (C:\Users\korea\repos\JS\Inscriber\node_modules\jest-jasmine2\build\jasmineAsyncInstall.js:106:37)
    at C:\Users\korea\repos\JS\Inscriber\node_modules\jest-jasmine2\build\queueRunner.js:45:12
    at new Promise (<anonymous>)
    at mapper (C:\Users\korea\repos\JS\Inscriber\node_modules\jest-jasmine2\build\queueRunner.js:28:19)
    at C:\Users\korea\repos\JS\Inscriber\node_modules\jest-jasmine2\build\queueRunner.js:75:41
    at processTicksAndRejections (internal/process/task_queues.js:97:5)
(November 21st 2020, 3:25:53 pm)	[ERROR]	[object Object]
(November 21st 2020, 3:25:53 pm)	[ERROR]	TypeError
This is a Type Error
TypeError: This is a Type Error
    at Object.<anonymous> (C:\Users\korea\repos\JS\Inscriber\test\test\index.test.js:21:18)
    at Object.asyncJestTest (C:\Users\korea\repos\JS\Inscriber\node_modules\jest-jasmine2\build\jasmineAsyncInstall.js:106:37)
    at C:\Users\korea\repos\JS\Inscriber\node_modules\jest-jasmine2\build\queueRunner.js:45:12
    at new Promise (<anonymous>)
    at mapper (C:\Users\korea\repos\JS\Inscriber\node_modules\jest-jasmine2\build\queueRunner.js:28:19)
    at C:\Users\korea\repos\JS\Inscriber\node_modules\jest-jasmine2\build\queueRunner.js:75:41
    at processTicksAndRejections (internal/process/task_queues.js:97:5)
(November 21st 2020, 3:25:53 pm)	[ERROR]	SyntaxError
This is a Syntax Error
SyntaxError: This is a Syntax Error
    at Object.<anonymous> (C:\Users\korea\repos\JS\Inscriber\test\test\index.test.js:22:18)
    at Object.asyncJestTest (C:\Users\korea\repos\JS\Inscriber\node_modules\jest-jasmine2\build\jasmineAsyncInstall.js:106:37)
    at C:\Users\korea\repos\JS\Inscriber\node_modules\jest-jasmine2\build\queueRunner.js:45:12
    at new Promise (<anonymous>)
    at mapper (C:\Users\korea\repos\JS\Inscriber\node_modules\jest-jasmine2\build\queueRunner.js:28:19)
    at C:\Users\korea\repos\JS\Inscriber\node_modules\jest-jasmine2\build\queueRunner.js:75:41
    at processTicksAndRejections (internal/process/task_queues.js:97:5)
(November 21st 2020, 3:25:53 pm)	[ERROR]	EvalError
This is a Eval Error
EvalError: This is a Eval Error
    at Object.<anonymous> (C:\Users\korea\repos\JS\Inscriber\test\test\index.test.js:23:18)
    at Object.asyncJestTest (C:\Users\korea\repos\JS\Inscriber\node_modules\jest-jasmine2\build\jasmineAsyncInstall.js:106:37)
    at C:\Users\korea\repos\JS\Inscriber\node_modules\jest-jasmine2\build\queueRunner.js:45:12
    at new Promise (<anonymous>)
    at mapper (C:\Users\korea\repos\JS\Inscriber\node_modules\jest-jasmine2\build\queueRunner.js:28:19)
    at C:\Users\korea\repos\JS\Inscriber\node_modules\jest-jasmine2\build\queueRunner.js:75:41
    at processTicksAndRejections (internal/process/task_queues.js:97:5)
(November 21st 2020, 3:25:53 pm)	[ERROR]	This is a error.
(November 21st 2020, 3:25:53 pm)	[ERROR]	testing
(November 21st 2020, 3:25:53 pm) => [C:\Users\korea\repos\JS\Inscriber\test\test_3\inscriber.test.ts]: This should write a file to './LogTests/Logs/error/**.log'
(November 21st 2020, 3:25:53 pm) => [C:\Users\korea\repos\JS\Inscriber\test\test_4\inscriber.test.ts] : Should automatically make the logs.
(November 21st 2020, 3:26:40 pm)	[ERROR]	testing
(November 21st 2020, 3:26:40 pm) => [C:\Users\korea\repos\JS\Inscriber\test\test_4\inscriber.test.ts] : Should automatically make the logs.
(November 21st 2020, 3:26:40 pm) => [C:\Users\korea\repos\JS\Inscriber\test\test_3\inscriber.test.ts]: This should write a file to './LogTests/Logs/error/**.log'
(November 21st 2020, 3:26:40 pm)	[ERROR]	Error
This is a Error log.
Error: This is a Error log.
    at Object.<anonymous> (C:\Users\korea\repos\JS\Inscriber\test\test\index.test.js:18:18)
    at Object.asyncJestTest (C:\Users\korea\repos\JS\Inscriber\node_modules\jest-jasmine2\build\jasmineAsyncInstall.js:106:37)
    at C:\Users\korea\repos\JS\Inscriber\node_modules\jest-jasmine2\build\queueRunner.js:45:12
    at new Promise (<anonymous>)
    at mapper (C:\Users\korea\repos\JS\Inscriber\node_modules\jest-jasmine2\build\queueRunner.js:28:19)
    at C:\Users\korea\repos\JS\Inscriber\node_modules\jest-jasmine2\build\queueRunner.js:75:41
    at processTicksAndRejections (internal/process/task_queues.js:97:5)
(November 21st 2020, 3:26:40 pm)	[ERROR]	[object Object]
(November 21st 2020, 3:26:40 pm)	[ERROR]	TypeError
This is a Type Error
TypeError: This is a Type Error
    at Object.<anonymous> (C:\Users\korea\repos\JS\Inscriber\test\test\index.test.js:21:18)
    at Object.asyncJestTest (C:\Users\korea\repos\JS\Inscriber\node_modules\jest-jasmine2\build\jasmineAsyncInstall.js:106:37)
    at C:\Users\korea\repos\JS\Inscriber\node_modules\jest-jasmine2\build\queueRunner.js:45:12
    at new Promise (<anonymous>)
    at mapper (C:\Users\korea\repos\JS\Inscriber\node_modules\jest-jasmine2\build\queueRunner.js:28:19)
    at C:\Users\korea\repos\JS\Inscriber\node_modules\jest-jasmine2\build\queueRunner.js:75:41
    at processTicksAndRejections (internal/process/task_queues.js:97:5)
(November 21st 2020, 3:26:40 pm)	[ERROR]	SyntaxError
This is a Syntax Error
SyntaxError: This is a Syntax Error
    at Object.<anonymous> (C:\Users\korea\repos\JS\Inscriber\test\test\index.test.js:22:18)
    at Object.asyncJestTest (C:\Users\korea\repos\JS\Inscriber\node_modules\jest-jasmine2\build\jasmineAsyncInstall.js:106:37)
    at C:\Users\korea\repos\JS\Inscriber\node_modules\jest-jasmine2\build\queueRunner.js:45:12
    at new Promise (<anonymous>)
    at mapper (C:\Users\korea\repos\JS\Inscriber\node_modules\jest-jasmine2\build\queueRunner.js:28:19)
    at C:\Users\korea\repos\JS\Inscriber\node_modules\jest-jasmine2\build\queueRunner.js:75:41
    at processTicksAndRejections (internal/process/task_queues.js:97:5)
(November 21st 2020, 3:26:40 pm)	[ERROR]	EvalError
This is a Eval Error
EvalError: This is a Eval Error
    at Object.<anonymous> (C:\Users\korea\repos\JS\Inscriber\test\test\index.test.js:23:18)
    at Object.asyncJestTest (C:\Users\korea\repos\JS\Inscriber\node_modules\jest-jasmine2\build\jasmineAsyncInstall.js:106:37)
    at C:\Users\korea\repos\JS\Inscriber\node_modules\jest-jasmine2\build\queueRunner.js:45:12
    at new Promise (<anonymous>)
    at mapper (C:\Users\korea\repos\JS\Inscriber\node_modules\jest-jasmine2\build\queueRunner.js:28:19)
    at C:\Users\korea\repos\JS\Inscriber\node_modules\jest-jasmine2\build\queueRunner.js:75:41
    at processTicksAndRejections (internal/process/task_queues.js:97:5)
(November 21st 2020, 3:26:40 pm)	[ERROR]	This is a error.
(November 21st 2020, 3:29:14 pm) => [C:\Users\korea\repos\JS\Inscriber\test\test_4\inscriber.test.ts] : Should automatically make the logs.
(November 21st 2020, 3:29:14 pm)	[ERROR]	testing
(November 21st 2020, 3:29:14 pm)	[ERROR]	Error
This is a Error log.
Error: This is a Error log.
    at Object.<anonymous> (C:\Users\korea\repos\JS\Inscriber\test\test\index.test.js:18:18)
    at Object.asyncJestTest (C:\Users\korea\repos\JS\Inscriber\node_modules\jest-jasmine2\build\jasmineAsyncInstall.js:106:37)
    at C:\Users\korea\repos\JS\Inscriber\node_modules\jest-jasmine2\build\queueRunner.js:45:12
    at new Promise (<anonymous>)
    at mapper (C:\Users\korea\repos\JS\Inscriber\node_modules\jest-jasmine2\build\queueRunner.js:28:19)
    at C:\Users\korea\repos\JS\Inscriber\node_modules\jest-jasmine2\build\queueRunner.js:75:41
    at processTicksAndRejections (internal/process/task_queues.js:97:5)
(November 21st 2020, 3:29:14 pm)	[ERROR]	[object Object]
(November 21st 2020, 3:29:14 pm)	[ERROR]	TypeError
This is a Type Error
TypeError: This is a Type Error
    at Object.<anonymous> (C:\Users\korea\repos\JS\Inscriber\test\test\index.test.js:21:18)
    at Object.asyncJestTest (C:\Users\korea\repos\JS\Inscriber\node_modules\jest-jasmine2\build\jasmineAsyncInstall.js:106:37)
    at C:\Users\korea\repos\JS\Inscriber\node_modules\jest-jasmine2\build\queueRunner.js:45:12
    at new Promise (<anonymous>)
    at mapper (C:\Users\korea\repos\JS\Inscriber\node_modules\jest-jasmine2\build\queueRunner.js:28:19)
    at C:\Users\korea\repos\JS\Inscriber\node_modules\jest-jasmine2\build\queueRunner.js:75:41
    at processTicksAndRejections (internal/process/task_queues.js:97:5)
(November 21st 2020, 3:29:14 pm)	[ERROR]	SyntaxError
This is a Syntax Error
SyntaxError: This is a Syntax Error
    at Object.<anonymous> (C:\Users\korea\repos\JS\Inscriber\test\test\index.test.js:22:18)
    at Object.asyncJestTest (C:\Users\korea\repos\JS\Inscriber\node_modules\jest-jasmine2\build\jasmineAsyncInstall.js:106:37)
    at C:\Users\korea\repos\JS\Inscriber\node_modules\jest-jasmine2\build\queueRunner.js:45:12
    at new Promise (<anonymous>)
    at mapper (C:\Users\korea\repos\JS\Inscriber\node_modules\jest-jasmine2\build\queueRunner.js:28:19)
    at C:\Users\korea\repos\JS\Inscriber\node_modules\jest-jasmine2\build\queueRunner.js:75:41
    at processTicksAndRejections (internal/process/task_queues.js:97:5)
(November 21st 2020, 3:29:14 pm) => [C:\Users\korea\repos\JS\Inscriber\test\test_3\inscriber.test.ts]: This should write a file to './LogTests/Logs/error/**.log'
(November 21st 2020, 3:29:14 pm)	[ERROR]	EvalError
This is a Eval Error
EvalError: This is a Eval Error
    at Object.<anonymous> (C:\Users\korea\repos\JS\Inscriber\test\test\index.test.js:23:18)
    at Object.asyncJestTest (C:\Users\korea\repos\JS\Inscriber\node_modules\jest-jasmine2\build\jasmineAsyncInstall.js:106:37)
    at C:\Users\korea\repos\JS\Inscriber\node_modules\jest-jasmine2\build\queueRunner.js:45:12
    at new Promise (<anonymous>)
    at mapper (C:\Users\korea\repos\JS\Inscriber\node_modules\jest-jasmine2\build\queueRunner.js:28:19)
    at C:\Users\korea\repos\JS\Inscriber\node_modules\jest-jasmine2\build\queueRunner.js:75:41
    at processTicksAndRejections (internal/process/task_queues.js:97:5)
(November 21st 2020, 3:29:14 pm)	[ERROR]	This is a error.
(November 21 2020, 4:21:00 pm) => [C:\Users\korea\repos\JS\Inscriber\test\test_4\inscriber.test.ts] : Should automatically make the logs.
(November 21st 2020, 4:21:00 pm) => [C:\Users\korea\repos\JS\Inscriber\test\test_3\inscriber.test.ts]: This should write a file to './LogTests/Logs/error/**.log'
(November 21 2020, 4:21:00 pm)	[ERROR]	Error
This is a Error log.
Error: This is a Error log.
    at Object.<anonymous> (C:\Users\korea\repos\JS\Inscriber\test\test\index.test.js:18:18)
    at Object.asyncJestTest (C:\Users\korea\repos\JS\Inscriber\node_modules\jest-jasmine2\build\jasmineAsyncInstall.js:106:37)
    at C:\Users\korea\repos\JS\Inscriber\node_modules\jest-jasmine2\build\queueRunner.js:45:12
    at new Promise (<anonymous>)
    at mapper (C:\Users\korea\repos\JS\Inscriber\node_modules\jest-jasmine2\build\queueRunner.js:28:19)
    at C:\Users\korea\repos\JS\Inscriber\node_modules\jest-jasmine2\build\queueRunner.js:75:41
    at processTicksAndRejections (internal/process/task_queues.js:97:5)
(November 21 2020, 4:21:00 pm)	[ERROR]	[object Object]
(November 21 2020, 4:21:00 pm)	[ERROR]	TypeError
This is a Type Error
TypeError: This is a Type Error
    at Object.<anonymous> (C:\Users\korea\repos\JS\Inscriber\test\test\index.test.js:21:18)
    at Object.asyncJestTest (C:\Users\korea\repos\JS\Inscriber\node_modules\jest-jasmine2\build\jasmineAsyncInstall.js:106:37)
    at C:\Users\korea\repos\JS\Inscriber\node_modules\jest-jasmine2\build\queueRunner.js:45:12
    at new Promise (<anonymous>)
    at mapper (C:\Users\korea\repos\JS\Inscriber\node_modules\jest-jasmine2\build\queueRunner.js:28:19)
    at C:\Users\korea\repos\JS\Inscriber\node_modules\jest-jasmine2\build\queueRunner.js:75:41
    at processTicksAndRejections (internal/process/task_queues.js:97:5)
(November 21 2020, 4:21:00 pm)	[ERROR]	SyntaxError
This is a Syntax Error
SyntaxError: This is a Syntax Error
    at Object.<anonymous> (C:\Users\korea\repos\JS\Inscriber\test\test\index.test.js:22:18)
    at Object.asyncJestTest (C:\Users\korea\repos\JS\Inscriber\node_modules\jest-jasmine2\build\jasmineAsyncInstall.js:106:37)
    at C:\Users\korea\repos\JS\Inscriber\node_modules\jest-jasmine2\build\queueRunner.js:45:12
    at new Promise (<anonymous>)
    at mapper (C:\Users\korea\repos\JS\Inscriber\node_modules\jest-jasmine2\build\queueRunner.js:28:19)
    at C:\Users\korea\repos\JS\Inscriber\node_modules\jest-jasmine2\build\queueRunner.js:75:41
    at processTicksAndRejections (internal/process/task_queues.js:97:5)
(November 21 2020, 4:21:00 pm)	[ERROR]	EvalError
This is a Eval Error
EvalError: This is a Eval Error
    at Object.<anonymous> (C:\Users\korea\repos\JS\Inscriber\test\test\index.test.js:23:18)
    at Object.asyncJestTest (C:\Users\korea\repos\JS\Inscriber\node_modules\jest-jasmine2\build\jasmineAsyncInstall.js:106:37)
    at C:\Users\korea\repos\JS\Inscriber\node_modules\jest-jasmine2\build\queueRunner.js:45:12
    at new Promise (<anonymous>)
    at mapper (C:\Users\korea\repos\JS\Inscriber\node_modules\jest-jasmine2\build\queueRunner.js:28:19)
    at C:\Users\korea\repos\JS\Inscriber\node_modules\jest-jasmine2\build\queueRunner.js:75:41
    at processTicksAndRejections (internal/process/task_queues.js:97:5)
(November 21 2020, 4:21:00 pm)	[ERROR]	This is a error.