{"C:\\Users\\korea\\repos\\JS\\Inscriber\\src\\FileSystem.ts": {"path":"C:\\Users\\korea\\repos\\JS\\Inscriber\\src\\FileSystem.ts","statementMap":{"0":{"start":{"line":12,"column":0},"end":{"line":12,"column":72}},"1":{"start":{"line":13,"column":0},"end":{"line":13,"column":34}},"2":{"start":{"line":14,"column":0},"end":{"line":14,"column":52}},"3":{"start":{"line":16,"column":0},"end":{"line":16,"column":13}},"4":{"start":{"line":22,"column":8},"end":{"line":22,"column":34}},"5":{"start":{"line":23,"column":8},"end":{"line":23,"column":32}},"6":{"start":{"line":24,"column":8},"end":{"line":24,"column":30}},"7":{"start":{"line":25,"column":8},"end":{"line":25,"column":26}},"8":{"start":{"line":28,"column":12},"end":{"line":45,"column":null}},"9":{"start":{"line":29,"column":8},"end":{"line":44,"column":null}},"10":{"start":{"line":31,"column":16},"end":{"line":31,"column":82}},"11":{"start":{"line":31,"column":70},"end":{"line":31,"column":82}},"12":{"start":{"line":32,"column":16},"end":{"line":32,"column":29}},"13":{"start":{"line":34,"column":16},"end":{"line":34,"column":81}},"14":{"start":{"line":34,"column":69},"end":{"line":34,"column":81}},"15":{"start":{"line":35,"column":16},"end":{"line":35,"column":29}},"16":{"start":{"line":37,"column":16},"end":{"line":37,"column":82}},"17":{"start":{"line":37,"column":70},"end":{"line":37,"column":82}},"18":{"start":{"line":38,"column":16},"end":{"line":38,"column":29}},"19":{"start":{"line":40,"column":16},"end":{"line":40,"column":81}},"20":{"start":{"line":40,"column":69},"end":{"line":40,"column":81}},"21":{"start":{"line":41,"column":16},"end":{"line":41,"column":29}},"22":{"start":{"line":43,"column":16},"end":{"line":43,"column":81}},"23":{"start":{"line":47,"column":12},"end":{"line":109,"column":null}},"24":{"start":{"line":48,"column":8},"end":{"line":108,"column":null}},"25":{"start":{"line":49,"column":12},"end":{"line":64,"column":null}},"26":{"start":{"line":51,"column":20},"end":{"line":51,"column":104}},"27":{"start":{"line":51,"column":92},"end":{"line":51,"column":104}},"28":{"start":{"line":52,"column":20},"end":{"line":52,"column":33}},"29":{"start":{"line":54,"column":20},"end":{"line":54,"column":103}},"30":{"start":{"line":54,"column":91},"end":{"line":54,"column":103}},"31":{"start":{"line":55,"column":20},"end":{"line":55,"column":33}},"32":{"start":{"line":57,"column":20},"end":{"line":57,"column":104}},"33":{"start":{"line":57,"column":92},"end":{"line":57,"column":104}},"34":{"start":{"line":58,"column":20},"end":{"line":58,"column":33}},"35":{"start":{"line":60,"column":20},"end":{"line":60,"column":103}},"36":{"start":{"line":60,"column":91},"end":{"line":60,"column":103}},"37":{"start":{"line":61,"column":20},"end":{"line":61,"column":33}},"38":{"start":{"line":63,"column":20},"end":{"line":63,"column":85}},"39":{"start":{"line":66,"column":12},"end":{"line":107,"column":null}},"40":{"start":{"line":68,"column":32},"end":{"line":68,"column":34}},"41":{"start":{"line":69,"column":20},"end":{"line":73,"column":null}},"42":{"start":{"line":69,"column":36},"end":{"line":69,"column":40}},"43":{"start":{"line":69,"column":36},"end":{"line":69,"column":78}},"44":{"start":{"line":69,"column":32},"end":{"line":69,"column":36}},"45":{"start":{"line":70,"column":24},"end":{"line":70,"column":37}},"46":{"start":{"line":71,"column":24},"end":{"line":71,"column":65}},"47":{"start":{"line":71,"column":48},"end":{"line":71,"column":65}},"48":{"start":{"line":72,"column":24},"end":{"line":72,"column":37}},"49":{"start":{"line":74,"column":20},"end":{"line":74,"column":104}},"50":{"start":{"line":74,"column":92},"end":{"line":74,"column":104}},"51":{"start":{"line":75,"column":20},"end":{"line":75,"column":33}},"52":{"start":{"line":78,"column":33},"end":{"line":78,"column":35}},"53":{"start":{"line":79,"column":20},"end":{"line":83,"column":null}},"54":{"start":{"line":79,"column":36},"end":{"line":79,"column":40}},"55":{"start":{"line":79,"column":36},"end":{"line":79,"column":77}},"56":{"start":{"line":79,"column":32},"end":{"line":79,"column":36}},"57":{"start":{"line":80,"column":24},"end":{"line":80,"column":38}},"58":{"start":{"line":81,"column":24},"end":{"line":81,"column":67}},"59":{"start":{"line":81,"column":49},"end":{"line":81,"column":67}},"60":{"start":{"line":82,"column":24},"end":{"line":82,"column":38}},"61":{"start":{"line":84,"column":20},"end":{"line":84,"column":103}},"62":{"start":{"line":84,"column":91},"end":{"line":84,"column":103}},"63":{"start":{"line":85,"column":20},"end":{"line":85,"column":33}},"64":{"start":{"line":87,"column":34},"end":{"line":87,"column":36}},"65":{"start":{"line":88,"column":20},"end":{"line":92,"column":null}},"66":{"start":{"line":88,"column":36},"end":{"line":88,"column":40}},"67":{"start":{"line":88,"column":36},"end":{"line":88,"column":78}},"68":{"start":{"line":88,"column":32},"end":{"line":88,"column":36}},"69":{"start":{"line":89,"column":24},"end":{"line":89,"column":39}},"70":{"start":{"line":90,"column":24},"end":{"line":90,"column":69}},"71":{"start":{"line":90,"column":50},"end":{"line":90,"column":69}},"72":{"start":{"line":91,"column":24},"end":{"line":91,"column":39}},"73":{"start":{"line":93,"column":20},"end":{"line":93,"column":104}},"74":{"start":{"line":93,"column":92},"end":{"line":93,"column":104}},"75":{"start":{"line":94,"column":20},"end":{"line":94,"column":33}},"76":{"start":{"line":97,"column":35},"end":{"line":97,"column":37}},"77":{"start":{"line":98,"column":20},"end":{"line":102,"column":null}},"78":{"start":{"line":98,"column":36},"end":{"line":98,"column":40}},"79":{"start":{"line":98,"column":36},"end":{"line":98,"column":77}},"80":{"start":{"line":98,"column":32},"end":{"line":98,"column":36}},"81":{"start":{"line":99,"column":24},"end":{"line":99,"column":40}},"82":{"start":{"line":100,"column":24},"end":{"line":100,"column":71}},"83":{"start":{"line":100,"column":51},"end":{"line":100,"column":71}},"84":{"start":{"line":101,"column":24},"end":{"line":101,"column":40}},"85":{"start":{"line":103,"column":20},"end":{"line":103,"column":103}},"86":{"start":{"line":103,"column":91},"end":{"line":103,"column":103}},"87":{"start":{"line":104,"column":20},"end":{"line":104,"column":33}},"88":{"start":{"line":106,"column":20},"end":{"line":106,"column":85}},"89":{"start":{"line":111,"column":11},"end":{"line":191,"column":null}},"90":{"start":{"line":112,"column":8},"end":{"line":190,"column":null}},"91":{"start":{"line":113,"column":12},"end":{"line":142,"column":null}},"92":{"start":{"line":115,"column":31},"end":{"line":117,"column":22}},"93":{"start":{"line":118,"column":20},"end":{"line":118,"column":49}},"94":{"start":{"line":119,"column":20},"end":{"line":119,"column":111}},"95":{"start":{"line":120,"column":20},"end":{"line":120,"column":26}},"96":{"start":{"line":122,"column":32},"end":{"line":124,"column":22}},"97":{"start":{"line":125,"column":20},"end":{"line":125,"column":50}},"98":{"start":{"line":126,"column":20},"end":{"line":126,"column":111}},"99":{"start":{"line":127,"column":20},"end":{"line":127,"column":26}},"100":{"start":{"line":129,"column":33},"end":{"line":131,"column":22}},"101":{"start":{"line":132,"column":20},"end":{"line":132,"column":51}},"102":{"start":{"line":133,"column":20},"end":{"line":133,"column":113}},"103":{"start":{"line":134,"column":20},"end":{"line":134,"column":26}},"104":{"start":{"line":136,"column":34},"end":{"line":138,"column":22}},"105":{"start":{"line":139,"column":20},"end":{"line":139,"column":52}},"106":{"start":{"line":140,"column":20},"end":{"line":140,"column":113}},"107":{"start":{"line":141,"column":20},"end":{"line":141,"column":26}},"108":{"start":{"line":144,"column":12},"end":{"line":189,"column":null}},"109":{"start":{"line":147,"column":24},"end":{"line":151,"column":45}},"110":{"start":{"line":152,"column":20},"end":{"line":154,"column":23}},"111":{"start":{"line":155,"column":20},"end":{"line":155,"column":26}},"112":{"start":{"line":158,"column":24},"end":{"line":162,"column":45}},"113":{"start":{"line":163,"column":20},"end":{"line":165,"column":23}},"114":{"start":{"line":166,"column":20},"end":{"line":166,"column":26}},"115":{"start":{"line":169,"column":24},"end":{"line":173,"column":45}},"116":{"start":{"line":174,"column":20},"end":{"line":176,"column":23}},"117":{"start":{"line":177,"column":20},"end":{"line":177,"column":26}},"118":{"start":{"line":180,"column":24},"end":{"line":184,"column":45}},"119":{"start":{"line":185,"column":20},"end":{"line":187,"column":23}},"120":{"start":{"line":188,"column":20},"end":{"line":188,"column":26}},"121":{"start":{"line":192,"column":0},"end":{"line":192,"column":null}},"122":{"start":{"line":16,"column":13},"end":{"line":16,"column":23}}},"fnMap":{"0":{"name":"(anonymous_0)","decl":{"start":{"line":16,"column":0},"end":{"line":16,"column":13}},"loc":{"start":{"line":16,"column":0},"end":{"line":192,"column":null}}},"1":{"name":"FileSystem","decl":{"start":{"line":21,"column":4},"end":{"line":21,"column":16}},"loc":{"start":{"line":21,"column":108},"end":{"line":26,"column":5}}},"2":{"name":"(anonymous_2)","decl":{"start":{"line":28,"column":4},"end":{"line":28,"column":12}},"loc":{"start":{"line":28,"column":4},"end":{"line":45,"column":5}}},"3":{"name":"(anonymous_3)","decl":{"start":{"line":47,"column":4},"end":{"line":47,"column":12}},"loc":{"start":{"line":47,"column":4},"end":{"line":109,"column":5}}},"4":{"name":"(anonymous_4)","decl":{"start":{"line":111,"column":4},"end":{"line":111,"column":11}},"loc":{"start":{"line":111,"column":4},"end":{"line":191,"column":5}}}},"branchMap":{"0":{"loc":{"start":{"line":30,"column":12},"end":{"line":32,"column":29}},"type":"switch","locations":[{"start":{"line":30,"column":12},"end":{"line":32,"column":29}},{"start":{"line":33,"column":12},"end":{"line":35,"column":29}},{"start":{"line":36,"column":12},"end":{"line":38,"column":29}},{"start":{"line":39,"column":12},"end":{"line":41,"column":29}},{"start":{"line":42,"column":12},"end":{"line":43,"column":81}}]},"1":{"loc":{"start":{"line":31,"column":16},"end":{"line":31,"column":82}},"type":"if","locations":[{"start":{"line":31,"column":16},"end":{"line":31,"column":82}},{"start":{"line":31,"column":16},"end":{"line":31,"column":82}}]},"2":{"loc":{"start":{"line":34,"column":16},"end":{"line":34,"column":81}},"type":"if","locations":[{"start":{"line":34,"column":16},"end":{"line":34,"column":81}},{"start":{"line":34,"column":16},"end":{"line":34,"column":81}}]},"3":{"loc":{"start":{"line":37,"column":16},"end":{"line":37,"column":82}},"type":"if","locations":[{"start":{"line":37,"column":16},"end":{"line":37,"column":82}},{"start":{"line":37,"column":16},"end":{"line":37,"column":82}}]},"4":{"loc":{"start":{"line":40,"column":16},"end":{"line":40,"column":81}},"type":"if","locations":[{"start":{"line":40,"column":16},"end":{"line":40,"column":81}},{"start":{"line":40,"column":16},"end":{"line":40,"column":81}}]},"5":{"loc":{"start":{"line":48,"column":8},"end":{"line":108,"column":null}},"type":"if","locations":[{"start":{"line":48,"column":8},"end":{"line":108,"column":null}},{"start":{"line":48,"column":8},"end":{"line":108,"column":null}}]},"6":{"loc":{"start":{"line":50,"column":16},"end":{"line":52,"column":33}},"type":"switch","locations":[{"start":{"line":50,"column":16},"end":{"line":52,"column":33}},{"start":{"line":53,"column":16},"end":{"line":55,"column":33}},{"start":{"line":56,"column":16},"end":{"line":58,"column":33}},{"start":{"line":59,"column":16},"end":{"line":61,"column":33}},{"start":{"line":62,"column":16},"end":{"line":63,"column":85}}]},"7":{"loc":{"start":{"line":51,"column":20},"end":{"line":51,"column":104}},"type":"if","locations":[{"start":{"line":51,"column":20},"end":{"line":51,"column":104}},{"start":{"line":51,"column":20},"end":{"line":51,"column":104}}]},"8":{"loc":{"start":{"line":54,"column":20},"end":{"line":54,"column":103}},"type":"if","locations":[{"start":{"line":54,"column":20},"end":{"line":54,"column":103}},{"start":{"line":54,"column":20},"end":{"line":54,"column":103}}]},"9":{"loc":{"start":{"line":57,"column":20},"end":{"line":57,"column":104}},"type":"if","locations":[{"start":{"line":57,"column":20},"end":{"line":57,"column":104}},{"start":{"line":57,"column":20},"end":{"line":57,"column":104}}]},"10":{"loc":{"start":{"line":60,"column":20},"end":{"line":60,"column":103}},"type":"if","locations":[{"start":{"line":60,"column":20},"end":{"line":60,"column":103}},{"start":{"line":60,"column":20},"end":{"line":60,"column":103}}]},"11":{"loc":{"start":{"line":67,"column":16},"end":{"line":75,"column":33}},"type":"switch","locations":[{"start":{"line":67,"column":16},"end":{"line":75,"column":33}},{"start":{"line":77,"column":16},"end":{"line":85,"column":33}},{"start":{"line":86,"column":16},"end":{"line":94,"column":33}},{"start":{"line":96,"column":16},"end":{"line":104,"column":33}},{"start":{"line":105,"column":16},"end":{"line":106,"column":85}}]},"12":{"loc":{"start":{"line":71,"column":24},"end":{"line":71,"column":65}},"type":"if","locations":[{"start":{"line":71,"column":24},"end":{"line":71,"column":65}},{"start":{"line":71,"column":24},"end":{"line":71,"column":65}}]},"13":{"loc":{"start":{"line":74,"column":20},"end":{"line":74,"column":104}},"type":"if","locations":[{"start":{"line":74,"column":20},"end":{"line":74,"column":104}},{"start":{"line":74,"column":20},"end":{"line":74,"column":104}}]},"14":{"loc":{"start":{"line":81,"column":24},"end":{"line":81,"column":67}},"type":"if","locations":[{"start":{"line":81,"column":24},"end":{"line":81,"column":67}},{"start":{"line":81,"column":24},"end":{"line":81,"column":67}}]},"15":{"loc":{"start":{"line":84,"column":20},"end":{"line":84,"column":103}},"type":"if","locations":[{"start":{"line":84,"column":20},"end":{"line":84,"column":103}},{"start":{"line":84,"column":20},"end":{"line":84,"column":103}}]},"16":{"loc":{"start":{"line":90,"column":24},"end":{"line":90,"column":69}},"type":"if","locations":[{"start":{"line":90,"column":24},"end":{"line":90,"column":69}},{"start":{"line":90,"column":24},"end":{"line":90,"column":69}}]},"17":{"loc":{"start":{"line":93,"column":20},"end":{"line":93,"column":104}},"type":"if","locations":[{"start":{"line":93,"column":20},"end":{"line":93,"column":104}},{"start":{"line":93,"column":20},"end":{"line":93,"column":104}}]},"18":{"loc":{"start":{"line":100,"column":24},"end":{"line":100,"column":71}},"type":"if","locations":[{"start":{"line":100,"column":24},"end":{"line":100,"column":71}},{"start":{"line":100,"column":24},"end":{"line":100,"column":71}}]},"19":{"loc":{"start":{"line":103,"column":20},"end":{"line":103,"column":103}},"type":"if","locations":[{"start":{"line":103,"column":20},"end":{"line":103,"column":103}},{"start":{"line":103,"column":20},"end":{"line":103,"column":103}}]},"20":{"loc":{"start":{"line":112,"column":8},"end":{"line":190,"column":null}},"type":"if","locations":[{"start":{"line":112,"column":8},"end":{"line":190,"column":null}},{"start":{"line":112,"column":8},"end":{"line":190,"column":null}}]},"21":{"loc":{"start":{"line":114,"column":16},"end":{"line":120,"column":26}},"type":"switch","locations":[{"start":{"line":114,"column":16},"end":{"line":120,"column":26}},{"start":{"line":121,"column":16},"end":{"line":127,"column":26}},{"start":{"line":128,"column":16},"end":{"line":134,"column":26}},{"start":{"line":135,"column":16},"end":{"line":141,"column":26}}]},"22":{"loc":{"start":{"line":145,"column":16},"end":{"line":155,"column":26}},"type":"switch","locations":[{"start":{"line":145,"column":16},"end":{"line":155,"column":26}},{"start":{"line":156,"column":16},"end":{"line":166,"column":26}},{"start":{"line":167,"column":16},"end":{"line":177,"column":26}},{"start":{"line":178,"column":16},"end":{"line":188,"column":26}}]}},"s":{"0":5,"1":5,"2":5,"3":5,"4":17,"5":17,"6":17,"7":17,"8":5,"9":17,"10":8,"11":8,"12":0,"13":3,"14":3,"15":0,"16":3,"17":3,"18":0,"19":3,"20":3,"21":0,"22":0,"23":5,"24":17,"25":17,"26":8,"27":7,"28":1,"29":3,"30":1,"31":2,"32":3,"33":2,"34":1,"35":3,"36":2,"37":1,"38":0,"39":0,"40":0,"41":0,"42":0,"43":0,"44":0,"45":0,"46":0,"47":0,"48":0,"49":0,"50":0,"51":0,"52":0,"53":0,"54":0,"55":0,"56":0,"57":0,"58":0,"59":0,"60":0,"61":0,"62":0,"63":0,"64":0,"65":0,"66":0,"67":0,"68":0,"69":0,"70":0,"71":0,"72":0,"73":0,"74":0,"75":0,"76":0,"77":0,"78":0,"79":0,"80":0,"81":0,"82":0,"83":0,"84":0,"85":0,"86":0,"87":0,"88":0,"89":5,"90":17,"91":12,"92":7,"93":7,"94":7,"95":7,"96":1,"97":1,"98":1,"99":1,"100":2,"101":2,"102":2,"103":2,"104":2,"105":2,"106":2,"107":2,"108":5,"109":1,"110":1,"111":1,"112":2,"113":2,"114":2,"115":1,"116":1,"117":1,"118":1,"119":1,"120":1,"121":5,"122":5},"f":{"0":5,"1":17,"2":17,"3":17,"4":17},"b":{"0":[8,3,3,3,0],"1":[8,0],"2":[3,0],"3":[3,0],"4":[3,0],"5":[17,0],"6":[8,3,3,3,0],"7":[7,1],"8":[1,2],"9":[2,1],"10":[2,1],"11":[0,0,0,0,0],"12":[0,0],"13":[0,0],"14":[0,0],"15":[0,0],"16":[0,0],"17":[0,0],"18":[0,0],"19":[0,0],"20":[12,5],"21":[7,1,2,2],"22":[1,2,1,1]}}
,"C:\\Users\\korea\\repos\\JS\\Inscriber\\src\\Inscriber.ts": {"path":"C:\\Users\\korea\\repos\\JS\\Inscriber\\src\\Inscriber.ts","statementMap":{"0":{"start":{"line":20,"column":0},"end":{"line":20,"column":81}},"1":{"start":{"line":22,"column":0},"end":{"line":22,"column":52}},"2":{"start":{"line":33,"column":0},"end":{"line":33,"column":13}},"3":{"start":{"line":50,"column":8},"end":{"line":54,"column":null}},"4":{"start":{"line":51,"column":26},"end":{"line":51,"column":47}},"5":{"start":{"line":52,"column":12},"end":{"line":52,"column":39}},"6":{"start":{"line":53,"column":12},"end":{"line":53,"column":33}},"7":{"start":{"line":78,"column":4},"end":{"line":84,"column":null}},"8":{"start":{"line":79,"column":8},"end":{"line":83,"column":10}},"9":{"start":{"line":95,"column":4},"end":{"line":101,"column":null}},"10":{"start":{"line":96,"column":8},"end":{"line":100,"column":10}},"11":{"start":{"line":117,"column":4},"end":{"line":123,"column":null}},"12":{"start":{"line":118,"column":8},"end":{"line":122,"column":10}},"13":{"start":{"line":140,"column":4},"end":{"line":146,"column":null}},"14":{"start":{"line":141,"column":8},"end":{"line":145,"column":10}},"15":{"start":{"line":147,"column":0},"end":{"line":147,"column":null}},"16":{"start":{"line":33,"column":13},"end":{"line":33,"column":22}}},"fnMap":{"0":{"name":"(anonymous_0)","decl":{"start":{"line":33,"column":0},"end":{"line":33,"column":13}},"loc":{"start":{"line":33,"column":0},"end":{"line":147,"column":null}}},"1":{"name":"Inscriber","decl":{"start":{"line":49,"column":4},"end":{"line":49,"column":16}},"loc":{"start":{"line":49,"column":31},"end":{"line":55,"column":5}}},"2":{"name":"(anonymous_2)","decl":{"start":{"line":78,"column":4},"end":{"line":78,"column":9}},"loc":{"start":{"line":78,"column":22},"end":{"line":84,"column":5}}},"3":{"name":"(anonymous_3)","decl":{"start":{"line":95,"column":4},"end":{"line":95,"column":8}},"loc":{"start":{"line":95,"column":21},"end":{"line":101,"column":5}}},"4":{"name":"(anonymous_4)","decl":{"start":{"line":117,"column":4},"end":{"line":117,"column":9}},"loc":{"start":{"line":117,"column":22},"end":{"line":123,"column":5}}},"5":{"name":"(anonymous_5)","decl":{"start":{"line":140,"column":4},"end":{"line":140,"column":8}},"loc":{"start":{"line":140,"column":21},"end":{"line":146,"column":5}}}},"branchMap":{"0":{"loc":{"start":{"line":50,"column":8},"end":{"line":54,"column":null}},"type":"if","locations":[{"start":{"line":50,"column":8},"end":{"line":54,"column":null}},{"start":{"line":50,"column":8},"end":{"line":54,"column":null}}]},"1":{"loc":{"start":{"line":82,"column":50},"end":{"line":82,"column":52}},"type":"cond-expr","locations":[{"start":{"line":82,"column":50},"end":{"line":82,"column":52}},{"start":{"line":82,"column":54},"end":{"line":82,"column":77}}]},"2":{"loc":{"start":{"line":82,"column":24},"end":{"line":82,"column":26}},"type":"cond-expr","locations":[{"start":{"line":82,"column":24},"end":{"line":82,"column":26}},{"start":{"line":82,"column":24},"end":{"line":82,"column":34}}]},"3":{"loc":{"start":{"line":82,"column":12},"end":{"line":82,"column":26}},"type":"binary-expr","locations":[{"start":{"line":82,"column":12},"end":{"line":82,"column":26}},{"start":{"line":82,"column":24},"end":{"line":82,"column":26}}]},"4":{"loc":{"start":{"line":82,"column":67},"end":{"line":82,"column":69}},"type":"cond-expr","locations":[{"start":{"line":82,"column":67},"end":{"line":82,"column":69}},{"start":{"line":82,"column":67},"end":{"line":82,"column":77}}]},"5":{"loc":{"start":{"line":82,"column":54},"end":{"line":82,"column":69}},"type":"binary-expr","locations":[{"start":{"line":82,"column":54},"end":{"line":82,"column":69}},{"start":{"line":82,"column":67},"end":{"line":82,"column":69}}]},"6":{"loc":{"start":{"line":99,"column":50},"end":{"line":99,"column":52}},"type":"cond-expr","locations":[{"start":{"line":99,"column":50},"end":{"line":99,"column":52}},{"start":{"line":99,"column":54},"end":{"line":99,"column":77}}]},"7":{"loc":{"start":{"line":99,"column":24},"end":{"line":99,"column":26}},"type":"cond-expr","locations":[{"start":{"line":99,"column":24},"end":{"line":99,"column":26}},{"start":{"line":99,"column":24},"end":{"line":99,"column":34}}]},"8":{"loc":{"start":{"line":99,"column":12},"end":{"line":99,"column":26}},"type":"binary-expr","locations":[{"start":{"line":99,"column":12},"end":{"line":99,"column":26}},{"start":{"line":99,"column":24},"end":{"line":99,"column":26}}]},"9":{"loc":{"start":{"line":99,"column":67},"end":{"line":99,"column":69}},"type":"cond-expr","locations":[{"start":{"line":99,"column":67},"end":{"line":99,"column":69}},{"start":{"line":99,"column":67},"end":{"line":99,"column":77}}]},"10":{"loc":{"start":{"line":99,"column":54},"end":{"line":99,"column":69}},"type":"binary-expr","locations":[{"start":{"line":99,"column":54},"end":{"line":99,"column":69}},{"start":{"line":99,"column":67},"end":{"line":99,"column":69}}]},"11":{"loc":{"start":{"line":121,"column":50},"end":{"line":121,"column":52}},"type":"cond-expr","locations":[{"start":{"line":121,"column":50},"end":{"line":121,"column":52}},{"start":{"line":121,"column":54},"end":{"line":121,"column":77}}]},"12":{"loc":{"start":{"line":121,"column":24},"end":{"line":121,"column":26}},"type":"cond-expr","locations":[{"start":{"line":121,"column":24},"end":{"line":121,"column":26}},{"start":{"line":121,"column":24},"end":{"line":121,"column":34}}]},"13":{"loc":{"start":{"line":121,"column":12},"end":{"line":121,"column":26}},"type":"binary-expr","locations":[{"start":{"line":121,"column":12},"end":{"line":121,"column":26}},{"start":{"line":121,"column":24},"end":{"line":121,"column":26}}]},"14":{"loc":{"start":{"line":121,"column":67},"end":{"line":121,"column":69}},"type":"cond-expr","locations":[{"start":{"line":121,"column":67},"end":{"line":121,"column":69}},{"start":{"line":121,"column":67},"end":{"line":121,"column":77}}]},"15":{"loc":{"start":{"line":121,"column":54},"end":{"line":121,"column":69}},"type":"binary-expr","locations":[{"start":{"line":121,"column":54},"end":{"line":121,"column":69}},{"start":{"line":121,"column":67},"end":{"line":121,"column":69}}]},"16":{"loc":{"start":{"line":144,"column":50},"end":{"line":144,"column":52}},"type":"cond-expr","locations":[{"start":{"line":144,"column":50},"end":{"line":144,"column":52}},{"start":{"line":144,"column":54},"end":{"line":144,"column":77}}]},"17":{"loc":{"start":{"line":144,"column":24},"end":{"line":144,"column":26}},"type":"cond-expr","locations":[{"start":{"line":144,"column":24},"end":{"line":144,"column":26}},{"start":{"line":144,"column":24},"end":{"line":144,"column":34}}]},"18":{"loc":{"start":{"line":144,"column":12},"end":{"line":144,"column":26}},"type":"binary-expr","locations":[{"start":{"line":144,"column":12},"end":{"line":144,"column":26}},{"start":{"line":144,"column":24},"end":{"line":144,"column":26}}]},"19":{"loc":{"start":{"line":144,"column":67},"end":{"line":144,"column":69}},"type":"cond-expr","locations":[{"start":{"line":144,"column":67},"end":{"line":144,"column":69}},{"start":{"line":144,"column":67},"end":{"line":144,"column":77}}]},"20":{"loc":{"start":{"line":144,"column":54},"end":{"line":144,"column":69}},"type":"binary-expr","locations":[{"start":{"line":144,"column":54},"end":{"line":144,"column":69}},{"start":{"line":144,"column":67},"end":{"line":144,"column":69}}]}},"s":{"0":5,"1":5,"2":5,"3":11,"4":2,"5":2,"6":2,"7":5,"8":15,"9":5,"10":4,"11":5,"12":5,"13":5,"14":3,"15":5,"16":5},"f":{"0":5,"1":11,"2":15,"3":4,"4":5,"5":3},"b":{"0":[2,9],"1":[0,15],"2":[0,15],"3":[15,15],"4":[0,15],"5":[15,15],"6":[0,4],"7":[0,4],"8":[4,4],"9":[0,4],"10":[4,4],"11":[0,5],"12":[0,5],"13":[5,5],"14":[0,5],"15":[5,5],"16":[0,3],"17":[0,3],"18":[3,3],"19":[0,3],"20":[3,3]}}
,"C:\\Users\\korea\\repos\\JS\\Inscriber\\src\\InscriberConfig.ts": {"path":"C:\\Users\\korea\\repos\\JS\\Inscriber\\src\\InscriberConfig.ts","statementMap":{"0":{"start":{"line":11,"column":0},"end":{"line":11,"column":74}},"1":{"start":{"line":13,"column":0},"end":{"line":13,"column":52}},"2":{"start":{"line":15,"column":0},"end":{"line":15,"column":13}},"3":{"start":{"line":16,"column":12},"end":{"line":16,"column":48}},"4":{"start":{"line":27,"column":12},"end":{"line":66,"column":6}},"5":{"start":{"line":75,"column":11},"end":{"line":75,"column":23}},"6":{"start":{"line":76,"column":11},"end":{"line":76,"column":41}},"7":{"start":{"line":77,"column":12},"end":{"line":77,"column":56}},"8":{"start":{"line":87,"column":12},"end":{"line":90,"column":null}},"9":{"start":{"line":88,"column":8},"end":{"line":88,"column":79}},"10":{"start":{"line":88,"column":67},"end":{"line":88,"column":79}},"11":{"start":{"line":89,"column":8},"end":{"line":89,"column":21}},"12":{"start":{"line":92,"column":12},"end":{"line":95,"column":null}},"13":{"start":{"line":93,"column":8},"end":{"line":93,"column":60}},"14":{"start":{"line":93,"column":40},"end":{"line":93,"column":60}},"15":{"start":{"line":94,"column":8},"end":{"line":94,"column":94}},"16":{"start":{"line":97,"column":12},"end":{"line":101,"column":null}},"17":{"start":{"line":98,"column":19},"end":{"line":98,"column":56}},"18":{"start":{"line":99,"column":8},"end":{"line":99,"column":86}},"19":{"start":{"line":100,"column":8},"end":{"line":100,"column":57}},"20":{"start":{"line":107,"column":11},"end":{"line":109,"column":null}},"21":{"start":{"line":108,"column":8},"end":{"line":108,"column":44}},"22":{"start":{"line":111,"column":12},"end":{"line":116,"column":null}},"23":{"start":{"line":112,"column":30},"end":{"line":112,"column":32}},"24":{"start":{"line":113,"column":8},"end":{"line":113,"column":78}},"25":{"start":{"line":113,"column":40},"end":{"line":113,"column":78}},"26":{"start":{"line":114,"column":8},"end":{"line":114,"column":null}},"27":{"start":{"line":114,"column":25},"end":{"line":114,"column":30}},"28":{"start":{"line":114,"column":21},"end":{"line":114,"column":25}},"29":{"start":{"line":114,"column":32},"end":{"line":114,"column":102}},"30":{"start":{"line":114,"column":69},"end":{"line":114,"column":102}},"31":{"start":{"line":115,"column":8},"end":{"line":115,"column":32}},"32":{"start":{"line":118,"column":11},"end":{"line":128,"column":null}},"33":{"start":{"line":119,"column":8},"end":{"line":119,"column":29}},"34":{"start":{"line":120,"column":8},"end":{"line":127,"column":null}},"35":{"start":{"line":121,"column":12},"end":{"line":126,"column":null}},"36":{"start":{"line":122,"column":16},"end":{"line":122,"column":38}},"37":{"start":{"line":123,"column":16},"end":{"line":123,"column":36}},"38":{"start":{"line":125,"column":16},"end":{"line":125,"column":39}},"39":{"start":{"line":129,"column":12},"end":{"line":135,"column":null}},"40":{"start":{"line":130,"column":19},"end":{"line":130,"column":55}},"41":{"start":{"line":131,"column":8},"end":{"line":133,"column":11}},"42":{"start":{"line":134,"column":8},"end":{"line":134,"column":47}},"43":{"start":{"line":137,"column":0},"end":{"line":137,"column":null}},"44":{"start":{"line":15,"column":13},"end":{"line":15,"column":28}}},"fnMap":{"0":{"name":"(anonymous_0)","decl":{"start":{"line":15,"column":0},"end":{"line":15,"column":13}},"loc":{"start":{"line":15,"column":0},"end":{"line":137,"column":null}}},"1":{"name":"(anonymous_2)","decl":{"start":{"line":87,"column":4},"end":{"line":87,"column":12}},"loc":{"start":{"line":87,"column":4},"end":{"line":90,"column":5}}},"2":{"name":"(anonymous_3)","decl":{"start":{"line":92,"column":4},"end":{"line":92,"column":12}},"loc":{"start":{"line":92,"column":4},"end":{"line":95,"column":5}}},"3":{"name":"(anonymous_4)","decl":{"start":{"line":97,"column":4},"end":{"line":97,"column":12}},"loc":{"start":{"line":97,"column":4},"end":{"line":101,"column":5}}},"4":{"name":"(anonymous_5)","decl":{"start":{"line":107,"column":4},"end":{"line":107,"column":11}},"loc":{"start":{"line":107,"column":4},"end":{"line":109,"column":5}}},"5":{"name":"(anonymous_6)","decl":{"start":{"line":111,"column":4},"end":{"line":111,"column":12}},"loc":{"start":{"line":111,"column":35},"end":{"line":116,"column":5}}},"6":{"name":"(anonymous_7)","decl":{"start":{"line":118,"column":4},"end":{"line":118,"column":11}},"loc":{"start":{"line":118,"column":36},"end":{"line":128,"column":5}}},"7":{"name":"(anonymous_8)","decl":{"start":{"line":129,"column":4},"end":{"line":129,"column":12}},"loc":{"start":{"line":129,"column":4},"end":{"line":135,"column":5}}}},"branchMap":{"0":{"loc":{"start":{"line":88,"column":8},"end":{"line":88,"column":79}},"type":"if","locations":[{"start":{"line":88,"column":8},"end":{"line":88,"column":79}},{"start":{"line":88,"column":8},"end":{"line":88,"column":79}}]},"1":{"loc":{"start":{"line":88,"column":38},"end":{"line":88,"column":40}},"type":"cond-expr","locations":[{"start":{"line":88,"column":38},"end":{"line":88,"column":40}},{"start":{"line":88,"column":38},"end":{"line":88,"column":44}}]},"2":{"loc":{"start":{"line":88,"column":23},"end":{"line":88,"column":40}},"type":"binary-expr","locations":[{"start":{"line":88,"column":23},"end":{"line":88,"column":40}},{"start":{"line":88,"column":38},"end":{"line":88,"column":40}}]},"3":{"loc":{"start":{"line":93,"column":8},"end":{"line":93,"column":60}},"type":"if","locations":[{"start":{"line":93,"column":8},"end":{"line":93,"column":60}},{"start":{"line":93,"column":8},"end":{"line":93,"column":60}}]},"4":{"loc":{"start":{"line":94,"column":43},"end":{"line":94,"column":45}},"type":"cond-expr","locations":[{"start":{"line":94,"column":43},"end":{"line":94,"column":45}},{"start":{"line":94,"column":43},"end":{"line":94,"column":49}}]},"5":{"loc":{"start":{"line":94,"column":28},"end":{"line":94,"column":45}},"type":"binary-expr","locations":[{"start":{"line":94,"column":28},"end":{"line":94,"column":45}},{"start":{"line":94,"column":43},"end":{"line":94,"column":45}}]},"6":{"loc":{"start":{"line":99,"column":37},"end":{"line":99,"column":39}},"type":"cond-expr","locations":[{"start":{"line":99,"column":37},"end":{"line":99,"column":39}},{"start":{"line":99,"column":37},"end":{"line":99,"column":43}}]},"7":{"loc":{"start":{"line":99,"column":22},"end":{"line":99,"column":39}},"type":"binary-expr","locations":[{"start":{"line":99,"column":22},"end":{"line":99,"column":39}},{"start":{"line":99,"column":37},"end":{"line":99,"column":39}}]},"8":{"loc":{"start":{"line":113,"column":8},"end":{"line":113,"column":78}},"type":"if","locations":[{"start":{"line":113,"column":8},"end":{"line":113,"column":78}},{"start":{"line":113,"column":8},"end":{"line":113,"column":78}}]},"9":{"loc":{"start":{"line":114,"column":32},"end":{"line":114,"column":102}},"type":"if","locations":[{"start":{"line":114,"column":32},"end":{"line":114,"column":102}},{"start":{"line":114,"column":32},"end":{"line":114,"column":102}}]},"10":{"loc":{"start":{"line":120,"column":8},"end":{"line":127,"column":null}},"type":"if","locations":[{"start":{"line":120,"column":8},"end":{"line":127,"column":null}},{"start":{"line":120,"column":8},"end":{"line":127,"column":null}}]},"11":{"loc":{"start":{"line":121,"column":12},"end":{"line":126,"column":null}},"type":"if","locations":[{"start":{"line":121,"column":12},"end":{"line":126,"column":null}},{"start":{"line":121,"column":12},"end":{"line":126,"column":null}}]},"12":{"loc":{"start":{"line":131,"column":59},"end":{"line":131,"column":63}},"type":"cond-expr","locations":[{"start":{"line":131,"column":59},"end":{"line":131,"column":63}},{"start":{"line":131,"column":66},"end":{"line":131,"column":83}}]},"13":{"loc":{"start":{"line":131,"column":37},"end":{"line":131,"column":39}},"type":"cond-expr","locations":[{"start":{"line":131,"column":37},"end":{"line":131,"column":39}},{"start":{"line":131,"column":37},"end":{"line":131,"column":43}}]},"14":{"loc":{"start":{"line":131,"column":25},"end":{"line":131,"column":39}},"type":"binary-expr","locations":[{"start":{"line":131,"column":25},"end":{"line":131,"column":39}},{"start":{"line":131,"column":37},"end":{"line":131,"column":39}}]}},"s":{"0":5,"1":5,"2":5,"3":31,"4":31,"5":31,"6":31,"7":31,"8":5,"9":31,"10":31,"11":0,"12":5,"13":29,"14":0,"15":29,"16":5,"17":0,"18":0,"19":0,"20":5,"21":29,"22":5,"23":124,"24":124,"25":124,"26":124,"27":248,"28":868,"29":868,"30":124,"31":0,"32":5,"33":2,"34":2,"35":2,"36":0,"37":0,"38":2,"39":5,"40":2,"41":2,"42":2,"43":5,"44":5},"f":{"0":36,"1":31,"2":29,"3":0,"4":29,"5":124,"6":2,"7":2},"b":{"0":[31,0],"1":[0,31],"2":[31,31],"3":[0,29],"4":[0,29],"5":[29,29],"6":[0,0],"7":[0,0],"8":[124,0],"9":[124,744],"10":[2,0],"11":[0,2],"12":[0,2],"13":[0,2],"14":[2,2]}}
,"C:\\Users\\korea\\repos\\JS\\Inscriber\\src\\InscriberSystem.ts": {"path":"C:\\Users\\korea\\repos\\JS\\Inscriber\\src\\InscriberSystem.ts","statementMap":{"0":{"start":{"line":11,"column":0},"end":{"line":11,"column":32}},"1":{"start":{"line":26,"column":0},"end":{"line":26,"column":13}},"2":{"start":{"line":31,"column":24},"end":{"line":31,"column":111}},"3":{"start":{"line":32,"column":8},"end":{"line":32,"column":109}},"4":{"start":{"line":33,"column":8},"end":{"line":33,"column":111}},"5":{"start":{"line":34,"column":8},"end":{"line":34,"column":111}},"6":{"start":{"line":35,"column":8},"end":{"line":35,"column":35}},"7":{"start":{"line":37,"column":8},"end":{"line":38,"column":123}},"8":{"start":{"line":40,"column":8},"end":{"line":41,"column":121}},"9":{"start":{"line":42,"column":8},"end":{"line":42,"column":115}},"10":{"start":{"line":45,"column":11},"end":{"line":47,"column":null}},"11":{"start":{"line":46,"column":8},"end":{"line":46,"column":101}},"12":{"start":{"line":49,"column":11},"end":{"line":51,"column":null}},"13":{"start":{"line":50,"column":8},"end":{"line":50,"column":30}},"14":{"start":{"line":52,"column":0},"end":{"line":52,"column":null}},"15":{"start":{"line":26,"column":13},"end":{"line":26,"column":28}}},"fnMap":{"0":{"name":"(anonymous_0)","decl":{"start":{"line":26,"column":0},"end":{"line":26,"column":13}},"loc":{"start":{"line":26,"column":0},"end":{"line":52,"column":null}}},"1":{"name":"InscriberSystem","decl":{"start":{"line":30,"column":4},"end":{"line":30,"column":null}},"loc":{"start":{"line":30,"column":4},"end":{"line":43,"column":5}}},"2":{"name":"(anonymous_2)","decl":{"start":{"line":45,"column":4},"end":{"line":45,"column":11}},"loc":{"start":{"line":45,"column":4},"end":{"line":47,"column":5}}},"3":{"name":"(anonymous_3)","decl":{"start":{"line":49,"column":4},"end":{"line":49,"column":11}},"loc":{"start":{"line":49,"column":4},"end":{"line":51,"column":5}}}},"branchMap":{},"s":{"0":5,"1":5,"2":5,"3":5,"4":5,"5":5,"6":5,"7":5,"8":5,"9":5,"10":5,"11":0,"12":5,"13":5,"14":5,"15":5},"f":{"0":5,"1":5,"2":0,"3":5},"b":{}}
,"C:\\Users\\korea\\repos\\JS\\Inscriber\\src\\index.ts": {"path":"C:\\Users\\korea\\repos\\JS\\Inscriber\\src\\index.ts","statementMap":{"0":{"start":{"line":20,"column":0},"end":{"line":20,"column":28}},"1":{"start":{"line":22,"column":0},"end":{"line":22,"column":50}}},"fnMap":{},"branchMap":{},"s":{"0":5,"1":5},"f":{},"b":{}}
,"C:\\Users\\korea\\repos\\JS\\Inscriber\\src\\builders\\InscriberConfigBuilder.ts": {"path":"C:\\Users\\korea\\repos\\JS\\Inscriber\\src\\builders\\InscriberConfigBuilder.ts","statementMap":{"0":{"start":{"line":14,"column":0},"end":{"line":14,"column":53}},"1":{"start":{"line":25,"column":0},"end":{"line":25,"column":13}},"2":{"start":{"line":38,"column":8},"end":{"line":38,"column":52}},"3":{"start":{"line":39,"column":8},"end":{"line":39,"column":47}},"4":{"start":{"line":52,"column":11},"end":{"line":55,"column":null}},"5":{"start":{"line":52,"column":23},"end":{"line":52,"column":null}},"6":{"start":{"line":53,"column":8},"end":{"line":53,"column":46}},"7":{"start":{"line":54,"column":8},"end":{"line":54,"column":20}},"8":{"start":{"line":67,"column":11},"end":{"line":70,"column":null}},"9":{"start":{"line":67,"column":19},"end":{"line":67,"column":null}},"10":{"start":{"line":68,"column":8},"end":{"line":68,"column":37}},"11":{"start":{"line":69,"column":8},"end":{"line":69,"column":20}},"12":{"start":{"line":82,"column":11},"end":{"line":85,"column":null}},"13":{"start":{"line":82,"column":21},"end":{"line":82,"column":null}},"14":{"start":{"line":83,"column":8},"end":{"line":83,"column":39}},"15":{"start":{"line":84,"column":8},"end":{"line":84,"column":20}},"16":{"start":{"line":96,"column":11},"end":{"line":109,"column":null}},"17":{"start":{"line":97,"column":8},"end":{"line":97,"column":13}},"18":{"start":{"line":97,"column":13},"end":{"line":97,"column":null}},"19":{"start":{"line":98,"column":8},"end":{"line":98,"column":12}},"20":{"start":{"line":98,"column":12},"end":{"line":98,"column":null}},"21":{"start":{"line":99,"column":8},"end":{"line":99,"column":13}},"22":{"start":{"line":99,"column":13},"end":{"line":99,"column":null}},"23":{"start":{"line":100,"column":8},"end":{"line":100,"column":12}},"24":{"start":{"line":100,"column":12},"end":{"line":100,"column":null}},"25":{"start":{"line":102,"column":8},"end":{"line":107,"column":10}},"26":{"start":{"line":108,"column":8},"end":{"line":108,"column":20}},"27":{"start":{"line":120,"column":11},"end":{"line":146,"column":null}},"28":{"start":{"line":121,"column":8},"end":{"line":121,"column":13}},"29":{"start":{"line":121,"column":13},"end":{"line":124,"column":null}},"30":{"start":{"line":125,"column":8},"end":{"line":125,"column":12}},"31":{"start":{"line":125,"column":12},"end":{"line":128,"column":null}},"32":{"start":{"line":129,"column":8},"end":{"line":129,"column":13}},"33":{"start":{"line":129,"column":13},"end":{"line":132,"column":null}},"34":{"start":{"line":133,"column":8},"end":{"line":133,"column":12}},"35":{"start":{"line":133,"column":12},"end":{"line":136,"column":null}},"36":{"start":{"line":138,"column":8},"end":{"line":143,"column":10}},"37":{"start":{"line":145,"column":8},"end":{"line":145,"column":20}},"38":{"start":{"line":160,"column":11},"end":{"line":173,"column":null}},"39":{"start":{"line":161,"column":8},"end":{"line":161,"column":13}},"40":{"start":{"line":161,"column":13},"end":{"line":161,"column":null}},"41":{"start":{"line":162,"column":8},"end":{"line":162,"column":12}},"42":{"start":{"line":162,"column":12},"end":{"line":162,"column":null}},"43":{"start":{"line":163,"column":8},"end":{"line":163,"column":13}},"44":{"start":{"line":163,"column":13},"end":{"line":163,"column":null}},"45":{"start":{"line":164,"column":8},"end":{"line":164,"column":12}},"46":{"start":{"line":164,"column":12},"end":{"line":164,"column":null}},"47":{"start":{"line":166,"column":8},"end":{"line":171,"column":10}},"48":{"start":{"line":172,"column":8},"end":{"line":172,"column":20}},"49":{"start":{"line":186,"column":11},"end":{"line":188,"column":null}},"50":{"start":{"line":187,"column":8},"end":{"line":187,"column":27}},"51":{"start":{"line":190,"column":0},"end":{"line":190,"column":null}},"52":{"start":{"line":25,"column":13},"end":{"line":25,"column":35}}},"fnMap":{"0":{"name":"(anonymous_0)","decl":{"start":{"line":25,"column":0},"end":{"line":25,"column":13}},"loc":{"start":{"line":25,"column":0},"end":{"line":190,"column":null}}},"1":{"name":"InscriberConfigBuilder","decl":{"start":{"line":37,"column":4},"end":{"line":37,"column":null}},"loc":{"start":{"line":37,"column":4},"end":{"line":40,"column":5}}},"2":{"name":"(anonymous_2)","decl":{"start":{"line":52,"column":4},"end":{"line":52,"column":11}},"loc":{"start":{"line":52,"column":66},"end":{"line":55,"column":5}}},"3":{"name":"(anonymous_3)","decl":{"start":{"line":67,"column":4},"end":{"line":67,"column":11}},"loc":{"start":{"line":67,"column":37},"end":{"line":70,"column":5}}},"4":{"name":"(anonymous_4)","decl":{"start":{"line":82,"column":4},"end":{"line":82,"column":11}},"loc":{"start":{"line":82,"column":39},"end":{"line":85,"column":5}}},"5":{"name":"(anonymous_5)","decl":{"start":{"line":96,"column":4},"end":{"line":96,"column":11}},"loc":{"start":{"line":101,"column":5},"end":{"line":109,"column":5}}},"6":{"name":"(anonymous_6)","decl":{"start":{"line":120,"column":4},"end":{"line":120,"column":11}},"loc":{"start":{"line":137,"column":5},"end":{"line":146,"column":5}}},"7":{"name":"(anonymous_7)","decl":{"start":{"line":160,"column":4},"end":{"line":160,"column":11}},"loc":{"start":{"line":165,"column":5},"end":{"line":173,"column":5}}},"8":{"name":"(anonymous_8)","decl":{"start":{"line":186,"column":4},"end":{"line":186,"column":11}},"loc":{"start":{"line":186,"column":4},"end":{"line":188,"column":5}}}},"branchMap":{"0":{"loc":{"start":{"line":52,"column":23},"end":{"line":52,"column":null}},"type":"if","locations":[{"start":{"line":52,"column":23},"end":{"line":52,"column":null}},{"start":{"line":52,"column":23},"end":{"line":52,"column":null}}]},"1":{"loc":{"start":{"line":67,"column":19},"end":{"line":67,"column":null}},"type":"if","locations":[{"start":{"line":67,"column":19},"end":{"line":67,"column":null}},{"start":{"line":67,"column":19},"end":{"line":67,"column":null}}]},"2":{"loc":{"start":{"line":82,"column":21},"end":{"line":82,"column":null}},"type":"if","locations":[{"start":{"line":82,"column":21},"end":{"line":82,"column":null}},{"start":{"line":82,"column":21},"end":{"line":82,"column":null}}]},"3":{"loc":{"start":{"line":97,"column":16},"end":{"line":97,"column":51}},"type":"cond-expr","locations":[{"start":{"line":97,"column":16},"end":{"line":97,"column":51}},{"start":{"line":97,"column":51},"end":{"line":97,"column":null}}]},"4":{"loc":{"start":{"line":98,"column":15},"end":{"line":98,"column":50}},"type":"cond-expr","locations":[{"start":{"line":98,"column":15},"end":{"line":98,"column":50}},{"start":{"line":98,"column":50},"end":{"line":98,"column":null}}]},"5":{"loc":{"start":{"line":99,"column":16},"end":{"line":99,"column":51}},"type":"cond-expr","locations":[{"start":{"line":99,"column":16},"end":{"line":99,"column":51}},{"start":{"line":99,"column":51},"end":{"line":99,"column":null}}]},"6":{"loc":{"start":{"line":100,"column":15},"end":{"line":100,"column":50}},"type":"cond-expr","locations":[{"start":{"line":100,"column":15},"end":{"line":100,"column":50}},{"start":{"line":100,"column":50},"end":{"line":100,"column":null}}]},"7":{"loc":{"start":{"line":121,"column":16},"end":{"line":124,"column":null}},"type":"cond-expr","locations":[{"start":{"line":121,"column":16},"end":{"line":124,"column":null}},{"start":{"line":124,"column":9},"end":{"line":124,"column":null}}]},"8":{"loc":{"start":{"line":125,"column":15},"end":{"line":128,"column":null}},"type":"cond-expr","locations":[{"start":{"line":125,"column":15},"end":{"line":128,"column":null}},{"start":{"line":128,"column":9},"end":{"line":128,"column":null}}]},"9":{"loc":{"start":{"line":129,"column":16},"end":{"line":132,"column":null}},"type":"cond-expr","locations":[{"start":{"line":129,"column":16},"end":{"line":132,"column":null}},{"start":{"line":132,"column":9},"end":{"line":132,"column":null}}]},"10":{"loc":{"start":{"line":133,"column":15},"end":{"line":136,"column":null}},"type":"cond-expr","locations":[{"start":{"line":133,"column":15},"end":{"line":136,"column":null}},{"start":{"line":136,"column":9},"end":{"line":136,"column":null}}]},"11":{"loc":{"start":{"line":161,"column":16},"end":{"line":161,"column":30}},"type":"cond-expr","locations":[{"start":{"line":161,"column":16},"end":{"line":161,"column":30}},{"start":{"line":161,"column":30},"end":{"line":161,"column":null}}]},"12":{"loc":{"start":{"line":162,"column":15},"end":{"line":162,"column":28}},"type":"cond-expr","locations":[{"start":{"line":162,"column":15},"end":{"line":162,"column":28}},{"start":{"line":162,"column":28},"end":{"line":162,"column":null}}]},"13":{"loc":{"start":{"line":163,"column":16},"end":{"line":163,"column":30}},"type":"cond-expr","locations":[{"start":{"line":163,"column":16},"end":{"line":163,"column":30}},{"start":{"line":163,"column":30},"end":{"line":163,"column":null}}]},"14":{"loc":{"start":{"line":164,"column":15},"end":{"line":164,"column":28}},"type":"cond-expr","locations":[{"start":{"line":164,"column":15},"end":{"line":164,"column":28}},{"start":{"line":164,"column":28},"end":{"line":164,"column":null}}]}},"s":{"0":5,"1":5,"2":2,"3":2,"4":5,"5":0,"6":0,"7":0,"8":5,"9":0,"10":0,"11":0,"12":5,"13":2,"14":2,"15":2,"16":5,"17":1,"18":1,"19":1,"20":1,"21":1,"22":1,"23":1,"24":1,"25":1,"26":1,"27":5,"28":0,"29":0,"30":0,"31":0,"32":0,"33":0,"34":0,"35":0,"36":0,"37":0,"38":5,"39":0,"40":0,"41":0,"42":0,"43":0,"44":0,"45":0,"46":0,"47":0,"48":0,"49":5,"50":2,"51":5,"52":5},"f":{"0":5,"1":2,"2":0,"3":0,"4":2,"5":1,"6":0,"7":0,"8":2},"b":{"0":[0,0],"1":[0,0],"2":[0,2],"3":[0,1],"4":[1,0],"5":[1,0],"6":[1,0],"7":[0,0],"8":[0,0],"9":[0,0],"10":[0,0],"11":[0,0],"12":[0,0],"13":[0,0],"14":[0,0]}}
,"C:\\Users\\korea\\repos\\JS\\Inscriber\\src\\classes\\Debug.ts": {"path":"C:\\Users\\korea\\repos\\JS\\Inscriber\\src\\classes\\Debug.ts","statementMap":{"0":{"start":{"line":11,"column":0},"end":{"line":11,"column":32}},"1":{"start":{"line":12,"column":0},"end":{"line":12,"column":34}},"2":{"start":{"line":14,"column":0},"end":{"line":14,"column":43}},"3":{"start":{"line":17,"column":0},"end":{"line":17,"column":13}},"4":{"start":{"line":19,"column":8},"end":{"line":33,"column":null}},"5":{"start":{"line":20,"column":12},"end":{"line":32,"column":null}},"6":{"start":{"line":21,"column":16},"end":{"line":24,"column":22}},"7":{"start":{"line":22,"column":20},"end":{"line":24,"column":22}},"8":{"start":{"line":25,"column":16},"end":{"line":25,"column":89}},"9":{"start":{"line":27,"column":16},"end":{"line":30,"column":22}},"10":{"start":{"line":28,"column":20},"end":{"line":30,"column":22}},"11":{"start":{"line":31,"column":16},"end":{"line":31,"column":90}},"12":{"start":{"line":34,"column":8},"end":{"line":34,"column":55}},"13":{"start":{"line":37,"column":4},"end":{"line":40,"column":null}},"14":{"start":{"line":38,"column":22},"end":{"line":38,"column":64}},"15":{"start":{"line":39,"column":8},"end":{"line":39,"column":96}},"16":{"start":{"line":41,"column":4},"end":{"line":45,"column":null}},"17":{"start":{"line":42,"column":22},"end":{"line":42,"column":64}},"18":{"start":{"line":44,"column":8},"end":{"line":44,"column":56}},"19":{"start":{"line":46,"column":4},"end":{"line":55,"column":null}},"20":{"start":{"line":47,"column":20},"end":{"line":47,"column":46}},"21":{"start":{"line":48,"column":8},"end":{"line":54,"column":null}},"22":{"start":{"line":49,"column":12},"end":{"line":50,"column":83}},"23":{"start":{"line":49,"column":44},"end":{"line":49,"column":110}},"24":{"start":{"line":50,"column":17},"end":{"line":50,"column":83}},"25":{"start":{"line":52,"column":12},"end":{"line":53,"column":87}},"26":{"start":{"line":52,"column":44},"end":{"line":52,"column":110}},"27":{"start":{"line":53,"column":17},"end":{"line":53,"column":87}},"28":{"start":{"line":56,"column":4},"end":{"line":64,"column":null}},"29":{"start":{"line":57,"column":18},"end":{"line":57,"column":46}},"30":{"start":{"line":58,"column":8},"end":{"line":58,"column":77}},"31":{"start":{"line":59,"column":8},"end":{"line":59,"column":46}},"32":{"start":{"line":60,"column":8},"end":{"line":60,"column":45}},"33":{"start":{"line":61,"column":8},"end":{"line":61,"column":48}},"34":{"start":{"line":63,"column":8},"end":{"line":63,"column":19}},"35":{"start":{"line":65,"column":0},"end":{"line":65,"column":null}},"36":{"start":{"line":17,"column":13},"end":{"line":17,"column":23}}},"fnMap":{"0":{"name":"(anonymous_0)","decl":{"start":{"line":17,"column":0},"end":{"line":17,"column":13}},"loc":{"start":{"line":17,"column":0},"end":{"line":65,"column":null}}},"1":{"name":"DebugClass","decl":{"start":{"line":18,"column":4},"end":{"line":18,"column":16}},"loc":{"start":{"line":18,"column":72},"end":{"line":35,"column":5}}},"2":{"name":"(anonymous_2)","decl":{"start":{"line":37,"column":4},"end":{"line":37,"column":9}},"loc":{"start":{"line":37,"column":75},"end":{"line":40,"column":5}}},"3":{"name":"(anonymous_3)","decl":{"start":{"line":41,"column":4},"end":{"line":41,"column":9}},"loc":{"start":{"line":41,"column":57},"end":{"line":45,"column":5}}},"4":{"name":"(anonymous_4)","decl":{"start":{"line":46,"column":4},"end":{"line":46,"column":16}},"loc":{"start":{"line":46,"column":48},"end":{"line":55,"column":5}}},"5":{"name":"(anonymous_5)","decl":{"start":{"line":56,"column":4},"end":{"line":56,"column":16}},"loc":{"start":{"line":56,"column":64},"end":{"line":64,"column":5}}}},"branchMap":{"0":{"loc":{"start":{"line":19,"column":8},"end":{"line":33,"column":null}},"type":"if","locations":[{"start":{"line":19,"column":8},"end":{"line":33,"column":null}},{"start":{"line":19,"column":8},"end":{"line":33,"column":null}}]},"1":{"loc":{"start":{"line":20,"column":12},"end":{"line":32,"column":null}},"type":"if","locations":[{"start":{"line":20,"column":12},"end":{"line":32,"column":null}},{"start":{"line":20,"column":12},"end":{"line":32,"column":null}}]},"2":{"loc":{"start":{"line":21,"column":16},"end":{"line":24,"column":22}},"type":"if","locations":[{"start":{"line":21,"column":16},"end":{"line":24,"column":22}},{"start":{"line":21,"column":16},"end":{"line":24,"column":22}}]},"3":{"loc":{"start":{"line":27,"column":16},"end":{"line":30,"column":22}},"type":"if","locations":[{"start":{"line":27,"column":16},"end":{"line":30,"column":22}},{"start":{"line":27,"column":16},"end":{"line":30,"column":22}}]},"4":{"loc":{"start":{"line":48,"column":8},"end":{"line":54,"column":null}},"type":"if","locations":[{"start":{"line":48,"column":8},"end":{"line":54,"column":null}},{"start":{"line":48,"column":8},"end":{"line":54,"column":null}}]},"5":{"loc":{"start":{"line":49,"column":12},"end":{"line":50,"column":83}},"type":"if","locations":[{"start":{"line":49,"column":12},"end":{"line":50,"column":83}},{"start":{"line":49,"column":12},"end":{"line":50,"column":83}}]},"6":{"loc":{"start":{"line":52,"column":12},"end":{"line":53,"column":87}},"type":"if","locations":[{"start":{"line":52,"column":12},"end":{"line":53,"column":87}},{"start":{"line":52,"column":12},"end":{"line":53,"column":87}}]}},"s":{"0":5,"1":5,"2":5,"3":5,"4":5,"5":3,"6":0,"7":0,"8":0,"9":3,"10":0,"11":3,"12":5,"13":5,"14":3,"15":3,"16":5,"17":5,"18":5,"19":5,"20":5,"21":5,"22":0,"23":0,"24":0,"25":5,"26":0,"27":5,"28":5,"29":8,"30":8,"31":8,"32":8,"33":8,"34":8,"35":5,"36":5},"f":{"0":5,"1":5,"2":3,"3":5,"4":5,"5":8},"b":{"0":[3,2],"1":[0,3],"2":[0,0],"3":[0,3],"4":[0,5],"5":[0,0],"6":[0,5]}}
,"C:\\Users\\korea\\repos\\JS\\Inscriber\\src\\classes\\Error.ts": {"path":"C:\\Users\\korea\\repos\\JS\\Inscriber\\src\\classes\\Error.ts","statementMap":{"0":{"start":{"line":10,"column":0},"end":{"line":10,"column":32}},"1":{"start":{"line":11,"column":0},"end":{"line":11,"column":34}},"2":{"start":{"line":14,"column":0},"end":{"line":14,"column":43}},"3":{"start":{"line":21,"column":0},"end":{"line":21,"column":13}},"4":{"start":{"line":27,"column":8},"end":{"line":72,"column":null}},"5":{"start":{"line":28,"column":12},"end":{"line":71,"column":null}},"6":{"start":{"line":29,"column":16},"end":{"line":32,"column":22}},"7":{"start":{"line":30,"column":20},"end":{"line":32,"column":22}},"8":{"start":{"line":34,"column":16},"end":{"line":49,"column":18}},"9":{"start":{"line":51,"column":16},"end":{"line":54,"column":22}},"10":{"start":{"line":52,"column":20},"end":{"line":54,"column":22}},"11":{"start":{"line":55,"column":16},"end":{"line":70,"column":18}},"12":{"start":{"line":74,"column":8},"end":{"line":88,"column":10}},"13":{"start":{"line":91,"column":4},"end":{"line":94,"column":null}},"14":{"start":{"line":92,"column":22},"end":{"line":92,"column":64}},"15":{"start":{"line":93,"column":8},"end":{"line":93,"column":96}},"16":{"start":{"line":95,"column":4},"end":{"line":99,"column":null}},"17":{"start":{"line":96,"column":22},"end":{"line":96,"column":64}},"18":{"start":{"line":98,"column":8},"end":{"line":98,"column":56}},"19":{"start":{"line":101,"column":4},"end":{"line":109,"column":null}},"20":{"start":{"line":102,"column":18},"end":{"line":102,"column":46}},"21":{"start":{"line":103,"column":8},"end":{"line":103,"column":77}},"22":{"start":{"line":104,"column":8},"end":{"line":104,"column":46}},"23":{"start":{"line":105,"column":8},"end":{"line":105,"column":45}},"24":{"start":{"line":106,"column":8},"end":{"line":106,"column":48}},"25":{"start":{"line":108,"column":8},"end":{"line":108,"column":19}},"26":{"start":{"line":111,"column":4},"end":{"line":120,"column":null}},"27":{"start":{"line":112,"column":20},"end":{"line":112,"column":46}},"28":{"start":{"line":113,"column":8},"end":{"line":119,"column":null}},"29":{"start":{"line":114,"column":12},"end":{"line":115,"column":83}},"30":{"start":{"line":114,"column":44},"end":{"line":114,"column":110}},"31":{"start":{"line":115,"column":17},"end":{"line":115,"column":83}},"32":{"start":{"line":117,"column":12},"end":{"line":118,"column":87}},"33":{"start":{"line":117,"column":44},"end":{"line":117,"column":110}},"34":{"start":{"line":118,"column":17},"end":{"line":118,"column":87}},"35":{"start":{"line":121,"column":0},"end":{"line":121,"column":null}},"36":{"start":{"line":21,"column":13},"end":{"line":21,"column":23}}},"fnMap":{"0":{"name":"(anonymous_0)","decl":{"start":{"line":21,"column":0},"end":{"line":21,"column":13}},"loc":{"start":{"line":21,"column":0},"end":{"line":121,"column":null}}},"1":{"name":"ErrorClass","decl":{"start":{"line":22,"column":4},"end":{"line":22,"column":null}},"loc":{"start":{"line":25,"column":22},"end":{"line":89,"column":5}}},"2":{"name":"(anonymous_2)","decl":{"start":{"line":91,"column":4},"end":{"line":91,"column":9}},"loc":{"start":{"line":91,"column":75},"end":{"line":94,"column":5}}},"3":{"name":"(anonymous_3)","decl":{"start":{"line":95,"column":4},"end":{"line":95,"column":9}},"loc":{"start":{"line":95,"column":57},"end":{"line":99,"column":5}}},"4":{"name":"(anonymous_4)","decl":{"start":{"line":101,"column":4},"end":{"line":101,"column":16}},"loc":{"start":{"line":101,"column":64},"end":{"line":109,"column":5}}},"5":{"name":"(anonymous_5)","decl":{"start":{"line":111,"column":4},"end":{"line":111,"column":16}},"loc":{"start":{"line":111,"column":48},"end":{"line":120,"column":5}}}},"branchMap":{"0":{"loc":{"start":{"line":27,"column":8},"end":{"line":72,"column":null}},"type":"if","locations":[{"start":{"line":27,"column":8},"end":{"line":72,"column":null}},{"start":{"line":27,"column":8},"end":{"line":72,"column":null}}]},"1":{"loc":{"start":{"line":28,"column":12},"end":{"line":71,"column":null}},"type":"if","locations":[{"start":{"line":28,"column":12},"end":{"line":71,"column":null}},{"start":{"line":28,"column":12},"end":{"line":71,"column":null}}]},"2":{"loc":{"start":{"line":29,"column":16},"end":{"line":32,"column":22}},"type":"if","locations":[{"start":{"line":29,"column":16},"end":{"line":32,"column":22}},{"start":{"line":29,"column":16},"end":{"line":32,"column":22}}]},"3":{"loc":{"start":{"line":36,"column":29},"end":{"line":36,"column":81}},"type":"cond-expr","locations":[{"start":{"line":36,"column":29},"end":{"line":36,"column":81}},{"start":{"line":37,"column":26},"end":{"line":45,"column":44}}]},"4":{"loc":{"start":{"line":38,"column":29},"end":{"line":38,"column":81}},"type":"cond-expr","locations":[{"start":{"line":38,"column":29},"end":{"line":38,"column":81}},{"start":{"line":39,"column":26},"end":{"line":45,"column":44}}]},"5":{"loc":{"start":{"line":40,"column":29},"end":{"line":40,"column":81}},"type":"cond-expr","locations":[{"start":{"line":40,"column":29},"end":{"line":40,"column":81}},{"start":{"line":41,"column":26},"end":{"line":45,"column":44}}]},"6":{"loc":{"start":{"line":42,"column":29},"end":{"line":42,"column":81}},"type":"cond-expr","locations":[{"start":{"line":42,"column":29},"end":{"line":42,"column":81}},{"start":{"line":43,"column":26},"end":{"line":45,"column":44}}]},"7":{"loc":{"start":{"line":44,"column":29},"end":{"line":44,"column":82}},"type":"cond-expr","locations":[{"start":{"line":44,"column":29},"end":{"line":44,"column":82}},{"start":{"line":45,"column":26},"end":{"line":45,"column":44}}]},"8":{"loc":{"start":{"line":51,"column":16},"end":{"line":54,"column":22}},"type":"if","locations":[{"start":{"line":51,"column":16},"end":{"line":54,"column":22}},{"start":{"line":51,"column":16},"end":{"line":54,"column":22}}]},"9":{"loc":{"start":{"line":57,"column":29},"end":{"line":57,"column":81}},"type":"cond-expr","locations":[{"start":{"line":57,"column":29},"end":{"line":57,"column":81}},{"start":{"line":58,"column":26},"end":{"line":66,"column":44}}]},"10":{"loc":{"start":{"line":59,"column":29},"end":{"line":59,"column":81}},"type":"cond-expr","locations":[{"start":{"line":59,"column":29},"end":{"line":59,"column":81}},{"start":{"line":60,"column":26},"end":{"line":66,"column":44}}]},"11":{"loc":{"start":{"line":61,"column":29},"end":{"line":61,"column":81}},"type":"cond-expr","locations":[{"start":{"line":61,"column":29},"end":{"line":61,"column":81}},{"start":{"line":62,"column":26},"end":{"line":66,"column":44}}]},"12":{"loc":{"start":{"line":63,"column":29},"end":{"line":63,"column":81}},"type":"cond-expr","locations":[{"start":{"line":63,"column":29},"end":{"line":63,"column":81}},{"start":{"line":64,"column":26},"end":{"line":66,"column":44}}]},"13":{"loc":{"start":{"line":65,"column":29},"end":{"line":65,"column":82}},"type":"cond-expr","locations":[{"start":{"line":65,"column":29},"end":{"line":65,"column":82}},{"start":{"line":66,"column":26},"end":{"line":66,"column":44}}]},"14":{"loc":{"start":{"line":76,"column":21},"end":{"line":76,"column":73}},"type":"cond-expr","locations":[{"start":{"line":76,"column":21},"end":{"line":76,"column":73}},{"start":{"line":77,"column":18},"end":{"line":85,"column":36}}]},"15":{"loc":{"start":{"line":78,"column":21},"end":{"line":78,"column":73}},"type":"cond-expr","locations":[{"start":{"line":78,"column":21},"end":{"line":78,"column":73}},{"start":{"line":79,"column":18},"end":{"line":85,"column":36}}]},"16":{"loc":{"start":{"line":80,"column":21},"end":{"line":80,"column":73}},"type":"cond-expr","locations":[{"start":{"line":80,"column":21},"end":{"line":80,"column":73}},{"start":{"line":81,"column":18},"end":{"line":85,"column":36}}]},"17":{"loc":{"start":{"line":82,"column":21},"end":{"line":82,"column":73}},"type":"cond-expr","locations":[{"start":{"line":82,"column":21},"end":{"line":82,"column":73}},{"start":{"line":83,"column":18},"end":{"line":85,"column":36}}]},"18":{"loc":{"start":{"line":84,"column":21},"end":{"line":84,"column":74}},"type":"cond-expr","locations":[{"start":{"line":84,"column":21},"end":{"line":84,"column":74}},{"start":{"line":85,"column":18},"end":{"line":85,"column":36}}]},"19":{"loc":{"start":{"line":113,"column":8},"end":{"line":119,"column":null}},"type":"if","locations":[{"start":{"line":113,"column":8},"end":{"line":119,"column":null}},{"start":{"line":113,"column":8},"end":{"line":119,"column":null}}]},"20":{"loc":{"start":{"line":114,"column":12},"end":{"line":115,"column":83}},"type":"if","locations":[{"start":{"line":114,"column":12},"end":{"line":115,"column":83}},{"start":{"line":114,"column":12},"end":{"line":115,"column":83}}]},"21":{"loc":{"start":{"line":117,"column":12},"end":{"line":118,"column":87}},"type":"if","locations":[{"start":{"line":117,"column":12},"end":{"line":118,"column":87}},{"start":{"line":117,"column":12},"end":{"line":118,"column":87}}]}},"s":{"0":5,"1":5,"2":5,"3":5,"4":15,"5":8,"6":0,"7":0,"8":0,"9":8,"10":0,"11":8,"12":15,"13":5,"14":8,"15":8,"16":5,"17":15,"18":15,"19":5,"20":23,"21":23,"22":23,"23":23,"24":23,"25":23,"26":5,"27":15,"28":15,"29":0,"30":0,"31":0,"32":15,"33":0,"34":15,"35":5,"36":5},"f":{"0":5,"1":15,"2":8,"3":15,"4":23,"5":15},"b":{"0":[8,7],"1":[0,8],"2":[0,0],"3":[0,0],"4":[0,0],"5":[0,0],"6":[0,0],"7":[0,0],"8":[0,8],"9":[4,4],"10":[0,4],"11":[0,4],"12":[0,4],"13":[0,4],"14":[8,7],"15":[0,7],"16":[0,7],"17":[0,7],"18":[0,7],"19":[0,15],"20":[0,0],"21":[0,15]}}
,"C:\\Users\\korea\\repos\\JS\\Inscriber\\src\\classes\\Info.ts": {"path":"C:\\Users\\korea\\repos\\JS\\Inscriber\\src\\classes\\Info.ts","statementMap":{"0":{"start":{"line":11,"column":0},"end":{"line":11,"column":32}},"1":{"start":{"line":12,"column":0},"end":{"line":12,"column":34}},"2":{"start":{"line":13,"column":0},"end":{"line":13,"column":43}},"3":{"start":{"line":16,"column":0},"end":{"line":16,"column":13}},"4":{"start":{"line":18,"column":8},"end":{"line":32,"column":null}},"5":{"start":{"line":19,"column":12},"end":{"line":31,"column":null}},"6":{"start":{"line":20,"column":16},"end":{"line":23,"column":22}},"7":{"start":{"line":21,"column":20},"end":{"line":23,"column":22}},"8":{"start":{"line":24,"column":16},"end":{"line":24,"column":89}},"9":{"start":{"line":26,"column":16},"end":{"line":29,"column":22}},"10":{"start":{"line":27,"column":20},"end":{"line":29,"column":22}},"11":{"start":{"line":30,"column":16},"end":{"line":30,"column":89}},"12":{"start":{"line":33,"column":8},"end":{"line":33,"column":55}},"13":{"start":{"line":35,"column":4},"end":{"line":38,"column":null}},"14":{"start":{"line":36,"column":22},"end":{"line":36,"column":64}},"15":{"start":{"line":37,"column":8},"end":{"line":37,"column":95}},"16":{"start":{"line":39,"column":4},"end":{"line":43,"column":null}},"17":{"start":{"line":40,"column":22},"end":{"line":40,"column":64}},"18":{"start":{"line":42,"column":8},"end":{"line":42,"column":56}},"19":{"start":{"line":44,"column":4},"end":{"line":53,"column":null}},"20":{"start":{"line":45,"column":20},"end":{"line":45,"column":45}},"21":{"start":{"line":46,"column":8},"end":{"line":52,"column":null}},"22":{"start":{"line":47,"column":12},"end":{"line":48,"column":83}},"23":{"start":{"line":47,"column":44},"end":{"line":47,"column":110}},"24":{"start":{"line":48,"column":17},"end":{"line":48,"column":83}},"25":{"start":{"line":50,"column":12},"end":{"line":51,"column":87}},"26":{"start":{"line":50,"column":44},"end":{"line":50,"column":110}},"27":{"start":{"line":51,"column":17},"end":{"line":51,"column":87}},"28":{"start":{"line":54,"column":4},"end":{"line":61,"column":null}},"29":{"start":{"line":55,"column":18},"end":{"line":55,"column":45}},"30":{"start":{"line":56,"column":8},"end":{"line":56,"column":77}},"31":{"start":{"line":57,"column":8},"end":{"line":57,"column":46}},"32":{"start":{"line":58,"column":8},"end":{"line":58,"column":44}},"33":{"start":{"line":59,"column":8},"end":{"line":59,"column":48}},"34":{"start":{"line":60,"column":8},"end":{"line":60,"column":19}},"35":{"start":{"line":62,"column":0},"end":{"line":62,"column":null}},"36":{"start":{"line":16,"column":13},"end":{"line":16,"column":22}}},"fnMap":{"0":{"name":"(anonymous_0)","decl":{"start":{"line":16,"column":0},"end":{"line":16,"column":13}},"loc":{"start":{"line":16,"column":0},"end":{"line":62,"column":null}}},"1":{"name":"InfoClass","decl":{"start":{"line":17,"column":4},"end":{"line":17,"column":16}},"loc":{"start":{"line":17,"column":72},"end":{"line":34,"column":5}}},"2":{"name":"(anonymous_2)","decl":{"start":{"line":35,"column":4},"end":{"line":35,"column":9}},"loc":{"start":{"line":35,"column":75},"end":{"line":38,"column":5}}},"3":{"name":"(anonymous_3)","decl":{"start":{"line":39,"column":4},"end":{"line":39,"column":9}},"loc":{"start":{"line":39,"column":57},"end":{"line":43,"column":5}}},"4":{"name":"(anonymous_4)","decl":{"start":{"line":44,"column":4},"end":{"line":44,"column":16}},"loc":{"start":{"line":44,"column":48},"end":{"line":53,"column":5}}},"5":{"name":"(anonymous_5)","decl":{"start":{"line":54,"column":4},"end":{"line":54,"column":16}},"loc":{"start":{"line":54,"column":64},"end":{"line":61,"column":5}}}},"branchMap":{"0":{"loc":{"start":{"line":18,"column":8},"end":{"line":32,"column":null}},"type":"if","locations":[{"start":{"line":18,"column":8},"end":{"line":32,"column":null}},{"start":{"line":18,"column":8},"end":{"line":32,"column":null}}]},"1":{"loc":{"start":{"line":19,"column":12},"end":{"line":31,"column":null}},"type":"if","locations":[{"start":{"line":19,"column":12},"end":{"line":31,"column":null}},{"start":{"line":19,"column":12},"end":{"line":31,"column":null}}]},"2":{"loc":{"start":{"line":20,"column":16},"end":{"line":23,"column":22}},"type":"if","locations":[{"start":{"line":20,"column":16},"end":{"line":23,"column":22}},{"start":{"line":20,"column":16},"end":{"line":23,"column":22}}]},"3":{"loc":{"start":{"line":26,"column":16},"end":{"line":29,"column":22}},"type":"if","locations":[{"start":{"line":26,"column":16},"end":{"line":29,"column":22}},{"start":{"line":26,"column":16},"end":{"line":29,"column":22}}]},"4":{"loc":{"start":{"line":46,"column":8},"end":{"line":52,"column":null}},"type":"if","locations":[{"start":{"line":46,"column":8},"end":{"line":52,"column":null}},{"start":{"line":46,"column":8},"end":{"line":52,"column":null}}]},"5":{"loc":{"start":{"line":47,"column":12},"end":{"line":48,"column":83}},"type":"if","locations":[{"start":{"line":47,"column":12},"end":{"line":48,"column":83}},{"start":{"line":47,"column":12},"end":{"line":48,"column":83}}]},"6":{"loc":{"start":{"line":50,"column":12},"end":{"line":51,"column":87}},"type":"if","locations":[{"start":{"line":50,"column":12},"end":{"line":51,"column":87}},{"start":{"line":50,"column":12},"end":{"line":51,"column":87}}]}},"s":{"0":5,"1":5,"2":5,"3":5,"4":4,"5":3,"6":0,"7":0,"8":0,"9":3,"10":0,"11":3,"12":4,"13":5,"14":3,"15":3,"16":5,"17":4,"18":4,"19":5,"20":4,"21":4,"22":0,"23":0,"24":0,"25":4,"26":0,"27":4,"28":5,"29":7,"30":7,"31":7,"32":7,"33":7,"34":7,"35":5,"36":5},"f":{"0":5,"1":4,"2":3,"3":4,"4":4,"5":7},"b":{"0":[3,1],"1":[0,3],"2":[0,0],"3":[0,3],"4":[0,4],"5":[0,0],"6":[0,4]}}
,"C:\\Users\\korea\\repos\\JS\\Inscriber\\src\\classes\\Warn.ts": {"path":"C:\\Users\\korea\\repos\\JS\\Inscriber\\src\\classes\\Warn.ts","statementMap":{"0":{"start":{"line":11,"column":0},"end":{"line":11,"column":32}},"1":{"start":{"line":12,"column":0},"end":{"line":12,"column":34}},"2":{"start":{"line":14,"column":0},"end":{"line":14,"column":43}},"3":{"start":{"line":17,"column":0},"end":{"line":17,"column":13}},"4":{"start":{"line":19,"column":8},"end":{"line":33,"column":null}},"5":{"start":{"line":20,"column":12},"end":{"line":32,"column":null}},"6":{"start":{"line":21,"column":16},"end":{"line":24,"column":22}},"7":{"start":{"line":22,"column":20},"end":{"line":24,"column":22}},"8":{"start":{"line":25,"column":16},"end":{"line":25,"column":89}},"9":{"start":{"line":27,"column":16},"end":{"line":30,"column":22}},"10":{"start":{"line":28,"column":20},"end":{"line":30,"column":22}},"11":{"start":{"line":31,"column":16},"end":{"line":31,"column":89}},"12":{"start":{"line":34,"column":8},"end":{"line":34,"column":55}},"13":{"start":{"line":37,"column":4},"end":{"line":40,"column":null}},"14":{"start":{"line":38,"column":22},"end":{"line":38,"column":64}},"15":{"start":{"line":39,"column":8},"end":{"line":39,"column":95}},"16":{"start":{"line":41,"column":4},"end":{"line":45,"column":null}},"17":{"start":{"line":42,"column":22},"end":{"line":42,"column":64}},"18":{"start":{"line":44,"column":8},"end":{"line":44,"column":56}},"19":{"start":{"line":46,"column":4},"end":{"line":55,"column":null}},"20":{"start":{"line":47,"column":20},"end":{"line":47,"column":45}},"21":{"start":{"line":48,"column":8},"end":{"line":54,"column":null}},"22":{"start":{"line":49,"column":12},"end":{"line":50,"column":83}},"23":{"start":{"line":49,"column":44},"end":{"line":49,"column":110}},"24":{"start":{"line":50,"column":17},"end":{"line":50,"column":83}},"25":{"start":{"line":52,"column":12},"end":{"line":53,"column":87}},"26":{"start":{"line":52,"column":44},"end":{"line":52,"column":110}},"27":{"start":{"line":53,"column":17},"end":{"line":53,"column":87}},"28":{"start":{"line":56,"column":4},"end":{"line":64,"column":null}},"29":{"start":{"line":57,"column":18},"end":{"line":57,"column":45}},"30":{"start":{"line":58,"column":8},"end":{"line":58,"column":77}},"31":{"start":{"line":59,"column":8},"end":{"line":59,"column":46}},"32":{"start":{"line":60,"column":8},"end":{"line":60,"column":44}},"33":{"start":{"line":61,"column":8},"end":{"line":61,"column":48}},"34":{"start":{"line":63,"column":8},"end":{"line":63,"column":19}},"35":{"start":{"line":65,"column":0},"end":{"line":65,"column":null}},"36":{"start":{"line":17,"column":13},"end":{"line":17,"column":22}}},"fnMap":{"0":{"name":"(anonymous_0)","decl":{"start":{"line":17,"column":0},"end":{"line":17,"column":13}},"loc":{"start":{"line":17,"column":0},"end":{"line":65,"column":null}}},"1":{"name":"WarnClass","decl":{"start":{"line":18,"column":4},"end":{"line":18,"column":16}},"loc":{"start":{"line":18,"column":72},"end":{"line":35,"column":5}}},"2":{"name":"(anonymous_2)","decl":{"start":{"line":37,"column":4},"end":{"line":37,"column":9}},"loc":{"start":{"line":37,"column":75},"end":{"line":40,"column":5}}},"3":{"name":"(anonymous_3)","decl":{"start":{"line":41,"column":4},"end":{"line":41,"column":9}},"loc":{"start":{"line":41,"column":57},"end":{"line":45,"column":5}}},"4":{"name":"(anonymous_4)","decl":{"start":{"line":46,"column":4},"end":{"line":46,"column":16}},"loc":{"start":{"line":46,"column":48},"end":{"line":55,"column":5}}},"5":{"name":"(anonymous_5)","decl":{"start":{"line":56,"column":4},"end":{"line":56,"column":16}},"loc":{"start":{"line":56,"column":64},"end":{"line":64,"column":5}}}},"branchMap":{"0":{"loc":{"start":{"line":19,"column":8},"end":{"line":33,"column":null}},"type":"if","locations":[{"start":{"line":19,"column":8},"end":{"line":33,"column":null}},{"start":{"line":19,"column":8},"end":{"line":33,"column":null}}]},"1":{"loc":{"start":{"line":20,"column":12},"end":{"line":32,"column":null}},"type":"if","locations":[{"start":{"line":20,"column":12},"end":{"line":32,"column":null}},{"start":{"line":20,"column":12},"end":{"line":32,"column":null}}]},"2":{"loc":{"start":{"line":21,"column":16},"end":{"line":24,"column":22}},"type":"if","locations":[{"start":{"line":21,"column":16},"end":{"line":24,"column":22}},{"start":{"line":21,"column":16},"end":{"line":24,"column":22}}]},"3":{"loc":{"start":{"line":27,"column":16},"end":{"line":30,"column":22}},"type":"if","locations":[{"start":{"line":27,"column":16},"end":{"line":30,"column":22}},{"start":{"line":27,"column":16},"end":{"line":30,"column":22}}]},"4":{"loc":{"start":{"line":48,"column":8},"end":{"line":54,"column":null}},"type":"if","locations":[{"start":{"line":48,"column":8},"end":{"line":54,"column":null}},{"start":{"line":48,"column":8},"end":{"line":54,"column":null}}]},"5":{"loc":{"start":{"line":49,"column":12},"end":{"line":50,"column":83}},"type":"if","locations":[{"start":{"line":49,"column":12},"end":{"line":50,"column":83}},{"start":{"line":49,"column":12},"end":{"line":50,"column":83}}]},"6":{"loc":{"start":{"line":52,"column":12},"end":{"line":53,"column":87}},"type":"if","locations":[{"start":{"line":52,"column":12},"end":{"line":53,"column":87}},{"start":{"line":52,"column":12},"end":{"line":53,"column":87}}]}},"s":{"0":5,"1":5,"2":5,"3":5,"4":3,"5":3,"6":0,"7":0,"8":0,"9":3,"10":0,"11":3,"12":3,"13":5,"14":3,"15":3,"16":5,"17":3,"18":3,"19":5,"20":3,"21":3,"22":0,"23":0,"24":0,"25":3,"26":0,"27":3,"28":5,"29":6,"30":6,"31":6,"32":6,"33":6,"34":6,"35":5,"36":5},"f":{"0":5,"1":3,"2":3,"3":3,"4":3,"5":6},"b":{"0":[3,0],"1":[0,3],"2":[0,0],"3":[0,3],"4":[0,3],"5":[0,0],"6":[0,3]}}
,"C:\\Users\\korea\\repos\\JS\\Inscriber\\src\\classes\\exports.ts": {"path":"C:\\Users\\korea\\repos\\JS\\Inscriber\\src\\classes\\exports.ts","statementMap":{"0":{"start":{"line":1,"column":0},"end":{"line":1,"column":24}},"1":{"start":{"line":2,"column":0},"end":{"line":2,"column":23}},"2":{"start":{"line":3,"column":0},"end":{"line":3,"column":24}},"3":{"start":{"line":4,"column":0},"end":{"line":4,"column":23}}},"fnMap":{},"branchMap":{},"s":{"0":5,"1":5,"2":5,"3":5},"f":{},"b":{}}
}
