{"C:\\Users\\korea\\repos\\JS\\Inscriber\\src\\FileSystem.ts": {"path":"C:\\Users\\korea\\repos\\JS\\Inscriber\\src\\FileSystem.ts","statementMap":{"0":{"start":{"line":12,"column":0},"end":{"line":12,"column":72}},"1":{"start":{"line":13,"column":0},"end":{"line":13,"column":34}},"2":{"start":{"line":14,"column":0},"end":{"line":14,"column":52}},"3":{"start":{"line":16,"column":0},"end":{"line":16,"column":13}},"4":{"start":{"line":29,"column":8},"end":{"line":29,"column":34}},"5":{"start":{"line":30,"column":8},"end":{"line":30,"column":32}},"6":{"start":{"line":31,"column":8},"end":{"line":31,"column":30}},"7":{"start":{"line":32,"column":8},"end":{"line":32,"column":26}},"8":{"start":{"line":33,"column":8},"end":{"line":33,"column":32}},"9":{"start":{"line":36,"column":12},"end":{"line":57,"column":null}},"10":{"start":{"line":36,"column":4},"end":{"line":36,"column":12}},"11":{"start":{"line":37,"column":8},"end":{"line":56,"column":null}},"12":{"start":{"line":39,"column":16},"end":{"line":39,"column":82}},"13":{"start":{"line":39,"column":70},"end":{"line":39,"column":82}},"14":{"start":{"line":40,"column":16},"end":{"line":40,"column":29}},"15":{"start":{"line":42,"column":16},"end":{"line":42,"column":81}},"16":{"start":{"line":42,"column":69},"end":{"line":42,"column":81}},"17":{"start":{"line":43,"column":16},"end":{"line":43,"column":29}},"18":{"start":{"line":45,"column":16},"end":{"line":45,"column":82}},"19":{"start":{"line":45,"column":70},"end":{"line":45,"column":82}},"20":{"start":{"line":46,"column":16},"end":{"line":46,"column":29}},"21":{"start":{"line":48,"column":16},"end":{"line":48,"column":81}},"22":{"start":{"line":48,"column":69},"end":{"line":48,"column":81}},"23":{"start":{"line":49,"column":16},"end":{"line":49,"column":29}},"24":{"start":{"line":51,"column":16},"end":{"line":52,"column":32}},"25":{"start":{"line":51,"column":74},"end":{"line":51,"column":98}},"26":{"start":{"line":52,"column":20},"end":{"line":52,"column":32}},"27":{"start":{"line":53,"column":16},"end":{"line":53,"column":29}},"28":{"start":{"line":55,"column":16},"end":{"line":55,"column":81}},"29":{"start":{"line":59,"column":12},"end":{"line":147,"column":null}},"30":{"start":{"line":59,"column":4},"end":{"line":59,"column":12}},"31":{"start":{"line":60,"column":8},"end":{"line":146,"column":null}},"32":{"start":{"line":61,"column":12},"end":{"line":86,"column":null}},"33":{"start":{"line":63,"column":20},"end":{"line":63,"column":104}},"34":{"start":{"line":63,"column":92},"end":{"line":63,"column":104}},"35":{"start":{"line":64,"column":20},"end":{"line":64,"column":33}},"36":{"start":{"line":66,"column":20},"end":{"line":66,"column":103}},"37":{"start":{"line":66,"column":91},"end":{"line":66,"column":103}},"38":{"start":{"line":67,"column":20},"end":{"line":67,"column":33}},"39":{"start":{"line":69,"column":20},"end":{"line":69,"column":104}},"40":{"start":{"line":69,"column":92},"end":{"line":69,"column":104}},"41":{"start":{"line":70,"column":20},"end":{"line":70,"column":33}},"42":{"start":{"line":72,"column":20},"end":{"line":72,"column":103}},"43":{"start":{"line":72,"column":91},"end":{"line":72,"column":103}},"44":{"start":{"line":73,"column":20},"end":{"line":73,"column":33}},"45":{"start":{"line":75,"column":20},"end":{"line":82,"column":36}},"46":{"start":{"line":77,"column":71},"end":{"line":77,"column":95}},"47":{"start":{"line":82,"column":24},"end":{"line":82,"column":36}},"48":{"start":{"line":83,"column":20},"end":{"line":83,"column":33}},"49":{"start":{"line":85,"column":20},"end":{"line":85,"column":85}},"50":{"start":{"line":88,"column":12},"end":{"line":145,"column":null}},"51":{"start":{"line":90,"column":32},"end":{"line":90,"column":34}},"52":{"start":{"line":91,"column":20},"end":{"line":95,"column":null}},"53":{"start":{"line":91,"column":36},"end":{"line":91,"column":40}},"54":{"start":{"line":91,"column":36},"end":{"line":91,"column":78}},"55":{"start":{"line":91,"column":32},"end":{"line":91,"column":36}},"56":{"start":{"line":92,"column":24},"end":{"line":92,"column":37}},"57":{"start":{"line":93,"column":24},"end":{"line":93,"column":65}},"58":{"start":{"line":93,"column":48},"end":{"line":93,"column":65}},"59":{"start":{"line":94,"column":24},"end":{"line":94,"column":37}},"60":{"start":{"line":96,"column":20},"end":{"line":96,"column":104}},"61":{"start":{"line":96,"column":92},"end":{"line":96,"column":104}},"62":{"start":{"line":97,"column":20},"end":{"line":97,"column":33}},"63":{"start":{"line":100,"column":33},"end":{"line":100,"column":35}},"64":{"start":{"line":101,"column":20},"end":{"line":105,"column":null}},"65":{"start":{"line":101,"column":36},"end":{"line":101,"column":40}},"66":{"start":{"line":101,"column":36},"end":{"line":101,"column":77}},"67":{"start":{"line":101,"column":32},"end":{"line":101,"column":36}},"68":{"start":{"line":102,"column":24},"end":{"line":102,"column":38}},"69":{"start":{"line":103,"column":24},"end":{"line":103,"column":67}},"70":{"start":{"line":103,"column":49},"end":{"line":103,"column":67}},"71":{"start":{"line":104,"column":24},"end":{"line":104,"column":38}},"72":{"start":{"line":106,"column":20},"end":{"line":106,"column":103}},"73":{"start":{"line":106,"column":91},"end":{"line":106,"column":103}},"74":{"start":{"line":107,"column":20},"end":{"line":107,"column":33}},"75":{"start":{"line":109,"column":34},"end":{"line":109,"column":36}},"76":{"start":{"line":110,"column":20},"end":{"line":114,"column":null}},"77":{"start":{"line":110,"column":36},"end":{"line":110,"column":40}},"78":{"start":{"line":110,"column":36},"end":{"line":110,"column":78}},"79":{"start":{"line":110,"column":32},"end":{"line":110,"column":36}},"80":{"start":{"line":111,"column":24},"end":{"line":111,"column":39}},"81":{"start":{"line":112,"column":24},"end":{"line":112,"column":69}},"82":{"start":{"line":112,"column":50},"end":{"line":112,"column":69}},"83":{"start":{"line":113,"column":24},"end":{"line":113,"column":39}},"84":{"start":{"line":115,"column":20},"end":{"line":115,"column":104}},"85":{"start":{"line":115,"column":92},"end":{"line":115,"column":104}},"86":{"start":{"line":116,"column":20},"end":{"line":116,"column":33}},"87":{"start":{"line":119,"column":35},"end":{"line":119,"column":37}},"88":{"start":{"line":120,"column":20},"end":{"line":124,"column":null}},"89":{"start":{"line":120,"column":36},"end":{"line":120,"column":40}},"90":{"start":{"line":120,"column":36},"end":{"line":120,"column":77}},"91":{"start":{"line":120,"column":32},"end":{"line":120,"column":36}},"92":{"start":{"line":121,"column":24},"end":{"line":121,"column":40}},"93":{"start":{"line":122,"column":24},"end":{"line":122,"column":71}},"94":{"start":{"line":122,"column":51},"end":{"line":122,"column":71}},"95":{"start":{"line":123,"column":24},"end":{"line":123,"column":40}},"96":{"start":{"line":125,"column":20},"end":{"line":125,"column":103}},"97":{"start":{"line":125,"column":91},"end":{"line":125,"column":103}},"98":{"start":{"line":126,"column":20},"end":{"line":126,"column":33}},"99":{"start":{"line":128,"column":36},"end":{"line":128,"column":38}},"100":{"start":{"line":129,"column":20},"end":{"line":142,"column":null}},"101":{"start":{"line":129,"column":20},"end":{"line":129,"column":25}},"102":{"start":{"line":129,"column":20},"end":{"line":130,"column":26}},"103":{"start":{"line":129,"column":76},"end":{"line":129,"column":100}},"104":{"start":{"line":129,"column":32},"end":{"line":129,"column":36}},"105":{"start":{"line":131,"column":24},"end":{"line":131,"column":41}},"106":{"start":{"line":132,"column":24},"end":{"line":132,"column":73}},"107":{"start":{"line":132,"column":52},"end":{"line":132,"column":73}},"108":{"start":{"line":133,"column":24},"end":{"line":140,"column":40}},"109":{"start":{"line":135,"column":75},"end":{"line":135,"column":99}},"110":{"start":{"line":140,"column":28},"end":{"line":140,"column":40}},"111":{"start":{"line":141,"column":24},"end":{"line":141,"column":37}},"112":{"start":{"line":144,"column":20},"end":{"line":144,"column":85}},"113":{"start":{"line":149,"column":11},"end":{"line":254,"column":null}},"114":{"start":{"line":149,"column":4},"end":{"line":149,"column":11}},"115":{"start":{"line":150,"column":8},"end":{"line":253,"column":null}},"116":{"start":{"line":151,"column":12},"end":{"line":194,"column":null}},"117":{"start":{"line":153,"column":31},"end":{"line":155,"column":22}},"118":{"start":{"line":156,"column":20},"end":{"line":156,"column":49}},"119":{"start":{"line":157,"column":20},"end":{"line":157,"column":111}},"120":{"start":{"line":158,"column":20},"end":{"line":158,"column":26}},"121":{"start":{"line":160,"column":32},"end":{"line":162,"column":22}},"122":{"start":{"line":163,"column":20},"end":{"line":163,"column":50}},"123":{"start":{"line":164,"column":20},"end":{"line":164,"column":111}},"124":{"start":{"line":165,"column":20},"end":{"line":165,"column":26}},"125":{"start":{"line":167,"column":33},"end":{"line":169,"column":22}},"126":{"start":{"line":170,"column":20},"end":{"line":170,"column":51}},"127":{"start":{"line":171,"column":20},"end":{"line":171,"column":113}},"128":{"start":{"line":172,"column":20},"end":{"line":172,"column":26}},"129":{"start":{"line":174,"column":34},"end":{"line":176,"column":22}},"130":{"start":{"line":177,"column":20},"end":{"line":177,"column":52}},"131":{"start":{"line":178,"column":20},"end":{"line":178,"column":113}},"132":{"start":{"line":179,"column":20},"end":{"line":179,"column":26}},"133":{"start":{"line":181,"column":35},"end":{"line":185,"column":null}},"134":{"start":{"line":182,"column":67},"end":{"line":182,"column":91}},"135":{"start":{"line":187,"column":20},"end":{"line":187,"column":53}},"136":{"start":{"line":188,"column":20},"end":{"line":192,"column":22}},"137":{"start":{"line":189,"column":67},"end":{"line":189,"column":91}},"138":{"start":{"line":193,"column":20},"end":{"line":193,"column":26}},"139":{"start":{"line":196,"column":12},"end":{"line":252,"column":null}},"140":{"start":{"line":199,"column":24},"end":{"line":203,"column":45}},"141":{"start":{"line":204,"column":20},"end":{"line":206,"column":23}},"142":{"start":{"line":207,"column":20},"end":{"line":207,"column":26}},"143":{"start":{"line":210,"column":24},"end":{"line":214,"column":45}},"144":{"start":{"line":215,"column":20},"end":{"line":217,"column":23}},"145":{"start":{"line":218,"column":20},"end":{"line":218,"column":26}},"146":{"start":{"line":221,"column":24},"end":{"line":225,"column":45}},"147":{"start":{"line":226,"column":20},"end":{"line":228,"column":23}},"148":{"start":{"line":229,"column":20},"end":{"line":229,"column":26}},"149":{"start":{"line":232,"column":24},"end":{"line":236,"column":45}},"150":{"start":{"line":237,"column":20},"end":{"line":239,"column":23}},"151":{"start":{"line":240,"column":20},"end":{"line":240,"column":26}},"152":{"start":{"line":243,"column":24},"end":{"line":247,"column":45}},"153":{"start":{"line":248,"column":20},"end":{"line":250,"column":23}},"154":{"start":{"line":251,"column":20},"end":{"line":251,"column":26}},"155":{"start":{"line":255,"column":0},"end":{"line":255,"column":null}},"156":{"start":{"line":16,"column":13},"end":{"line":16,"column":23}}},"fnMap":{"0":{"name":"(anonymous_0)","decl":{"start":{"line":16,"column":0},"end":{"line":16,"column":13}},"loc":{"start":{"line":16,"column":0},"end":{"line":255,"column":null}}},"1":{"name":"FileSystem","decl":{"start":{"line":22,"column":4},"end":{"line":22,"column":null}},"loc":{"start":{"line":27,"column":24},"end":{"line":34,"column":5}}},"2":{"name":"(anonymous_2)","decl":{"start":{"line":36,"column":4},"end":{"line":36,"column":12}},"loc":{"start":{"line":36,"column":4},"end":{"line":57,"column":5}}},"3":{"name":"(anonymous_3)","decl":{"start":{"line":51,"column":67},"end":{"line":51,"column":68}},"loc":{"start":{"line":51,"column":69},"end":{"line":51,"column":75}}},"4":{"name":"(anonymous_4)","decl":{"start":{"line":59,"column":4},"end":{"line":59,"column":12}},"loc":{"start":{"line":59,"column":4},"end":{"line":147,"column":5}}},"5":{"name":"(anonymous_5)","decl":{"start":{"line":77,"column":64},"end":{"line":77,"column":65}},"loc":{"start":{"line":77,"column":66},"end":{"line":77,"column":72}}},"6":{"name":"(anonymous_6)","decl":{"start":{"line":129,"column":69},"end":{"line":129,"column":70}},"loc":{"start":{"line":129,"column":71},"end":{"line":129,"column":77}}},"7":{"name":"(anonymous_7)","decl":{"start":{"line":135,"column":68},"end":{"line":135,"column":69}},"loc":{"start":{"line":135,"column":70},"end":{"line":135,"column":76}}},"8":{"name":"(anonymous_8)","decl":{"start":{"line":149,"column":4},"end":{"line":149,"column":11}},"loc":{"start":{"line":149,"column":4},"end":{"line":254,"column":5}}},"9":{"name":"(anonymous_9)","decl":{"start":{"line":182,"column":60},"end":{"line":182,"column":61}},"loc":{"start":{"line":182,"column":62},"end":{"line":182,"column":68}}},"10":{"name":"(anonymous_10)","decl":{"start":{"line":189,"column":60},"end":{"line":189,"column":61}},"loc":{"start":{"line":189,"column":62},"end":{"line":189,"column":68}}}},"branchMap":{"0":{"loc":{"start":{"line":38,"column":12},"end":{"line":40,"column":29}},"type":"switch","locations":[{"start":{"line":38,"column":12},"end":{"line":40,"column":29}},{"start":{"line":41,"column":12},"end":{"line":43,"column":29}},{"start":{"line":44,"column":12},"end":{"line":46,"column":29}},{"start":{"line":47,"column":12},"end":{"line":49,"column":29}},{"start":{"line":50,"column":12},"end":{"line":53,"column":29}},{"start":{"line":54,"column":12},"end":{"line":55,"column":81}}]},"1":{"loc":{"start":{"line":39,"column":16},"end":{"line":39,"column":82}},"type":"if","locations":[{"start":{"line":39,"column":16},"end":{"line":39,"column":82}},{"start":{"line":39,"column":16},"end":{"line":39,"column":82}}]},"2":{"loc":{"start":{"line":42,"column":16},"end":{"line":42,"column":81}},"type":"if","locations":[{"start":{"line":42,"column":16},"end":{"line":42,"column":81}},{"start":{"line":42,"column":16},"end":{"line":42,"column":81}}]},"3":{"loc":{"start":{"line":45,"column":16},"end":{"line":45,"column":82}},"type":"if","locations":[{"start":{"line":45,"column":16},"end":{"line":45,"column":82}},{"start":{"line":45,"column":16},"end":{"line":45,"column":82}}]},"4":{"loc":{"start":{"line":48,"column":16},"end":{"line":48,"column":81}},"type":"if","locations":[{"start":{"line":48,"column":16},"end":{"line":48,"column":81}},{"start":{"line":48,"column":16},"end":{"line":48,"column":81}}]},"5":{"loc":{"start":{"line":51,"column":16},"end":{"line":52,"column":32}},"type":"if","locations":[{"start":{"line":51,"column":16},"end":{"line":52,"column":32}},{"start":{"line":51,"column":16},"end":{"line":52,"column":32}}]},"6":{"loc":{"start":{"line":51,"column":98},"end":{"line":51,"column":100}},"type":"cond-expr","locations":[{"start":{"line":51,"column":98},"end":{"line":51,"column":100}},{"start":{"line":51,"column":98},"end":{"line":51,"column":104}}]},"7":{"loc":{"start":{"line":51,"column":31},"end":{"line":51,"column":100}},"type":"binary-expr","locations":[{"start":{"line":51,"column":31},"end":{"line":51,"column":100}},{"start":{"line":51,"column":98},"end":{"line":51,"column":100}}]},"8":{"loc":{"start":{"line":60,"column":8},"end":{"line":146,"column":null}},"type":"if","locations":[{"start":{"line":60,"column":8},"end":{"line":146,"column":null}},{"start":{"line":60,"column":8},"end":{"line":146,"column":null}}]},"9":{"loc":{"start":{"line":62,"column":16},"end":{"line":64,"column":33}},"type":"switch","locations":[{"start":{"line":62,"column":16},"end":{"line":64,"column":33}},{"start":{"line":65,"column":16},"end":{"line":67,"column":33}},{"start":{"line":68,"column":16},"end":{"line":70,"column":33}},{"start":{"line":71,"column":16},"end":{"line":73,"column":33}},{"start":{"line":74,"column":16},"end":{"line":83,"column":33}},{"start":{"line":84,"column":16},"end":{"line":85,"column":85}}]},"10":{"loc":{"start":{"line":63,"column":20},"end":{"line":63,"column":104}},"type":"if","locations":[{"start":{"line":63,"column":20},"end":{"line":63,"column":104}},{"start":{"line":63,"column":20},"end":{"line":63,"column":104}}]},"11":{"loc":{"start":{"line":66,"column":20},"end":{"line":66,"column":103}},"type":"if","locations":[{"start":{"line":66,"column":20},"end":{"line":66,"column":103}},{"start":{"line":66,"column":20},"end":{"line":66,"column":103}}]},"12":{"loc":{"start":{"line":69,"column":20},"end":{"line":69,"column":104}},"type":"if","locations":[{"start":{"line":69,"column":20},"end":{"line":69,"column":104}},{"start":{"line":69,"column":20},"end":{"line":69,"column":104}}]},"13":{"loc":{"start":{"line":72,"column":20},"end":{"line":72,"column":103}},"type":"if","locations":[{"start":{"line":72,"column":20},"end":{"line":72,"column":103}},{"start":{"line":72,"column":20},"end":{"line":72,"column":103}}]},"14":{"loc":{"start":{"line":75,"column":20},"end":{"line":82,"column":36}},"type":"if","locations":[{"start":{"line":75,"column":20},"end":{"line":82,"column":36}},{"start":{"line":75,"column":20},"end":{"line":82,"column":36}}]},"15":{"loc":{"start":{"line":77,"column":95},"end":{"line":77,"column":97}},"type":"cond-expr","locations":[{"start":{"line":77,"column":95},"end":{"line":77,"column":97}},{"start":{"line":77,"column":95},"end":{"line":77,"column":101}}]},"16":{"loc":{"start":{"line":77,"column":28},"end":{"line":77,"column":97}},"type":"binary-expr","locations":[{"start":{"line":77,"column":28},"end":{"line":77,"column":97}},{"start":{"line":77,"column":95},"end":{"line":77,"column":97}}]},"17":{"loc":{"start":{"line":89,"column":16},"end":{"line":97,"column":33}},"type":"switch","locations":[{"start":{"line":89,"column":16},"end":{"line":97,"column":33}},{"start":{"line":99,"column":16},"end":{"line":107,"column":33}},{"start":{"line":108,"column":16},"end":{"line":116,"column":33}},{"start":{"line":118,"column":16},"end":{"line":126,"column":33}},{"start":{"line":127,"column":16},"end":{"line":142,"column":null}},{"start":{"line":143,"column":16},"end":{"line":144,"column":85}}]},"18":{"loc":{"start":{"line":93,"column":24},"end":{"line":93,"column":65}},"type":"if","locations":[{"start":{"line":93,"column":24},"end":{"line":93,"column":65}},{"start":{"line":93,"column":24},"end":{"line":93,"column":65}}]},"19":{"loc":{"start":{"line":96,"column":20},"end":{"line":96,"column":104}},"type":"if","locations":[{"start":{"line":96,"column":20},"end":{"line":96,"column":104}},{"start":{"line":96,"column":20},"end":{"line":96,"column":104}}]},"20":{"loc":{"start":{"line":103,"column":24},"end":{"line":103,"column":67}},"type":"if","locations":[{"start":{"line":103,"column":24},"end":{"line":103,"column":67}},{"start":{"line":103,"column":24},"end":{"line":103,"column":67}}]},"21":{"loc":{"start":{"line":106,"column":20},"end":{"line":106,"column":103}},"type":"if","locations":[{"start":{"line":106,"column":20},"end":{"line":106,"column":103}},{"start":{"line":106,"column":20},"end":{"line":106,"column":103}}]},"22":{"loc":{"start":{"line":112,"column":24},"end":{"line":112,"column":69}},"type":"if","locations":[{"start":{"line":112,"column":24},"end":{"line":112,"column":69}},{"start":{"line":112,"column":24},"end":{"line":112,"column":69}}]},"23":{"loc":{"start":{"line":115,"column":20},"end":{"line":115,"column":104}},"type":"if","locations":[{"start":{"line":115,"column":20},"end":{"line":115,"column":104}},{"start":{"line":115,"column":20},"end":{"line":115,"column":104}}]},"24":{"loc":{"start":{"line":122,"column":24},"end":{"line":122,"column":71}},"type":"if","locations":[{"start":{"line":122,"column":24},"end":{"line":122,"column":71}},{"start":{"line":122,"column":24},"end":{"line":122,"column":71}}]},"25":{"loc":{"start":{"line":125,"column":20},"end":{"line":125,"column":103}},"type":"if","locations":[{"start":{"line":125,"column":20},"end":{"line":125,"column":103}},{"start":{"line":125,"column":20},"end":{"line":125,"column":103}}]},"26":{"loc":{"start":{"line":129,"column":116},"end":{"line":129,"column":null}},"type":"cond-expr","locations":[{"start":{"line":129,"column":116},"end":{"line":129,"column":null}},{"start":{"line":130,"column":24},"end":{"line":130,"column":26}}]},"27":{"loc":{"start":{"line":129,"column":20},"end":{"line":129,"column":null}},"type":"binary-expr","locations":[{"start":{"line":129,"column":20},"end":{"line":129,"column":null}},{"start":{"line":129,"column":116},"end":{"line":129,"column":null}}]},"28":{"loc":{"start":{"line":129,"column":100},"end":{"line":129,"column":102}},"type":"cond-expr","locations":[{"start":{"line":129,"column":100},"end":{"line":129,"column":102}},{"start":{"line":129,"column":100},"end":{"line":129,"column":null}}]},"29":{"loc":{"start":{"line":129,"column":20},"end":{"line":129,"column":102}},"type":"binary-expr","locations":[{"start":{"line":129,"column":20},"end":{"line":129,"column":102}},{"start":{"line":129,"column":100},"end":{"line":129,"column":102}}]},"30":{"loc":{"start":{"line":132,"column":24},"end":{"line":132,"column":73}},"type":"if","locations":[{"start":{"line":132,"column":24},"end":{"line":132,"column":73}},{"start":{"line":132,"column":24},"end":{"line":132,"column":73}}]},"31":{"loc":{"start":{"line":133,"column":24},"end":{"line":140,"column":40}},"type":"if","locations":[{"start":{"line":133,"column":24},"end":{"line":140,"column":40}},{"start":{"line":133,"column":24},"end":{"line":140,"column":40}}]},"32":{"loc":{"start":{"line":135,"column":99},"end":{"line":135,"column":101}},"type":"cond-expr","locations":[{"start":{"line":135,"column":99},"end":{"line":135,"column":101}},{"start":{"line":135,"column":99},"end":{"line":135,"column":105}}]},"33":{"loc":{"start":{"line":135,"column":32},"end":{"line":135,"column":101}},"type":"binary-expr","locations":[{"start":{"line":135,"column":32},"end":{"line":135,"column":101}},{"start":{"line":135,"column":99},"end":{"line":135,"column":101}}]},"34":{"loc":{"start":{"line":150,"column":8},"end":{"line":253,"column":null}},"type":"if","locations":[{"start":{"line":150,"column":8},"end":{"line":253,"column":null}},{"start":{"line":150,"column":8},"end":{"line":253,"column":null}}]},"35":{"loc":{"start":{"line":152,"column":16},"end":{"line":158,"column":26}},"type":"switch","locations":[{"start":{"line":152,"column":16},"end":{"line":158,"column":26}},{"start":{"line":159,"column":16},"end":{"line":165,"column":26}},{"start":{"line":166,"column":16},"end":{"line":172,"column":26}},{"start":{"line":173,"column":16},"end":{"line":179,"column":26}},{"start":{"line":180,"column":16},"end":{"line":193,"column":26}}]},"36":{"loc":{"start":{"line":182,"column":91},"end":{"line":182,"column":93}},"type":"cond-expr","locations":[{"start":{"line":182,"column":91},"end":{"line":182,"column":93}},{"start":{"line":182,"column":91},"end":{"line":182,"column":97}}]},"37":{"loc":{"start":{"line":182,"column":24},"end":{"line":182,"column":93}},"type":"binary-expr","locations":[{"start":{"line":182,"column":24},"end":{"line":182,"column":93}},{"start":{"line":182,"column":91},"end":{"line":182,"column":93}}]},"38":{"loc":{"start":{"line":189,"column":91},"end":{"line":189,"column":93}},"type":"cond-expr","locations":[{"start":{"line":189,"column":91},"end":{"line":189,"column":93}},{"start":{"line":189,"column":91},"end":{"line":189,"column":97}}]},"39":{"loc":{"start":{"line":189,"column":24},"end":{"line":189,"column":93}},"type":"binary-expr","locations":[{"start":{"line":189,"column":24},"end":{"line":189,"column":93}},{"start":{"line":189,"column":91},"end":{"line":189,"column":93}}]},"40":{"loc":{"start":{"line":197,"column":16},"end":{"line":207,"column":26}},"type":"switch","locations":[{"start":{"line":197,"column":16},"end":{"line":207,"column":26}},{"start":{"line":208,"column":16},"end":{"line":218,"column":26}},{"start":{"line":219,"column":16},"end":{"line":229,"column":26}},{"start":{"line":230,"column":16},"end":{"line":240,"column":26}},{"start":{"line":241,"column":16},"end":{"line":251,"column":26}}]},"41":{"loc":{"start":{"line":245,"column":84},"end":{"line":245,"column":86}},"type":"cond-expr","locations":[{"start":{"line":245,"column":84},"end":{"line":245,"column":86}},{"start":{"line":245,"column":84},"end":{"line":245,"column":115}}]},"42":{"loc":{"start":{"line":245,"column":24},"end":{"line":245,"column":86}},"type":"binary-expr","locations":[{"start":{"line":245,"column":24},"end":{"line":245,"column":86}},{"start":{"line":245,"column":84},"end":{"line":245,"column":86}}]}},"s":{"0":7,"1":7,"2":7,"3":7,"4":24,"5":24,"6":24,"7":24,"8":24,"9":7,"10":24,"11":24,"12":9,"13":9,"14":0,"15":5,"16":5,"17":0,"18":4,"19":4,"20":0,"21":4,"22":4,"23":0,"24":2,"25":3,"26":0,"27":2,"28":0,"29":7,"30":24,"31":24,"32":22,"33":9,"34":9,"35":0,"36":5,"37":5,"38":0,"39":4,"40":4,"41":0,"42":4,"43":4,"44":0,"45":0,"46":0,"47":0,"48":0,"49":0,"50":2,"51":0,"52":0,"53":0,"54":0,"55":0,"56":0,"57":0,"58":0,"59":0,"60":0,"61":0,"62":0,"63":0,"64":0,"65":0,"66":0,"67":0,"68":0,"69":0,"70":0,"71":0,"72":0,"73":0,"74":0,"75":0,"76":0,"77":0,"78":0,"79":0,"80":0,"81":0,"82":0,"83":0,"84":0,"85":0,"86":0,"87":0,"88":0,"89":0,"90":0,"91":0,"92":0,"93":0,"94":0,"95":0,"96":0,"97":0,"98":0,"99":2,"100":2,"101":2,"102":2,"103":3,"104":2,"105":2,"106":2,"107":0,"108":2,"109":3,"110":0,"111":2,"112":0,"113":7,"114":24,"115":24,"116":22,"117":9,"118":9,"119":9,"120":9,"121":5,"122":5,"123":5,"124":5,"125":4,"126":4,"127":4,"128":4,"129":4,"130":4,"131":4,"132":4,"133":0,"134":0,"135":0,"136":0,"137":0,"138":0,"139":2,"140":0,"141":0,"142":0,"143":0,"144":0,"145":0,"146":0,"147":0,"148":0,"149":0,"150":0,"151":0,"152":2,"153":2,"154":2,"155":7,"156":7},"f":{"0":7,"1":24,"2":24,"3":3,"4":24,"5":0,"6":3,"7":3,"8":24,"9":0,"10":0},"b":{"0":[9,5,4,4,2,0],"1":[9,0],"2":[5,0],"3":[4,0],"4":[4,0],"5":[0,2],"6":[0,2],"7":[2,2],"8":[22,2],"9":[9,5,4,4,0,0],"10":[9,0],"11":[5,0],"12":[4,0],"13":[4,0],"14":[0,0],"15":[0,0],"16":[0,0],"17":[0,0,0,0,2,0],"18":[0,0],"19":[0,0],"20":[0,0],"21":[0,0],"22":[0,0],"23":[0,0],"24":[0,0],"25":[0,0],"26":[2,0],"27":[2,2],"28":[0,2],"29":[2,2],"30":[0,2],"31":[0,2],"32":[0,2],"33":[2,2],"34":[22,2],"35":[9,5,4,4,0],"36":[0,0],"37":[0,0],"38":[0,0],"39":[0,0],"40":[0,0,0,0,2],"41":[0,2],"42":[2,2]}}
,"C:\\Users\\korea\\repos\\JS\\Inscriber\\src\\Inscriber.ts": {"path":"C:\\Users\\korea\\repos\\JS\\Inscriber\\src\\Inscriber.ts","statementMap":{"0":{"start":{"line":20,"column":0},"end":{"line":20,"column":81}},"1":{"start":{"line":21,"column":0},"end":{"line":21,"column":42}},"2":{"start":{"line":23,"column":0},"end":{"line":23,"column":52}},"3":{"start":{"line":34,"column":0},"end":{"line":34,"column":13}},"4":{"start":{"line":51,"column":8},"end":{"line":55,"column":null}},"5":{"start":{"line":52,"column":26},"end":{"line":52,"column":47}},"6":{"start":{"line":53,"column":12},"end":{"line":53,"column":39}},"7":{"start":{"line":54,"column":12},"end":{"line":54,"column":33}},"8":{"start":{"line":79,"column":4},"end":{"line":85,"column":null}},"9":{"start":{"line":80,"column":8},"end":{"line":84,"column":10}},"10":{"start":{"line":96,"column":4},"end":{"line":102,"column":null}},"11":{"start":{"line":97,"column":8},"end":{"line":101,"column":10}},"12":{"start":{"line":118,"column":4},"end":{"line":124,"column":null}},"13":{"start":{"line":119,"column":8},"end":{"line":123,"column":10}},"14":{"start":{"line":141,"column":4},"end":{"line":147,"column":null}},"15":{"start":{"line":142,"column":8},"end":{"line":146,"column":10}},"16":{"start":{"line":149,"column":4},"end":{"line":151,"column":null}},"17":{"start":{"line":150,"column":8},"end":{"line":150,"column":103}},"18":{"start":{"line":152,"column":0},"end":{"line":152,"column":null}},"19":{"start":{"line":34,"column":13},"end":{"line":34,"column":22}}},"fnMap":{"0":{"name":"(anonymous_0)","decl":{"start":{"line":34,"column":0},"end":{"line":34,"column":13}},"loc":{"start":{"line":34,"column":0},"end":{"line":152,"column":null}}},"1":{"name":"Inscriber","decl":{"start":{"line":50,"column":4},"end":{"line":50,"column":16}},"loc":{"start":{"line":50,"column":31},"end":{"line":56,"column":5}}},"2":{"name":"(anonymous_2)","decl":{"start":{"line":79,"column":4},"end":{"line":79,"column":9}},"loc":{"start":{"line":79,"column":22},"end":{"line":85,"column":5}}},"3":{"name":"(anonymous_3)","decl":{"start":{"line":96,"column":4},"end":{"line":96,"column":8}},"loc":{"start":{"line":96,"column":21},"end":{"line":102,"column":5}}},"4":{"name":"(anonymous_4)","decl":{"start":{"line":118,"column":4},"end":{"line":118,"column":9}},"loc":{"start":{"line":118,"column":22},"end":{"line":124,"column":5}}},"5":{"name":"(anonymous_5)","decl":{"start":{"line":141,"column":4},"end":{"line":141,"column":8}},"loc":{"start":{"line":141,"column":21},"end":{"line":147,"column":5}}},"6":{"name":"(anonymous_6)","decl":{"start":{"line":149,"column":4},"end":{"line":149,"column":7}},"loc":{"start":{"line":149,"column":34},"end":{"line":151,"column":5}}}},"branchMap":{"0":{"loc":{"start":{"line":51,"column":8},"end":{"line":55,"column":null}},"type":"if","locations":[{"start":{"line":51,"column":8},"end":{"line":55,"column":null}},{"start":{"line":51,"column":8},"end":{"line":55,"column":null}}]},"1":{"loc":{"start":{"line":83,"column":50},"end":{"line":83,"column":52}},"type":"cond-expr","locations":[{"start":{"line":83,"column":50},"end":{"line":83,"column":52}},{"start":{"line":83,"column":54},"end":{"line":83,"column":77}}]},"2":{"loc":{"start":{"line":83,"column":24},"end":{"line":83,"column":26}},"type":"cond-expr","locations":[{"start":{"line":83,"column":24},"end":{"line":83,"column":26}},{"start":{"line":83,"column":24},"end":{"line":83,"column":34}}]},"3":{"loc":{"start":{"line":83,"column":12},"end":{"line":83,"column":26}},"type":"binary-expr","locations":[{"start":{"line":83,"column":12},"end":{"line":83,"column":26}},{"start":{"line":83,"column":24},"end":{"line":83,"column":26}}]},"4":{"loc":{"start":{"line":83,"column":67},"end":{"line":83,"column":69}},"type":"cond-expr","locations":[{"start":{"line":83,"column":67},"end":{"line":83,"column":69}},{"start":{"line":83,"column":67},"end":{"line":83,"column":77}}]},"5":{"loc":{"start":{"line":83,"column":54},"end":{"line":83,"column":69}},"type":"binary-expr","locations":[{"start":{"line":83,"column":54},"end":{"line":83,"column":69}},{"start":{"line":83,"column":67},"end":{"line":83,"column":69}}]},"6":{"loc":{"start":{"line":100,"column":50},"end":{"line":100,"column":52}},"type":"cond-expr","locations":[{"start":{"line":100,"column":50},"end":{"line":100,"column":52}},{"start":{"line":100,"column":54},"end":{"line":100,"column":77}}]},"7":{"loc":{"start":{"line":100,"column":24},"end":{"line":100,"column":26}},"type":"cond-expr","locations":[{"start":{"line":100,"column":24},"end":{"line":100,"column":26}},{"start":{"line":100,"column":24},"end":{"line":100,"column":34}}]},"8":{"loc":{"start":{"line":100,"column":12},"end":{"line":100,"column":26}},"type":"binary-expr","locations":[{"start":{"line":100,"column":12},"end":{"line":100,"column":26}},{"start":{"line":100,"column":24},"end":{"line":100,"column":26}}]},"9":{"loc":{"start":{"line":100,"column":67},"end":{"line":100,"column":69}},"type":"cond-expr","locations":[{"start":{"line":100,"column":67},"end":{"line":100,"column":69}},{"start":{"line":100,"column":67},"end":{"line":100,"column":77}}]},"10":{"loc":{"start":{"line":100,"column":54},"end":{"line":100,"column":69}},"type":"binary-expr","locations":[{"start":{"line":100,"column":54},"end":{"line":100,"column":69}},{"start":{"line":100,"column":67},"end":{"line":100,"column":69}}]},"11":{"loc":{"start":{"line":122,"column":50},"end":{"line":122,"column":52}},"type":"cond-expr","locations":[{"start":{"line":122,"column":50},"end":{"line":122,"column":52}},{"start":{"line":122,"column":54},"end":{"line":122,"column":77}}]},"12":{"loc":{"start":{"line":122,"column":24},"end":{"line":122,"column":26}},"type":"cond-expr","locations":[{"start":{"line":122,"column":24},"end":{"line":122,"column":26}},{"start":{"line":122,"column":24},"end":{"line":122,"column":34}}]},"13":{"loc":{"start":{"line":122,"column":12},"end":{"line":122,"column":26}},"type":"binary-expr","locations":[{"start":{"line":122,"column":12},"end":{"line":122,"column":26}},{"start":{"line":122,"column":24},"end":{"line":122,"column":26}}]},"14":{"loc":{"start":{"line":122,"column":67},"end":{"line":122,"column":69}},"type":"cond-expr","locations":[{"start":{"line":122,"column":67},"end":{"line":122,"column":69}},{"start":{"line":122,"column":67},"end":{"line":122,"column":77}}]},"15":{"loc":{"start":{"line":122,"column":54},"end":{"line":122,"column":69}},"type":"binary-expr","locations":[{"start":{"line":122,"column":54},"end":{"line":122,"column":69}},{"start":{"line":122,"column":67},"end":{"line":122,"column":69}}]},"16":{"loc":{"start":{"line":145,"column":50},"end":{"line":145,"column":52}},"type":"cond-expr","locations":[{"start":{"line":145,"column":50},"end":{"line":145,"column":52}},{"start":{"line":145,"column":54},"end":{"line":145,"column":77}}]},"17":{"loc":{"start":{"line":145,"column":24},"end":{"line":145,"column":26}},"type":"cond-expr","locations":[{"start":{"line":145,"column":24},"end":{"line":145,"column":26}},{"start":{"line":145,"column":24},"end":{"line":145,"column":34}}]},"18":{"loc":{"start":{"line":145,"column":12},"end":{"line":145,"column":26}},"type":"binary-expr","locations":[{"start":{"line":145,"column":12},"end":{"line":145,"column":26}},{"start":{"line":145,"column":24},"end":{"line":145,"column":26}}]},"19":{"loc":{"start":{"line":145,"column":67},"end":{"line":145,"column":69}},"type":"cond-expr","locations":[{"start":{"line":145,"column":67},"end":{"line":145,"column":69}},{"start":{"line":145,"column":67},"end":{"line":145,"column":77}}]},"20":{"loc":{"start":{"line":145,"column":54},"end":{"line":145,"column":69}},"type":"binary-expr","locations":[{"start":{"line":145,"column":54},"end":{"line":145,"column":69}},{"start":{"line":145,"column":67},"end":{"line":145,"column":69}}]},"21":{"loc":{"start":{"line":150,"column":89},"end":{"line":150,"column":93}},"type":"cond-expr","locations":[{"start":{"line":150,"column":89},"end":{"line":150,"column":93}},{"start":{"line":150,"column":93},"end":{"line":150,"column":95}}]},"22":{"loc":{"start":{"line":150,"column":65},"end":{"line":150,"column":93}},"type":"binary-expr","locations":[{"start":{"line":150,"column":65},"end":{"line":150,"column":93}},{"start":{"line":150,"column":89},"end":{"line":150,"column":93}}]},"23":{"loc":{"start":{"line":150,"column":79},"end":{"line":150,"column":81}},"type":"cond-expr","locations":[{"start":{"line":150,"column":79},"end":{"line":150,"column":81}},{"start":{"line":150,"column":79},"end":{"line":150,"column":89}}]},"24":{"loc":{"start":{"line":150,"column":65},"end":{"line":150,"column":81}},"type":"binary-expr","locations":[{"start":{"line":150,"column":65},"end":{"line":150,"column":81}},{"start":{"line":150,"column":79},"end":{"line":150,"column":81}}]}},"s":{"0":7,"1":7,"2":7,"3":7,"4":13,"5":4,"6":4,"7":4,"8":7,"9":16,"10":7,"11":6,"12":7,"13":6,"14":7,"15":4,"16":7,"17":2,"18":7,"19":7},"f":{"0":7,"1":13,"2":16,"3":6,"4":6,"5":4,"6":2},"b":{"0":[4,9],"1":[0,16],"2":[0,16],"3":[16,16],"4":[0,16],"5":[16,16],"6":[0,6],"7":[0,6],"8":[6,6],"9":[0,6],"10":[6,6],"11":[0,6],"12":[0,6],"13":[6,6],"14":[0,6],"15":[6,6],"16":[0,4],"17":[0,4],"18":[4,4],"19":[0,4],"20":[4,4],"21":[2,0],"22":[2,2],"23":[0,2],"24":[2,2]}}
,"C:\\Users\\korea\\repos\\JS\\Inscriber\\src\\InscriberConfig.ts": {"path":"C:\\Users\\korea\\repos\\JS\\Inscriber\\src\\InscriberConfig.ts","statementMap":{"0":{"start":{"line":12,"column":0},"end":{"line":12,"column":74}},"1":{"start":{"line":14,"column":0},"end":{"line":14,"column":52}},"2":{"start":{"line":16,"column":0},"end":{"line":16,"column":13}},"3":{"start":{"line":17,"column":12},"end":{"line":17,"column":95}},"4":{"start":{"line":28,"column":12},"end":{"line":68,"column":6}},"5":{"start":{"line":77,"column":11},"end":{"line":77,"column":23}},"6":{"start":{"line":78,"column":11},"end":{"line":78,"column":41}},"7":{"start":{"line":79,"column":12},"end":{"line":79,"column":56}},"8":{"start":{"line":89,"column":12},"end":{"line":92,"column":null}},"9":{"start":{"line":90,"column":8},"end":{"line":90,"column":79}},"10":{"start":{"line":90,"column":67},"end":{"line":90,"column":79}},"11":{"start":{"line":91,"column":8},"end":{"line":91,"column":21}},"12":{"start":{"line":94,"column":12},"end":{"line":97,"column":null}},"13":{"start":{"line":95,"column":8},"end":{"line":95,"column":60}},"14":{"start":{"line":95,"column":40},"end":{"line":95,"column":60}},"15":{"start":{"line":96,"column":8},"end":{"line":96,"column":94}},"16":{"start":{"line":99,"column":12},"end":{"line":103,"column":null}},"17":{"start":{"line":100,"column":19},"end":{"line":100,"column":56}},"18":{"start":{"line":101,"column":8},"end":{"line":101,"column":86}},"19":{"start":{"line":102,"column":8},"end":{"line":102,"column":57}},"20":{"start":{"line":109,"column":11},"end":{"line":111,"column":null}},"21":{"start":{"line":110,"column":8},"end":{"line":110,"column":44}},"22":{"start":{"line":113,"column":12},"end":{"line":118,"column":null}},"23":{"start":{"line":114,"column":30},"end":{"line":114,"column":32}},"24":{"start":{"line":115,"column":8},"end":{"line":115,"column":78}},"25":{"start":{"line":115,"column":40},"end":{"line":115,"column":78}},"26":{"start":{"line":116,"column":8},"end":{"line":116,"column":null}},"27":{"start":{"line":116,"column":25},"end":{"line":116,"column":30}},"28":{"start":{"line":116,"column":21},"end":{"line":116,"column":25}},"29":{"start":{"line":116,"column":32},"end":{"line":116,"column":102}},"30":{"start":{"line":116,"column":69},"end":{"line":116,"column":102}},"31":{"start":{"line":117,"column":8},"end":{"line":117,"column":32}},"32":{"start":{"line":120,"column":11},"end":{"line":130,"column":null}},"33":{"start":{"line":121,"column":8},"end":{"line":121,"column":29}},"34":{"start":{"line":122,"column":8},"end":{"line":129,"column":null}},"35":{"start":{"line":123,"column":12},"end":{"line":128,"column":null}},"36":{"start":{"line":124,"column":16},"end":{"line":124,"column":38}},"37":{"start":{"line":125,"column":16},"end":{"line":125,"column":36}},"38":{"start":{"line":127,"column":16},"end":{"line":127,"column":39}},"39":{"start":{"line":131,"column":12},"end":{"line":137,"column":null}},"40":{"start":{"line":132,"column":19},"end":{"line":132,"column":55}},"41":{"start":{"line":133,"column":8},"end":{"line":135,"column":11}},"42":{"start":{"line":136,"column":8},"end":{"line":136,"column":47}},"43":{"start":{"line":139,"column":0},"end":{"line":139,"column":null}},"44":{"start":{"line":16,"column":13},"end":{"line":16,"column":28}}},"fnMap":{"0":{"name":"(anonymous_0)","decl":{"start":{"line":16,"column":0},"end":{"line":16,"column":13}},"loc":{"start":{"line":16,"column":0},"end":{"line":139,"column":null}}},"1":{"name":"(anonymous_2)","decl":{"start":{"line":89,"column":4},"end":{"line":89,"column":12}},"loc":{"start":{"line":89,"column":4},"end":{"line":92,"column":5}}},"2":{"name":"(anonymous_3)","decl":{"start":{"line":94,"column":4},"end":{"line":94,"column":12}},"loc":{"start":{"line":94,"column":4},"end":{"line":97,"column":5}}},"3":{"name":"(anonymous_4)","decl":{"start":{"line":99,"column":4},"end":{"line":99,"column":12}},"loc":{"start":{"line":99,"column":4},"end":{"line":103,"column":5}}},"4":{"name":"(anonymous_5)","decl":{"start":{"line":109,"column":4},"end":{"line":109,"column":11}},"loc":{"start":{"line":109,"column":4},"end":{"line":111,"column":5}}},"5":{"name":"(anonymous_6)","decl":{"start":{"line":113,"column":4},"end":{"line":113,"column":12}},"loc":{"start":{"line":113,"column":35},"end":{"line":118,"column":5}}},"6":{"name":"(anonymous_7)","decl":{"start":{"line":120,"column":4},"end":{"line":120,"column":11}},"loc":{"start":{"line":120,"column":36},"end":{"line":130,"column":5}}},"7":{"name":"(anonymous_8)","decl":{"start":{"line":131,"column":4},"end":{"line":131,"column":12}},"loc":{"start":{"line":131,"column":4},"end":{"line":137,"column":5}}}},"branchMap":{"0":{"loc":{"start":{"line":90,"column":8},"end":{"line":90,"column":79}},"type":"if","locations":[{"start":{"line":90,"column":8},"end":{"line":90,"column":79}},{"start":{"line":90,"column":8},"end":{"line":90,"column":79}}]},"1":{"loc":{"start":{"line":90,"column":38},"end":{"line":90,"column":40}},"type":"cond-expr","locations":[{"start":{"line":90,"column":38},"end":{"line":90,"column":40}},{"start":{"line":90,"column":38},"end":{"line":90,"column":44}}]},"2":{"loc":{"start":{"line":90,"column":23},"end":{"line":90,"column":40}},"type":"binary-expr","locations":[{"start":{"line":90,"column":23},"end":{"line":90,"column":40}},{"start":{"line":90,"column":38},"end":{"line":90,"column":40}}]},"3":{"loc":{"start":{"line":95,"column":8},"end":{"line":95,"column":60}},"type":"if","locations":[{"start":{"line":95,"column":8},"end":{"line":95,"column":60}},{"start":{"line":95,"column":8},"end":{"line":95,"column":60}}]},"4":{"loc":{"start":{"line":96,"column":43},"end":{"line":96,"column":45}},"type":"cond-expr","locations":[{"start":{"line":96,"column":43},"end":{"line":96,"column":45}},{"start":{"line":96,"column":43},"end":{"line":96,"column":49}}]},"5":{"loc":{"start":{"line":96,"column":28},"end":{"line":96,"column":45}},"type":"binary-expr","locations":[{"start":{"line":96,"column":28},"end":{"line":96,"column":45}},{"start":{"line":96,"column":43},"end":{"line":96,"column":45}}]},"6":{"loc":{"start":{"line":101,"column":37},"end":{"line":101,"column":39}},"type":"cond-expr","locations":[{"start":{"line":101,"column":37},"end":{"line":101,"column":39}},{"start":{"line":101,"column":37},"end":{"line":101,"column":43}}]},"7":{"loc":{"start":{"line":101,"column":22},"end":{"line":101,"column":39}},"type":"binary-expr","locations":[{"start":{"line":101,"column":22},"end":{"line":101,"column":39}},{"start":{"line":101,"column":37},"end":{"line":101,"column":39}}]},"8":{"loc":{"start":{"line":115,"column":8},"end":{"line":115,"column":78}},"type":"if","locations":[{"start":{"line":115,"column":8},"end":{"line":115,"column":78}},{"start":{"line":115,"column":8},"end":{"line":115,"column":78}}]},"9":{"loc":{"start":{"line":116,"column":32},"end":{"line":116,"column":102}},"type":"if","locations":[{"start":{"line":116,"column":32},"end":{"line":116,"column":102}},{"start":{"line":116,"column":32},"end":{"line":116,"column":102}}]},"10":{"loc":{"start":{"line":122,"column":8},"end":{"line":129,"column":null}},"type":"if","locations":[{"start":{"line":122,"column":8},"end":{"line":129,"column":null}},{"start":{"line":122,"column":8},"end":{"line":129,"column":null}}]},"11":{"loc":{"start":{"line":123,"column":12},"end":{"line":128,"column":null}},"type":"if","locations":[{"start":{"line":123,"column":12},"end":{"line":128,"column":null}},{"start":{"line":123,"column":12},"end":{"line":128,"column":null}}]},"12":{"loc":{"start":{"line":133,"column":59},"end":{"line":133,"column":63}},"type":"cond-expr","locations":[{"start":{"line":133,"column":59},"end":{"line":133,"column":63}},{"start":{"line":133,"column":66},"end":{"line":133,"column":83}}]},"13":{"loc":{"start":{"line":133,"column":37},"end":{"line":133,"column":39}},"type":"cond-expr","locations":[{"start":{"line":133,"column":37},"end":{"line":133,"column":39}},{"start":{"line":133,"column":37},"end":{"line":133,"column":43}}]},"14":{"loc":{"start":{"line":133,"column":25},"end":{"line":133,"column":39}},"type":"binary-expr","locations":[{"start":{"line":133,"column":25},"end":{"line":133,"column":39}},{"start":{"line":133,"column":37},"end":{"line":133,"column":39}}]}},"s":{"0":7,"1":7,"2":7,"3":42,"4":42,"5":42,"6":42,"7":42,"8":7,"9":42,"10":42,"11":0,"12":7,"13":38,"14":0,"15":38,"16":7,"17":0,"18":0,"19":0,"20":7,"21":38,"22":7,"23":168,"24":168,"25":168,"26":168,"27":336,"28":1176,"29":1176,"30":168,"31":0,"32":7,"33":4,"34":4,"35":4,"36":0,"37":0,"38":4,"39":7,"40":4,"41":4,"42":4,"43":7,"44":7},"f":{"0":49,"1":42,"2":38,"3":0,"4":38,"5":168,"6":4,"7":4},"b":{"0":[42,0],"1":[0,42],"2":[42,42],"3":[0,38],"4":[0,38],"5":[38,38],"6":[0,0],"7":[0,0],"8":[168,0],"9":[168,1008],"10":[4,0],"11":[0,4],"12":[0,4],"13":[0,4],"14":[4,4]}}
,"C:\\Users\\korea\\repos\\JS\\Inscriber\\src\\InscriberSystem.ts": {"path":"C:\\Users\\korea\\repos\\JS\\Inscriber\\src\\InscriberSystem.ts","statementMap":{"0":{"start":{"line":12,"column":0},"end":{"line":12,"column":32}},"1":{"start":{"line":27,"column":0},"end":{"line":27,"column":13}},"2":{"start":{"line":32,"column":24},"end":{"line":32,"column":111}},"3":{"start":{"line":33,"column":8},"end":{"line":33,"column":109}},"4":{"start":{"line":34,"column":8},"end":{"line":34,"column":111}},"5":{"start":{"line":35,"column":8},"end":{"line":35,"column":111}},"6":{"start":{"line":36,"column":8},"end":{"line":36,"column":35}},"7":{"start":{"line":38,"column":8},"end":{"line":39,"column":123}},"8":{"start":{"line":41,"column":8},"end":{"line":42,"column":121}},"9":{"start":{"line":43,"column":8},"end":{"line":43,"column":115}},"10":{"start":{"line":46,"column":11},"end":{"line":48,"column":null}},"11":{"start":{"line":47,"column":8},"end":{"line":47,"column":101}},"12":{"start":{"line":50,"column":11},"end":{"line":52,"column":null}},"13":{"start":{"line":51,"column":8},"end":{"line":51,"column":30}},"14":{"start":{"line":53,"column":0},"end":{"line":53,"column":null}},"15":{"start":{"line":27,"column":13},"end":{"line":27,"column":28}}},"fnMap":{"0":{"name":"(anonymous_0)","decl":{"start":{"line":27,"column":0},"end":{"line":27,"column":13}},"loc":{"start":{"line":27,"column":0},"end":{"line":53,"column":null}}},"1":{"name":"InscriberSystem","decl":{"start":{"line":31,"column":4},"end":{"line":31,"column":null}},"loc":{"start":{"line":31,"column":4},"end":{"line":44,"column":5}}},"2":{"name":"(anonymous_2)","decl":{"start":{"line":46,"column":4},"end":{"line":46,"column":11}},"loc":{"start":{"line":46,"column":4},"end":{"line":48,"column":5}}},"3":{"name":"(anonymous_3)","decl":{"start":{"line":50,"column":4},"end":{"line":50,"column":11}},"loc":{"start":{"line":50,"column":4},"end":{"line":52,"column":5}}}},"branchMap":{},"s":{"0":7,"1":7,"2":2,"3":2,"4":2,"5":2,"6":2,"7":2,"8":2,"9":2,"10":7,"11":0,"12":7,"13":2,"14":7,"15":7},"f":{"0":7,"1":2,"2":0,"3":2},"b":{}}
,"C:\\Users\\korea\\repos\\JS\\Inscriber\\src\\index.ts": {"path":"C:\\Users\\korea\\repos\\JS\\Inscriber\\src\\index.ts","statementMap":{"0":{"start":{"line":18,"column":0},"end":{"line":18,"column":28}},"1":{"start":{"line":20,"column":0},"end":{"line":20,"column":50}},"2":{"start":{"line":21,"column":0},"end":{"line":21,"column":44}}},"fnMap":{},"branchMap":{},"s":{"0":7,"1":7,"2":7},"f":{},"b":{}}
,"C:\\Users\\korea\\repos\\JS\\Inscriber\\src\\builders\\CustomLogBuilder.ts": {"path":"C:\\Users\\korea\\repos\\JS\\Inscriber\\src\\builders\\CustomLogBuilder.ts","statementMap":{"0":{"start":{"line":13,"column":0},"end":{"line":13,"column":13}},"1":{"start":{"line":16,"column":8},"end":{"line":22,"column":10}},"2":{"start":{"line":25,"column":4},"end":{"line":28,"column":null}},"3":{"start":{"line":26,"column":8},"end":{"line":26,"column":33}},"4":{"start":{"line":27,"column":8},"end":{"line":27,"column":20}},"5":{"start":{"line":30,"column":4},"end":{"line":33,"column":null}},"6":{"start":{"line":31,"column":8},"end":{"line":31,"column":39}},"7":{"start":{"line":32,"column":8},"end":{"line":32,"column":20}},"8":{"start":{"line":35,"column":4},"end":{"line":38,"column":null}},"9":{"start":{"line":36,"column":8},"end":{"line":36,"column":33}},"10":{"start":{"line":37,"column":8},"end":{"line":37,"column":20}},"11":{"start":{"line":40,"column":4},"end":{"line":43,"column":null}},"12":{"start":{"line":41,"column":8},"end":{"line":41,"column":39}},"13":{"start":{"line":42,"column":8},"end":{"line":42,"column":20}},"14":{"start":{"line":44,"column":4},"end":{"line":47,"column":null}},"15":{"start":{"line":45,"column":8},"end":{"line":45,"column":35}},"16":{"start":{"line":46,"column":8},"end":{"line":46,"column":20}},"17":{"start":{"line":48,"column":4},"end":{"line":50,"column":null}},"18":{"start":{"line":49,"column":8},"end":{"line":49,"column":28}},"19":{"start":{"line":51,"column":0},"end":{"line":51,"column":null}},"20":{"start":{"line":13,"column":13},"end":{"line":13,"column":29}}},"fnMap":{"0":{"name":"(anonymous_0)","decl":{"start":{"line":13,"column":0},"end":{"line":13,"column":13}},"loc":{"start":{"line":13,"column":0},"end":{"line":51,"column":null}}},"1":{"name":"CustomLogBuilder","decl":{"start":{"line":15,"column":4},"end":{"line":15,"column":null}},"loc":{"start":{"line":15,"column":4},"end":{"line":23,"column":5}}},"2":{"name":"(anonymous_2)","decl":{"start":{"line":25,"column":4},"end":{"line":25,"column":11}},"loc":{"start":{"line":25,"column":24},"end":{"line":28,"column":5}}},"3":{"name":"(anonymous_3)","decl":{"start":{"line":30,"column":4},"end":{"line":30,"column":14}},"loc":{"start":{"line":30,"column":32},"end":{"line":33,"column":5}}},"4":{"name":"(anonymous_4)","decl":{"start":{"line":35,"column":4},"end":{"line":35,"column":11}},"loc":{"start":{"line":35,"column":24},"end":{"line":38,"column":5}}},"5":{"name":"(anonymous_5)","decl":{"start":{"line":40,"column":4},"end":{"line":40,"column":14}},"loc":{"start":{"line":40,"column":30},"end":{"line":43,"column":5}}},"6":{"name":"(anonymous_6)","decl":{"start":{"line":44,"column":4},"end":{"line":44,"column":12}},"loc":{"start":{"line":44,"column":56},"end":{"line":47,"column":5}}},"7":{"name":"(anonymous_7)","decl":{"start":{"line":48,"column":4},"end":{"line":48,"column":9}},"loc":{"start":{"line":48,"column":4},"end":{"line":50,"column":5}}}},"branchMap":{},"s":{"0":7,"1":2,"2":7,"3":2,"4":2,"5":7,"6":0,"7":0,"8":7,"9":2,"10":2,"11":7,"12":2,"13":2,"14":7,"15":2,"16":2,"17":7,"18":2,"19":7,"20":7},"f":{"0":7,"1":2,"2":2,"3":0,"4":2,"5":2,"6":2,"7":2},"b":{}}
,"C:\\Users\\korea\\repos\\JS\\Inscriber\\src\\builders\\InscriberConfigBuilder.ts": {"path":"C:\\Users\\korea\\repos\\JS\\Inscriber\\src\\builders\\InscriberConfigBuilder.ts","statementMap":{"0":{"start":{"line":15,"column":0},"end":{"line":15,"column":53}},"1":{"start":{"line":27,"column":0},"end":{"line":27,"column":13}},"2":{"start":{"line":40,"column":8},"end":{"line":40,"column":52}},"3":{"start":{"line":41,"column":8},"end":{"line":41,"column":47}},"4":{"start":{"line":54,"column":11},"end":{"line":57,"column":null}},"5":{"start":{"line":54,"column":23},"end":{"line":54,"column":null}},"6":{"start":{"line":55,"column":8},"end":{"line":55,"column":46}},"7":{"start":{"line":56,"column":8},"end":{"line":56,"column":20}},"8":{"start":{"line":69,"column":11},"end":{"line":72,"column":null}},"9":{"start":{"line":69,"column":19},"end":{"line":69,"column":null}},"10":{"start":{"line":70,"column":8},"end":{"line":70,"column":37}},"11":{"start":{"line":71,"column":8},"end":{"line":71,"column":20}},"12":{"start":{"line":84,"column":11},"end":{"line":87,"column":null}},"13":{"start":{"line":84,"column":21},"end":{"line":84,"column":null}},"14":{"start":{"line":85,"column":8},"end":{"line":85,"column":39}},"15":{"start":{"line":86,"column":8},"end":{"line":86,"column":20}},"16":{"start":{"line":98,"column":11},"end":{"line":111,"column":null}},"17":{"start":{"line":99,"column":8},"end":{"line":99,"column":13}},"18":{"start":{"line":99,"column":13},"end":{"line":99,"column":null}},"19":{"start":{"line":100,"column":8},"end":{"line":100,"column":12}},"20":{"start":{"line":100,"column":12},"end":{"line":100,"column":null}},"21":{"start":{"line":101,"column":8},"end":{"line":101,"column":13}},"22":{"start":{"line":101,"column":13},"end":{"line":101,"column":null}},"23":{"start":{"line":102,"column":8},"end":{"line":102,"column":12}},"24":{"start":{"line":102,"column":12},"end":{"line":102,"column":null}},"25":{"start":{"line":104,"column":8},"end":{"line":109,"column":10}},"26":{"start":{"line":110,"column":8},"end":{"line":110,"column":20}},"27":{"start":{"line":122,"column":11},"end":{"line":148,"column":null}},"28":{"start":{"line":123,"column":8},"end":{"line":123,"column":13}},"29":{"start":{"line":123,"column":13},"end":{"line":126,"column":null}},"30":{"start":{"line":127,"column":8},"end":{"line":127,"column":12}},"31":{"start":{"line":127,"column":12},"end":{"line":130,"column":null}},"32":{"start":{"line":131,"column":8},"end":{"line":131,"column":13}},"33":{"start":{"line":131,"column":13},"end":{"line":134,"column":null}},"34":{"start":{"line":135,"column":8},"end":{"line":135,"column":12}},"35":{"start":{"line":135,"column":12},"end":{"line":138,"column":null}},"36":{"start":{"line":140,"column":8},"end":{"line":145,"column":10}},"37":{"start":{"line":147,"column":8},"end":{"line":147,"column":20}},"38":{"start":{"line":162,"column":11},"end":{"line":175,"column":null}},"39":{"start":{"line":163,"column":8},"end":{"line":163,"column":13}},"40":{"start":{"line":163,"column":13},"end":{"line":163,"column":null}},"41":{"start":{"line":164,"column":8},"end":{"line":164,"column":12}},"42":{"start":{"line":164,"column":12},"end":{"line":164,"column":null}},"43":{"start":{"line":165,"column":8},"end":{"line":165,"column":13}},"44":{"start":{"line":165,"column":13},"end":{"line":165,"column":null}},"45":{"start":{"line":166,"column":8},"end":{"line":166,"column":12}},"46":{"start":{"line":166,"column":12},"end":{"line":166,"column":null}},"47":{"start":{"line":168,"column":8},"end":{"line":173,"column":10}},"48":{"start":{"line":174,"column":8},"end":{"line":174,"column":20}},"49":{"start":{"line":177,"column":4},"end":{"line":180,"column":null}},"50":{"start":{"line":178,"column":8},"end":{"line":178,"column":51}},"51":{"start":{"line":179,"column":8},"end":{"line":179,"column":20}},"52":{"start":{"line":194,"column":11},"end":{"line":196,"column":null}},"53":{"start":{"line":195,"column":8},"end":{"line":195,"column":27}},"54":{"start":{"line":198,"column":0},"end":{"line":198,"column":null}},"55":{"start":{"line":27,"column":13},"end":{"line":27,"column":35}}},"fnMap":{"0":{"name":"(anonymous_0)","decl":{"start":{"line":27,"column":0},"end":{"line":27,"column":13}},"loc":{"start":{"line":27,"column":0},"end":{"line":198,"column":null}}},"1":{"name":"InscriberConfigBuilder","decl":{"start":{"line":39,"column":4},"end":{"line":39,"column":null}},"loc":{"start":{"line":39,"column":4},"end":{"line":42,"column":5}}},"2":{"name":"(anonymous_2)","decl":{"start":{"line":54,"column":4},"end":{"line":54,"column":11}},"loc":{"start":{"line":54,"column":66},"end":{"line":57,"column":5}}},"3":{"name":"(anonymous_3)","decl":{"start":{"line":69,"column":4},"end":{"line":69,"column":11}},"loc":{"start":{"line":69,"column":37},"end":{"line":72,"column":5}}},"4":{"name":"(anonymous_4)","decl":{"start":{"line":84,"column":4},"end":{"line":84,"column":11}},"loc":{"start":{"line":84,"column":39},"end":{"line":87,"column":5}}},"5":{"name":"(anonymous_5)","decl":{"start":{"line":98,"column":4},"end":{"line":98,"column":11}},"loc":{"start":{"line":103,"column":5},"end":{"line":111,"column":5}}},"6":{"name":"(anonymous_6)","decl":{"start":{"line":122,"column":4},"end":{"line":122,"column":11}},"loc":{"start":{"line":139,"column":5},"end":{"line":148,"column":5}}},"7":{"name":"(anonymous_7)","decl":{"start":{"line":162,"column":4},"end":{"line":162,"column":11}},"loc":{"start":{"line":167,"column":5},"end":{"line":175,"column":5}}},"8":{"name":"(anonymous_8)","decl":{"start":{"line":177,"column":4},"end":{"line":177,"column":16}},"loc":{"start":{"line":177,"column":43},"end":{"line":180,"column":5}}},"9":{"name":"(anonymous_9)","decl":{"start":{"line":194,"column":4},"end":{"line":194,"column":11}},"loc":{"start":{"line":194,"column":4},"end":{"line":196,"column":5}}}},"branchMap":{"0":{"loc":{"start":{"line":54,"column":23},"end":{"line":54,"column":null}},"type":"if","locations":[{"start":{"line":54,"column":23},"end":{"line":54,"column":null}},{"start":{"line":54,"column":23},"end":{"line":54,"column":null}}]},"1":{"loc":{"start":{"line":69,"column":19},"end":{"line":69,"column":null}},"type":"if","locations":[{"start":{"line":69,"column":19},"end":{"line":69,"column":null}},{"start":{"line":69,"column":19},"end":{"line":69,"column":null}}]},"2":{"loc":{"start":{"line":84,"column":21},"end":{"line":84,"column":null}},"type":"if","locations":[{"start":{"line":84,"column":21},"end":{"line":84,"column":null}},{"start":{"line":84,"column":21},"end":{"line":84,"column":null}}]},"3":{"loc":{"start":{"line":99,"column":16},"end":{"line":99,"column":51}},"type":"cond-expr","locations":[{"start":{"line":99,"column":16},"end":{"line":99,"column":51}},{"start":{"line":99,"column":51},"end":{"line":99,"column":null}}]},"4":{"loc":{"start":{"line":100,"column":15},"end":{"line":100,"column":50}},"type":"cond-expr","locations":[{"start":{"line":100,"column":15},"end":{"line":100,"column":50}},{"start":{"line":100,"column":50},"end":{"line":100,"column":null}}]},"5":{"loc":{"start":{"line":101,"column":16},"end":{"line":101,"column":51}},"type":"cond-expr","locations":[{"start":{"line":101,"column":16},"end":{"line":101,"column":51}},{"start":{"line":101,"column":51},"end":{"line":101,"column":null}}]},"6":{"loc":{"start":{"line":102,"column":15},"end":{"line":102,"column":50}},"type":"cond-expr","locations":[{"start":{"line":102,"column":15},"end":{"line":102,"column":50}},{"start":{"line":102,"column":50},"end":{"line":102,"column":null}}]},"7":{"loc":{"start":{"line":123,"column":16},"end":{"line":126,"column":null}},"type":"cond-expr","locations":[{"start":{"line":123,"column":16},"end":{"line":126,"column":null}},{"start":{"line":126,"column":9},"end":{"line":126,"column":null}}]},"8":{"loc":{"start":{"line":127,"column":15},"end":{"line":130,"column":null}},"type":"cond-expr","locations":[{"start":{"line":127,"column":15},"end":{"line":130,"column":null}},{"start":{"line":130,"column":9},"end":{"line":130,"column":null}}]},"9":{"loc":{"start":{"line":131,"column":16},"end":{"line":134,"column":null}},"type":"cond-expr","locations":[{"start":{"line":131,"column":16},"end":{"line":134,"column":null}},{"start":{"line":134,"column":9},"end":{"line":134,"column":null}}]},"10":{"loc":{"start":{"line":135,"column":15},"end":{"line":138,"column":null}},"type":"cond-expr","locations":[{"start":{"line":135,"column":15},"end":{"line":138,"column":null}},{"start":{"line":138,"column":9},"end":{"line":138,"column":null}}]},"11":{"loc":{"start":{"line":163,"column":16},"end":{"line":163,"column":30}},"type":"cond-expr","locations":[{"start":{"line":163,"column":16},"end":{"line":163,"column":30}},{"start":{"line":163,"column":30},"end":{"line":163,"column":null}}]},"12":{"loc":{"start":{"line":164,"column":15},"end":{"line":164,"column":28}},"type":"cond-expr","locations":[{"start":{"line":164,"column":15},"end":{"line":164,"column":28}},{"start":{"line":164,"column":28},"end":{"line":164,"column":null}}]},"13":{"loc":{"start":{"line":165,"column":16},"end":{"line":165,"column":30}},"type":"cond-expr","locations":[{"start":{"line":165,"column":16},"end":{"line":165,"column":30}},{"start":{"line":165,"column":30},"end":{"line":165,"column":null}}]},"14":{"loc":{"start":{"line":166,"column":15},"end":{"line":166,"column":28}},"type":"cond-expr","locations":[{"start":{"line":166,"column":15},"end":{"line":166,"column":28}},{"start":{"line":166,"column":28},"end":{"line":166,"column":null}}]}},"s":{"0":7,"1":7,"2":4,"3":4,"4":7,"5":0,"6":0,"7":0,"8":7,"9":1,"10":1,"11":1,"12":7,"13":5,"14":4,"15":4,"16":7,"17":1,"18":1,"19":1,"20":1,"21":1,"22":1,"23":1,"24":1,"25":1,"26":1,"27":7,"28":0,"29":0,"30":0,"31":0,"32":0,"33":0,"34":0,"35":0,"36":0,"37":0,"38":7,"39":0,"40":0,"41":0,"42":0,"43":0,"44":0,"45":0,"46":0,"47":0,"48":0,"49":7,"50":2,"51":2,"52":7,"53":4,"54":7,"55":7},"f":{"0":7,"1":4,"2":0,"3":1,"4":4,"5":1,"6":0,"7":0,"8":2,"9":4},"b":{"0":[0,0],"1":[0,1],"2":[1,3],"3":[0,1],"4":[1,0],"5":[1,0],"6":[1,0],"7":[0,0],"8":[0,0],"9":[0,0],"10":[0,0],"11":[0,0],"12":[0,0],"13":[0,0],"14":[0,0]}}
,"C:\\Users\\korea\\repos\\JS\\Inscriber\\src\\classes\\Debug.ts": {"path":"C:\\Users\\korea\\repos\\JS\\Inscriber\\src\\classes\\Debug.ts","statementMap":{"0":{"start":{"line":12,"column":0},"end":{"line":12,"column":32}},"1":{"start":{"line":13,"column":0},"end":{"line":13,"column":34}},"2":{"start":{"line":15,"column":0},"end":{"line":15,"column":43}},"3":{"start":{"line":18,"column":0},"end":{"line":18,"column":13}},"4":{"start":{"line":20,"column":8},"end":{"line":34,"column":null}},"5":{"start":{"line":21,"column":12},"end":{"line":33,"column":null}},"6":{"start":{"line":22,"column":16},"end":{"line":25,"column":22}},"7":{"start":{"line":23,"column":20},"end":{"line":25,"column":22}},"8":{"start":{"line":26,"column":16},"end":{"line":26,"column":89}},"9":{"start":{"line":28,"column":16},"end":{"line":31,"column":22}},"10":{"start":{"line":29,"column":20},"end":{"line":31,"column":22}},"11":{"start":{"line":32,"column":16},"end":{"line":32,"column":90}},"12":{"start":{"line":35,"column":8},"end":{"line":35,"column":55}},"13":{"start":{"line":38,"column":4},"end":{"line":41,"column":null}},"14":{"start":{"line":39,"column":22},"end":{"line":39,"column":64}},"15":{"start":{"line":40,"column":8},"end":{"line":40,"column":96}},"16":{"start":{"line":42,"column":4},"end":{"line":46,"column":null}},"17":{"start":{"line":43,"column":22},"end":{"line":43,"column":64}},"18":{"start":{"line":45,"column":8},"end":{"line":45,"column":56}},"19":{"start":{"line":47,"column":4},"end":{"line":56,"column":null}},"20":{"start":{"line":48,"column":20},"end":{"line":48,"column":46}},"21":{"start":{"line":49,"column":8},"end":{"line":55,"column":null}},"22":{"start":{"line":50,"column":12},"end":{"line":51,"column":83}},"23":{"start":{"line":50,"column":44},"end":{"line":50,"column":110}},"24":{"start":{"line":51,"column":17},"end":{"line":51,"column":83}},"25":{"start":{"line":53,"column":12},"end":{"line":54,"column":87}},"26":{"start":{"line":53,"column":44},"end":{"line":53,"column":110}},"27":{"start":{"line":54,"column":17},"end":{"line":54,"column":87}},"28":{"start":{"line":57,"column":4},"end":{"line":65,"column":null}},"29":{"start":{"line":58,"column":18},"end":{"line":58,"column":46}},"30":{"start":{"line":59,"column":8},"end":{"line":59,"column":77}},"31":{"start":{"line":60,"column":8},"end":{"line":60,"column":46}},"32":{"start":{"line":61,"column":8},"end":{"line":61,"column":45}},"33":{"start":{"line":62,"column":8},"end":{"line":62,"column":48}},"34":{"start":{"line":64,"column":8},"end":{"line":64,"column":19}},"35":{"start":{"line":66,"column":0},"end":{"line":66,"column":null}},"36":{"start":{"line":18,"column":13},"end":{"line":18,"column":23}}},"fnMap":{"0":{"name":"(anonymous_0)","decl":{"start":{"line":18,"column":0},"end":{"line":18,"column":13}},"loc":{"start":{"line":18,"column":0},"end":{"line":66,"column":null}}},"1":{"name":"DebugClass","decl":{"start":{"line":19,"column":4},"end":{"line":19,"column":16}},"loc":{"start":{"line":19,"column":72},"end":{"line":36,"column":5}}},"2":{"name":"(anonymous_2)","decl":{"start":{"line":38,"column":4},"end":{"line":38,"column":9}},"loc":{"start":{"line":38,"column":75},"end":{"line":41,"column":5}}},"3":{"name":"(anonymous_3)","decl":{"start":{"line":42,"column":4},"end":{"line":42,"column":9}},"loc":{"start":{"line":42,"column":57},"end":{"line":46,"column":5}}},"4":{"name":"(anonymous_4)","decl":{"start":{"line":47,"column":4},"end":{"line":47,"column":16}},"loc":{"start":{"line":47,"column":48},"end":{"line":56,"column":5}}},"5":{"name":"(anonymous_5)","decl":{"start":{"line":57,"column":4},"end":{"line":57,"column":16}},"loc":{"start":{"line":57,"column":64},"end":{"line":65,"column":5}}}},"branchMap":{"0":{"loc":{"start":{"line":20,"column":8},"end":{"line":34,"column":null}},"type":"if","locations":[{"start":{"line":20,"column":8},"end":{"line":34,"column":null}},{"start":{"line":20,"column":8},"end":{"line":34,"column":null}}]},"1":{"loc":{"start":{"line":21,"column":12},"end":{"line":33,"column":null}},"type":"if","locations":[{"start":{"line":21,"column":12},"end":{"line":33,"column":null}},{"start":{"line":21,"column":12},"end":{"line":33,"column":null}}]},"2":{"loc":{"start":{"line":22,"column":16},"end":{"line":25,"column":22}},"type":"if","locations":[{"start":{"line":22,"column":16},"end":{"line":25,"column":22}},{"start":{"line":22,"column":16},"end":{"line":25,"column":22}}]},"3":{"loc":{"start":{"line":28,"column":16},"end":{"line":31,"column":22}},"type":"if","locations":[{"start":{"line":28,"column":16},"end":{"line":31,"column":22}},{"start":{"line":28,"column":16},"end":{"line":31,"column":22}}]},"4":{"loc":{"start":{"line":49,"column":8},"end":{"line":55,"column":null}},"type":"if","locations":[{"start":{"line":49,"column":8},"end":{"line":55,"column":null}},{"start":{"line":49,"column":8},"end":{"line":55,"column":null}}]},"5":{"loc":{"start":{"line":50,"column":12},"end":{"line":51,"column":83}},"type":"if","locations":[{"start":{"line":50,"column":12},"end":{"line":51,"column":83}},{"start":{"line":50,"column":12},"end":{"line":51,"column":83}}]},"6":{"loc":{"start":{"line":53,"column":12},"end":{"line":54,"column":87}},"type":"if","locations":[{"start":{"line":53,"column":12},"end":{"line":54,"column":87}},{"start":{"line":53,"column":12},"end":{"line":54,"column":87}}]}},"s":{"0":7,"1":7,"2":7,"3":7,"4":6,"5":4,"6":1,"7":0,"8":1,"9":3,"10":0,"11":3,"12":6,"13":7,"14":4,"15":4,"16":7,"17":6,"18":6,"19":7,"20":6,"21":6,"22":0,"23":0,"24":0,"25":6,"26":0,"27":6,"28":7,"29":10,"30":10,"31":10,"32":10,"33":10,"34":10,"35":7,"36":7},"f":{"0":7,"1":6,"2":4,"3":6,"4":6,"5":10},"b":{"0":[4,2],"1":[1,3],"2":[0,1],"3":[0,3],"4":[0,6],"5":[0,0],"6":[0,6]}}
,"C:\\Users\\korea\\repos\\JS\\Inscriber\\src\\classes\\Error.ts": {"path":"C:\\Users\\korea\\repos\\JS\\Inscriber\\src\\classes\\Error.ts","statementMap":{"0":{"start":{"line":11,"column":0},"end":{"line":11,"column":32}},"1":{"start":{"line":12,"column":0},"end":{"line":12,"column":34}},"2":{"start":{"line":15,"column":0},"end":{"line":15,"column":43}},"3":{"start":{"line":22,"column":0},"end":{"line":22,"column":13}},"4":{"start":{"line":28,"column":8},"end":{"line":73,"column":null}},"5":{"start":{"line":29,"column":12},"end":{"line":72,"column":null}},"6":{"start":{"line":30,"column":16},"end":{"line":33,"column":22}},"7":{"start":{"line":31,"column":20},"end":{"line":33,"column":22}},"8":{"start":{"line":35,"column":16},"end":{"line":50,"column":18}},"9":{"start":{"line":52,"column":16},"end":{"line":55,"column":22}},"10":{"start":{"line":53,"column":20},"end":{"line":55,"column":22}},"11":{"start":{"line":56,"column":16},"end":{"line":71,"column":18}},"12":{"start":{"line":75,"column":8},"end":{"line":89,"column":10}},"13":{"start":{"line":92,"column":4},"end":{"line":95,"column":null}},"14":{"start":{"line":93,"column":22},"end":{"line":93,"column":64}},"15":{"start":{"line":94,"column":8},"end":{"line":94,"column":96}},"16":{"start":{"line":96,"column":4},"end":{"line":100,"column":null}},"17":{"start":{"line":97,"column":22},"end":{"line":97,"column":64}},"18":{"start":{"line":99,"column":8},"end":{"line":99,"column":56}},"19":{"start":{"line":102,"column":4},"end":{"line":110,"column":null}},"20":{"start":{"line":103,"column":18},"end":{"line":103,"column":46}},"21":{"start":{"line":104,"column":8},"end":{"line":104,"column":77}},"22":{"start":{"line":105,"column":8},"end":{"line":105,"column":46}},"23":{"start":{"line":106,"column":8},"end":{"line":106,"column":45}},"24":{"start":{"line":107,"column":8},"end":{"line":107,"column":48}},"25":{"start":{"line":109,"column":8},"end":{"line":109,"column":19}},"26":{"start":{"line":112,"column":4},"end":{"line":121,"column":null}},"27":{"start":{"line":113,"column":20},"end":{"line":113,"column":46}},"28":{"start":{"line":114,"column":8},"end":{"line":120,"column":null}},"29":{"start":{"line":115,"column":12},"end":{"line":116,"column":83}},"30":{"start":{"line":115,"column":44},"end":{"line":115,"column":110}},"31":{"start":{"line":116,"column":17},"end":{"line":116,"column":83}},"32":{"start":{"line":118,"column":12},"end":{"line":119,"column":87}},"33":{"start":{"line":118,"column":44},"end":{"line":118,"column":110}},"34":{"start":{"line":119,"column":17},"end":{"line":119,"column":87}},"35":{"start":{"line":122,"column":0},"end":{"line":122,"column":null}},"36":{"start":{"line":22,"column":13},"end":{"line":22,"column":23}}},"fnMap":{"0":{"name":"(anonymous_0)","decl":{"start":{"line":22,"column":0},"end":{"line":22,"column":13}},"loc":{"start":{"line":22,"column":0},"end":{"line":122,"column":null}}},"1":{"name":"ErrorClass","decl":{"start":{"line":23,"column":4},"end":{"line":23,"column":null}},"loc":{"start":{"line":26,"column":22},"end":{"line":90,"column":5}}},"2":{"name":"(anonymous_2)","decl":{"start":{"line":92,"column":4},"end":{"line":92,"column":9}},"loc":{"start":{"line":92,"column":75},"end":{"line":95,"column":5}}},"3":{"name":"(anonymous_3)","decl":{"start":{"line":96,"column":4},"end":{"line":96,"column":9}},"loc":{"start":{"line":96,"column":57},"end":{"line":100,"column":5}}},"4":{"name":"(anonymous_4)","decl":{"start":{"line":102,"column":4},"end":{"line":102,"column":16}},"loc":{"start":{"line":102,"column":64},"end":{"line":110,"column":5}}},"5":{"name":"(anonymous_5)","decl":{"start":{"line":112,"column":4},"end":{"line":112,"column":16}},"loc":{"start":{"line":112,"column":48},"end":{"line":121,"column":5}}}},"branchMap":{"0":{"loc":{"start":{"line":28,"column":8},"end":{"line":73,"column":null}},"type":"if","locations":[{"start":{"line":28,"column":8},"end":{"line":73,"column":null}},{"start":{"line":28,"column":8},"end":{"line":73,"column":null}}]},"1":{"loc":{"start":{"line":29,"column":12},"end":{"line":72,"column":null}},"type":"if","locations":[{"start":{"line":29,"column":12},"end":{"line":72,"column":null}},{"start":{"line":29,"column":12},"end":{"line":72,"column":null}}]},"2":{"loc":{"start":{"line":30,"column":16},"end":{"line":33,"column":22}},"type":"if","locations":[{"start":{"line":30,"column":16},"end":{"line":33,"column":22}},{"start":{"line":30,"column":16},"end":{"line":33,"column":22}}]},"3":{"loc":{"start":{"line":37,"column":29},"end":{"line":37,"column":81}},"type":"cond-expr","locations":[{"start":{"line":37,"column":29},"end":{"line":37,"column":81}},{"start":{"line":38,"column":26},"end":{"line":46,"column":44}}]},"4":{"loc":{"start":{"line":39,"column":29},"end":{"line":39,"column":81}},"type":"cond-expr","locations":[{"start":{"line":39,"column":29},"end":{"line":39,"column":81}},{"start":{"line":40,"column":26},"end":{"line":46,"column":44}}]},"5":{"loc":{"start":{"line":41,"column":29},"end":{"line":41,"column":81}},"type":"cond-expr","locations":[{"start":{"line":41,"column":29},"end":{"line":41,"column":81}},{"start":{"line":42,"column":26},"end":{"line":46,"column":44}}]},"6":{"loc":{"start":{"line":43,"column":29},"end":{"line":43,"column":81}},"type":"cond-expr","locations":[{"start":{"line":43,"column":29},"end":{"line":43,"column":81}},{"start":{"line":44,"column":26},"end":{"line":46,"column":44}}]},"7":{"loc":{"start":{"line":45,"column":29},"end":{"line":45,"column":82}},"type":"cond-expr","locations":[{"start":{"line":45,"column":29},"end":{"line":45,"column":82}},{"start":{"line":46,"column":26},"end":{"line":46,"column":44}}]},"8":{"loc":{"start":{"line":52,"column":16},"end":{"line":55,"column":22}},"type":"if","locations":[{"start":{"line":52,"column":16},"end":{"line":55,"column":22}},{"start":{"line":52,"column":16},"end":{"line":55,"column":22}}]},"9":{"loc":{"start":{"line":58,"column":29},"end":{"line":58,"column":81}},"type":"cond-expr","locations":[{"start":{"line":58,"column":29},"end":{"line":58,"column":81}},{"start":{"line":59,"column":26},"end":{"line":67,"column":44}}]},"10":{"loc":{"start":{"line":60,"column":29},"end":{"line":60,"column":81}},"type":"cond-expr","locations":[{"start":{"line":60,"column":29},"end":{"line":60,"column":81}},{"start":{"line":61,"column":26},"end":{"line":67,"column":44}}]},"11":{"loc":{"start":{"line":62,"column":29},"end":{"line":62,"column":81}},"type":"cond-expr","locations":[{"start":{"line":62,"column":29},"end":{"line":62,"column":81}},{"start":{"line":63,"column":26},"end":{"line":67,"column":44}}]},"12":{"loc":{"start":{"line":64,"column":29},"end":{"line":64,"column":81}},"type":"cond-expr","locations":[{"start":{"line":64,"column":29},"end":{"line":64,"column":81}},{"start":{"line":65,"column":26},"end":{"line":67,"column":44}}]},"13":{"loc":{"start":{"line":66,"column":29},"end":{"line":66,"column":82}},"type":"cond-expr","locations":[{"start":{"line":66,"column":29},"end":{"line":66,"column":82}},{"start":{"line":67,"column":26},"end":{"line":67,"column":44}}]},"14":{"loc":{"start":{"line":77,"column":21},"end":{"line":77,"column":73}},"type":"cond-expr","locations":[{"start":{"line":77,"column":21},"end":{"line":77,"column":73}},{"start":{"line":78,"column":18},"end":{"line":86,"column":36}}]},"15":{"loc":{"start":{"line":79,"column":21},"end":{"line":79,"column":73}},"type":"cond-expr","locations":[{"start":{"line":79,"column":21},"end":{"line":79,"column":73}},{"start":{"line":80,"column":18},"end":{"line":86,"column":36}}]},"16":{"loc":{"start":{"line":81,"column":21},"end":{"line":81,"column":73}},"type":"cond-expr","locations":[{"start":{"line":81,"column":21},"end":{"line":81,"column":73}},{"start":{"line":82,"column":18},"end":{"line":86,"column":36}}]},"17":{"loc":{"start":{"line":83,"column":21},"end":{"line":83,"column":73}},"type":"cond-expr","locations":[{"start":{"line":83,"column":21},"end":{"line":83,"column":73}},{"start":{"line":84,"column":18},"end":{"line":86,"column":36}}]},"18":{"loc":{"start":{"line":85,"column":21},"end":{"line":85,"column":74}},"type":"cond-expr","locations":[{"start":{"line":85,"column":21},"end":{"line":85,"column":74}},{"start":{"line":86,"column":18},"end":{"line":86,"column":36}}]},"19":{"loc":{"start":{"line":114,"column":8},"end":{"line":120,"column":null}},"type":"if","locations":[{"start":{"line":114,"column":8},"end":{"line":120,"column":null}},{"start":{"line":114,"column":8},"end":{"line":120,"column":null}}]},"20":{"loc":{"start":{"line":115,"column":12},"end":{"line":116,"column":83}},"type":"if","locations":[{"start":{"line":115,"column":12},"end":{"line":116,"column":83}},{"start":{"line":115,"column":12},"end":{"line":116,"column":83}}]},"21":{"loc":{"start":{"line":118,"column":12},"end":{"line":119,"column":87}},"type":"if","locations":[{"start":{"line":118,"column":12},"end":{"line":119,"column":87}},{"start":{"line":118,"column":12},"end":{"line":119,"column":87}}]}},"s":{"0":7,"1":7,"2":7,"3":7,"4":16,"5":9,"6":1,"7":0,"8":1,"9":8,"10":0,"11":8,"12":16,"13":7,"14":9,"15":9,"16":7,"17":16,"18":16,"19":7,"20":25,"21":25,"22":25,"23":25,"24":25,"25":25,"26":7,"27":16,"28":16,"29":0,"30":0,"31":0,"32":16,"33":0,"34":16,"35":7,"36":7},"f":{"0":7,"1":16,"2":9,"3":16,"4":25,"5":16},"b":{"0":[9,7],"1":[1,8],"2":[0,1],"3":[0,1],"4":[0,1],"5":[0,1],"6":[0,1],"7":[0,1],"8":[0,8],"9":[4,4],"10":[0,4],"11":[0,4],"12":[0,4],"13":[0,4],"14":[8,8],"15":[0,8],"16":[0,8],"17":[0,8],"18":[0,8],"19":[0,16],"20":[0,0],"21":[0,16]}}
,"C:\\Users\\korea\\repos\\JS\\Inscriber\\src\\classes\\Info.ts": {"path":"C:\\Users\\korea\\repos\\JS\\Inscriber\\src\\classes\\Info.ts","statementMap":{"0":{"start":{"line":12,"column":0},"end":{"line":12,"column":32}},"1":{"start":{"line":13,"column":0},"end":{"line":13,"column":34}},"2":{"start":{"line":14,"column":0},"end":{"line":14,"column":43}},"3":{"start":{"line":17,"column":0},"end":{"line":17,"column":13}},"4":{"start":{"line":19,"column":8},"end":{"line":33,"column":null}},"5":{"start":{"line":20,"column":12},"end":{"line":32,"column":null}},"6":{"start":{"line":21,"column":16},"end":{"line":24,"column":22}},"7":{"start":{"line":22,"column":20},"end":{"line":24,"column":22}},"8":{"start":{"line":25,"column":16},"end":{"line":25,"column":89}},"9":{"start":{"line":27,"column":16},"end":{"line":30,"column":22}},"10":{"start":{"line":28,"column":20},"end":{"line":30,"column":22}},"11":{"start":{"line":31,"column":16},"end":{"line":31,"column":89}},"12":{"start":{"line":34,"column":8},"end":{"line":34,"column":55}},"13":{"start":{"line":43,"column":4},"end":{"line":46,"column":null}},"14":{"start":{"line":44,"column":22},"end":{"line":44,"column":64}},"15":{"start":{"line":45,"column":8},"end":{"line":45,"column":95}},"16":{"start":{"line":53,"column":4},"end":{"line":57,"column":null}},"17":{"start":{"line":54,"column":22},"end":{"line":54,"column":64}},"18":{"start":{"line":56,"column":8},"end":{"line":56,"column":56}},"19":{"start":{"line":58,"column":4},"end":{"line":67,"column":null}},"20":{"start":{"line":59,"column":20},"end":{"line":59,"column":45}},"21":{"start":{"line":60,"column":8},"end":{"line":66,"column":null}},"22":{"start":{"line":61,"column":12},"end":{"line":62,"column":83}},"23":{"start":{"line":61,"column":44},"end":{"line":61,"column":110}},"24":{"start":{"line":62,"column":17},"end":{"line":62,"column":83}},"25":{"start":{"line":64,"column":12},"end":{"line":65,"column":87}},"26":{"start":{"line":64,"column":44},"end":{"line":64,"column":110}},"27":{"start":{"line":65,"column":17},"end":{"line":65,"column":87}},"28":{"start":{"line":68,"column":4},"end":{"line":75,"column":null}},"29":{"start":{"line":69,"column":18},"end":{"line":69,"column":45}},"30":{"start":{"line":70,"column":8},"end":{"line":70,"column":77}},"31":{"start":{"line":71,"column":8},"end":{"line":71,"column":46}},"32":{"start":{"line":72,"column":8},"end":{"line":72,"column":44}},"33":{"start":{"line":73,"column":8},"end":{"line":73,"column":48}},"34":{"start":{"line":74,"column":8},"end":{"line":74,"column":19}},"35":{"start":{"line":76,"column":0},"end":{"line":76,"column":null}},"36":{"start":{"line":17,"column":13},"end":{"line":17,"column":22}}},"fnMap":{"0":{"name":"(anonymous_0)","decl":{"start":{"line":17,"column":0},"end":{"line":17,"column":13}},"loc":{"start":{"line":17,"column":0},"end":{"line":76,"column":null}}},"1":{"name":"InfoClass","decl":{"start":{"line":18,"column":4},"end":{"line":18,"column":16}},"loc":{"start":{"line":18,"column":72},"end":{"line":35,"column":5}}},"2":{"name":"(anonymous_2)","decl":{"start":{"line":43,"column":4},"end":{"line":43,"column":9}},"loc":{"start":{"line":43,"column":75},"end":{"line":46,"column":5}}},"3":{"name":"(anonymous_3)","decl":{"start":{"line":53,"column":4},"end":{"line":53,"column":9}},"loc":{"start":{"line":53,"column":57},"end":{"line":57,"column":5}}},"4":{"name":"(anonymous_4)","decl":{"start":{"line":58,"column":4},"end":{"line":58,"column":16}},"loc":{"start":{"line":58,"column":48},"end":{"line":67,"column":5}}},"5":{"name":"(anonymous_5)","decl":{"start":{"line":68,"column":4},"end":{"line":68,"column":16}},"loc":{"start":{"line":68,"column":64},"end":{"line":75,"column":5}}}},"branchMap":{"0":{"loc":{"start":{"line":19,"column":8},"end":{"line":33,"column":null}},"type":"if","locations":[{"start":{"line":19,"column":8},"end":{"line":33,"column":null}},{"start":{"line":19,"column":8},"end":{"line":33,"column":null}}]},"1":{"loc":{"start":{"line":20,"column":12},"end":{"line":32,"column":null}},"type":"if","locations":[{"start":{"line":20,"column":12},"end":{"line":32,"column":null}},{"start":{"line":20,"column":12},"end":{"line":32,"column":null}}]},"2":{"loc":{"start":{"line":21,"column":16},"end":{"line":24,"column":22}},"type":"if","locations":[{"start":{"line":21,"column":16},"end":{"line":24,"column":22}},{"start":{"line":21,"column":16},"e
[...]
":16},"end":{"line":39,"column":18}},"16":{"start":{"line":36,"column":54},"end":{"line":36,"column":69}},"17":{"start":{"line":42,"column":8},"end":{"line":42,"column":61}},"18":{"start":{"line":45,"column":4},"end":{"line":55,"column":null}},"19":{"start":{"line":46,"column":8},"end":{"line":47,"column":90}},"20":{"start":{"line":46,"column":46},"end":{"line":46,"column":61}},"21":{"start":{"line":47,"column":12},"end":{"line":47,"column":90}},"22":{"start":{"line":48,"column":18},"end":{"line":48,"column":67}},"23":{"start":{"line":48,"column":52},"end":{"line":48,"column":67}},"24":{"start":{"line":49,"column":8},"end":{"line":52,"column":14}},"25":{"start":{"line":50,"column":12},"end":{"line":52,"column":14}},"26":{"start":{"line":53,"column":22},"end":{"line":53,"column":106}},"27":{"start":{"line":54,"column":8},"end":{"line":54,"column":100}},"28":{"start":{"line":56,"column":4},"end":{"line":67,"column":null}},"29":{"start":{"line":57,"column":8},"end":{"line":58,"column":90}},"30":{"start":{"line":57,"column":46},"end":{"line":57,"column":61}},"31":{"start":{"line":58,"column":12},"end":{"line":58,"column":90}},"32":{"start":{"line":59,"column":18},"end":{"line":59,"column":67}},"33":{"start":{"line":59,"column":52},"end":{"line":59,"column":67}},"34":{"start":{"line":60,"column":8},"end":{"line":63,"column":14}},"35":{"start":{"line":61,"column":12},"end":{"line":63,"column":14}},"36":{"start":{"line":64,"column":22},"end":{"line":64,"column":34}},"37":{"start":{"line":65,"column":18},"end":{"line":65,"column":97}},"38":{"start":{"line":66,"column":8},"end":{"line":66,"column":71}},"39":{"start":{"line":66,"column":30},"end":{"line":66,"column":71}},"40":{"start":{"line":68,"column":4},"end":{"line":78,"column":null}},"41":{"start":{"line":69,"column":20},"end":{"line":69,"column":32}},"42":{"start":{"line":71,"column":8},"end":{"line":77,"column":null}},"43":{"start":{"line":72,"column":12},"end":{"line":73,"column":83}},"44":{"start":{"line":72,"column":44},"end":{"line":72,"column":110}},"45":{"start":{"line":73,"column":17},"end":{"line":73,"column":83}},"46":{"start":{"line":75,"column":12},"end":{"line":76,"column":87}},"47":{"start":{"line":75,"column":44},"end":{"line":75,"column":110}},"48":{"start":{"line":76,"column":17},"end":{"line":76,"column":87}},"49":{"start":{"line":79,"column":4},"end":{"line":85,"column":null}},"50":{"start":{"line":80,"column":8},"end":{"line":80,"column":74}},"51":{"start":{"line":81,"column":8},"end":{"line":81,"column":54}},"52":{"start":{"line":82,"column":8},"end":{"line":82,"column":64}},"53":{"start":{"line":83,"column":8},"end":{"line":83,"column":56}},"54":{"start":{"line":84,"column":8},"end":{"line":84,"column":23}},"55":{"start":{"line":86,"column":0},"end":{"line":86,"column":null}},"56":{"start":{"line":17,"column":13},"end":{"line":17,"column":22}}},"fnMap":{"0":{"name":"(anonymous_0)","decl":{"start":{"line":17,"column":0},"end":{"line":17,"column":13}},"loc":{"start":{"line":17,"column":0},"end":{"line":86,"column":null}}},"1":{"name":"LogMethod","decl":{"start":{"line":18,"column":4},"end":{"line":18,"column":16}},"loc":{"start":{"line":18,"column":86},"end":{"line":43,"column":5}}},"2":{"name":"(anonymous_2)","decl":{"start":{"line":19,"column":40},"end":{"line":19,"column":41}},"loc":{"start":{"line":19,"column":42},"end":{"line":19,"column":48}}},"3":{"name":"(anonymous_3)","decl":{"start":{"line":29,"column":54},"end":{"line":29,"column":55}},"loc":{"start":{"line":29,"column":56},"end":{"line":29,"column":62}}},"4":{"name":"(anonymous_4)","decl":{"start":{"line":36,"column":47},"end":{"line":36,"column":48}},"loc":{"start":{"line":36,"column":49},"end":{"line":36,"column":55}}},"5":{"name":"(anonymous_5)","decl":{"start":{"line":45,"column":4},"end":{"line":45,"column":9}},"loc":{"start":{"line":45,"column":89},"end":{"line":55,"column":5}}},"6":{"name":"(anonymous_6)","decl":{"start":{"line":46,"column":39},"end":{"line":46,"column":40}},"loc":{"start":{"line":46,"column":41},"end":{"line":46,"column":47}}},"7":{"name":"(anonymous_7)","decl":{"start":{"line":48,"column":45},"end":{"line":48,"column":46}},"loc":{"start":{"line":48,"column":47},"end":{"line":48,"column":53}}},"8":{"name":"(anonymous_8)","decl":{"start":{"line":56,"column":4},"end":{"line":56,"column":9}},"loc":{"start":{"line":56,"column":71},"end":{"line":67,"column":5}}},"9":{"name":"(anonymous_9)","decl":{"start":{"line":57,"column":39},"end":{"line":57,"column":40}},"loc":{"start":{"line":57,"column":41},"end":{"line":57,"column":47}}},"10":{"name":"(anonymous_10)","decl":{"start":{"line":59,"column":45},"end":{"line":59,"column":46}},"loc":{"start":{"line":59,"column":47},"end":{"line":59,"column":53}}},"11":{"name":"(anonymous_11)","decl":{"start":{"line":68,"column":4},"end":{"line":68,"column":16}},"loc":{"start":{"line":68,"column":57},"end":{"line":78,"column":5}}},"12":{"name":"(anonymous_12)","decl":{"start":{"line":79,"column":4},"end":{"line":79,"column":16}},"loc":{"start":{"line":79,"column":100},"end":{"line":85,"column":5}}}},"branchMap":{"0":{"loc":{"start":{"line":19,"column":8},"end":{"line":19,"column":107}},"type":"if","locations":[{"start":{"line":19,"column":8},"end":{"line":19,"column":107}},{"start":{"line":19,"column":8},"end":{"line":19,"column":107}}]},"1":{"loc":{"start":{"line":21,"column":8},"end":{"line":41,"column":null}},"type":"if","locations":[{"start":{"line":21,"column":8},"end":{"line":41,"column":null}},{"start":{"line":21,"column":8},"end":{"line":41,"column":null}}]},"2":{"loc":{"start":{"line":22,"column":12},"end":{"line":40,"column":null}},"type":"if","locations":[{"start":{"line":22,"column":12},"end":{"line":40,"column":null}},{"start":{"line":22,"column":12},"end":{"line":40,"column":null}}]},"3":{"loc":{"start":{"line":23,"column":16},"end":{"line":26,"column":22}},"type":"if","locations":[{"start":{"line":23,"column":16},"end":{"line":26,"column":22}},{"start":{"line":23,"column":16},"end":{"line":26,"column":22}}]},"4":{"loc":{"start":{"line":29,"column":16},"end":{"line":32,"column":22}},"type":"if","locations":[{"start":{"line":29,"column":16},"end":{"line":32,"column":22}},{"start":{"line":29,"column":16},"end":{"line":32,"column":22}}]},"5":{"loc":{"start":{"line":29,"column":76},"end":{"line":29,"column":78}},"type":"cond-expr","locations":[{"start":{"line":29,"column":76},"end":{"line":29,"column":78}},{"start":{"line":29,"column":76},"end":{"line":29,"column":82}}]},"6":{"loc":{"start":{"line":29,"column":20},"end":{"line":29,"column":78}},"type":"binary-expr","locations":[{"start":{"line":29,"column":20},"end":{"line":29,"column":78}},{"start":{"line":29,"column":76},"end":{"line":29,"column":78}}]},"7":{"loc":{"start":{"line":36,"column":75},"end":{"line":36,"column":79}},"type":"cond-expr","locations":[{"start":{"line":36,"column":75},"end":{"line":36,"column":79}},{"start":{"line":36,"column":79},"end":{"line":36,"column":81}}]},"8":{"loc":{"start":{"line":35,"column":26},"end":{"line":36,"column":79}},"type":"binary-expr","locations":[{"start":{"line":35,"column":26},"end":{"line":36,"column":79}},{"start":{"line":36,"column":75},"end":{"line":36,"column":79}}]},"9":{"loc":{"start":{"line":36,"column":69},"end":{"line":36,"column":71}},"type":"cond-expr","locations":[{"start":{"line":36,"column":69},"end":{"line":36,"column":71}},{"start":{"line":36,"column":69},"end":{"line":36,"column":75}}]},"10":{"loc":{"start":{"line":35,"column":26},"end":{"line":36,"column":71}},"type":"binary-expr","locations":[{"start":{"line":35,"column":26},"end":{"line":36,"column":71}},{"start":{"line":36,"column":69},"end":{"line":36,"column":71}}]},"11":{"loc":{"start":{"line":46,"column":8},"end":{"line":47,"column":90}},"type":"if","locations":[{"start":{"line":46,"column":8},"end":{"line":47,"column":90}},{"start":{"line":46,"column":8},"end":{"line":47,"column":90}}]},"12":{"loc":{"start":{"line":49,"column":8},"end":{"line":52,"column":14}},"type":"if","locations":[{"start":{"line":49,"column":8},"end":{"line":52,"column":14}},{"start":{"line":49,"column":8},"end":{"line":52,"column":14}}]},"13":{"loc":{"start":{"line":49,"column":12},"end":{"line":49,"column":34}},"type":"binary-expr","locations":[{"start":{"line":49,"column":12},"end":{"line":49,"column":34}},{"start":{"line":49,"column":38},"end":{"line":49,"column":66}}]},"14":{"loc":{"start":{"line":49,"column":15},"end":{"line":49,"column":17}},"type":"cond-expr","locations":[{"start":{"line":49,"column":15},"end":{"line":49,"column":17}},{"start":{"line":49,"column":12},"end":{"line":49,"column":21}}]},"15":{"loc":{"start":{"line":49,"column":12},"end":{"line":49,"column":17}},"type":"binary-expr","locations":[{"start":{"line":49,"column":12},"end":{"line":49,"column":17}},{"start":{"line":49,"column":12},"end":{"line":49,"column":17}}]},"16":{"loc":{"start":{"line":53,"column":69},"end":{"line":53,"column":73}},"type":"cond-expr","locations":[{"start":{"line":53,"column":69},"end":{"line":53,"column":73}},{"start":{"line":53,"column":73},"end":{"line":53,"column":75}}]},"17":{"loc":{"start":{"line":53,"column":55},"end":{"line":53,"column":73}},"type":"binary-expr","locations":[{"start":{"line":53,"column":55},"end":{"line":53,"column":73}},{"start":{"line":53,"column":69},"end":{"line":53,"column":73}}]},"18":{"loc":{"start":{"line":53,"column":60},"end":{"line":53,"column":62}},"type":"cond-expr","locations":[{"start":{"line":53,"column":60},"end":{"line":53,"column":62}},{"start":{"line":53,"column":57},"end":{"line":53,"column":69}}]},"19":{"loc":{"start":{"line":53,"column":57},"end":{"line":53,"column":62}},"type":"binary-expr","locations":[{"start":{"line":53,"column":57},"end":{"line":53,"column":62}},{"start":{"line":53,"column":57},"end":{"line":53,"column":62}}]},"20":{"loc":{"start":{"line":57,"column":8},"end":{"line":58,"column":90}},"type":"if","locations":[{"start":{"line":57,"column":8},"end":{"line":58,"column":90}},{"start":{"line":57,"column":8},"end":{"line":58,"column":90}}]},"21":{"loc":{"start":{"line":60,"column":8},"end":{"line":63,"column":14}},"type":"if","locations":[{"start":{"line":60,"column":8},"end":{"line":63,"column":14}},{"start":{"line":60,"column":8},"end":{"line":63,"column":14}}]},"22":{"loc":{"start":{"line":60,"column":12},"end":{"line":60,"column":37}},"type":"binary-expr","locations":[{"start":{"line":60,"column":12},"end":{"line":60,"column":37}},{"start":{"line":60,"column":41},"end":{"line":60,"column":71}}]},"23":{"loc":{"start":{"line":60,"column":15},"end":{"line":60,"column":17}},"type":"cond-expr","locations":[{"start":{"line":60,"column":15},"end":{"line":60,"column":17}},{"start":{"line":60,"column":12},"end":{"line":60,"column":24}}]},"24":{"loc":{"start":{"line":60,"column":12},"end":{"line":60,"column":17}},"type":"binary-expr","locations":[{"start":{"line":60,"column":12},"end":{"line":60,"column":17}},{"start":{"line":60,"column":12},"end":{"line":60,"column":17}}]},"25":{"loc":{"start":{"line":64,"column":25},"end":{"line":64,"column":27}},"type":"cond-expr","locations":[{"start":{"line":64,"column":25},"end":{"line":64,"column":27}},{"start":{"line":64,"column":22},"end":{"line":64,"column":34}}]},"26":{"loc":{"start":{"line":64,"column":22},"end":{"line":64,"column":27}},"type":"binary-expr","locations":[{"start":{"line":64,"column":22},"end":{"line":64,"column":27}},{"start":{"line":64,"column":22},"end":{"line":64,"column":27}}]},"27":{"loc":{"start":{"line":65,"column":53},"end":{"line":65,"column":60}},"type":"cond-expr","locations":[{"start":{"line":65,"column":53},"end":{"line":65,"column":60}},{"start":{"line":65,"column":64},"end":{"line":65,"column":66}}]},"28":{"loc":{"start":{"line":65,"column":53},"end":{"line":65,"column":64}},"type":"binary-expr","locations":[{"start":{"line":65,"column":53},"end":{"line":65,"column":64}},{"start":{"line":65,"column":53},"end":{"line":65,"column":64}}]},"29":{"loc":{"start":{"line":66,"column":8},"end":{"line":66,"column":71}},"type":"if","locations":[{"start":{"line":66,"column":8},"end":{"line":66,"column":71}},{"start":{"line":66,"column":8},"end":{"line":66,"column":71}}]},"30":{"loc":{"start":{"line":71,"column":8},"end":{"line":77,"column":null}},"type":"if","locations":[{"start":{"line":71,"column":8},"end":{"line":77,"column":null}},{"start":{"line":71,"column":8},"end":{"line":77,"column":null}}]},"31":{"loc":{"start":{"line":72,"column":12},"end":{"line":73,"column":83}},"type":"if","locations":[{"start":{"line":72,"column":12},"end":{"line":73,"column":83}},{"start":{"line":72,"column":12},"end":{"line":73,"column":83}}]},"32":{"loc":{"start":{"line":75,"column":12},"end":{"line":76,"column":87}},"type":"if","locations":[{"start":{"line":75,"column":12},"end":{"line":76,"column":87}},{"start":{"line":75,"column":12},"end":{"line":76,"column":87}}]}},"s":{"0":7,"1":7,"2":7,"3":7,"4":2,"5":3,"6":0,"7":2,"8":2,"9":0,"10":0,"11":0,"12":2,"13":3,"14":0,"15":2,"16":3,"17":2,"18":7,"19":2,"20":3,"21":0,"22":2,"23":3,"24":2,"25":0,"26":2,"27":2,"28":7,"29":2,"30":3,"31":0,"32":2,"33":3,"34":2,"35":0,"36":2,"37":2,"38":2,"39":2,"40":7,"41":2,"42":2,"43":0,"44":0,"45":0,"46":2,"47":0,"48":2,"49":7,"50":4,"51":4,"52":4,"53":4,"54":4,"55":7,"56":7},"f":{"0":7,"1":2,"2":3,"3":3,"4":3,"5":2,"6":3,"7":3,"8":2,"9":3,"10":3,"11":2,"12":4},"b":{"0":[0,2],"1":[2,0],"2":[0,2],"3":[0,0],"4":[0,2],"5":[0,2],"6":[2,2],"7":[2,0],"8":[2,2],"9":[0,2],"10":[2,2],"11":[0,2],"12":[0,2],"13":[2,2],"14":[0,2],"15":[2,2],"16":[2,0],"17":[2,2],"18":[0,2],"19":[2,2],"20":[0,2],"21":[0,2],"22":[2,2],"23":[0,2],"24":[2,2],"25":[0,2],"26":[2,2],"27":[2,0],"28":[2,2],"29":[2,0],"30":[0,2],"31":[0,0],"32":[0,2]}}
,"C:\\Users\\korea\\repos\\JS\\Inscriber\\src\\classes\\Warn.ts": {"path":"C:\\Users\\korea\\repos\\JS\\Inscriber\\src\\classes\\Warn.ts","statementMap":{"0":{"start":{"line":12,"column":0},"end":{"line":12,"column":32}},"1":{"start":{"line":13,"column":0},"end":{"line":13,"column":34}},"2":{"start":{"line":15,"column":0},"end":{"line":15,"column":43}},"3":{"start":{"line":18,"column":0},"end":{"line":18,"column":13}},"4":{"start":{"line":20,"column":8},"end":{"line":34,"column":null}},"5":{"start":{"line":21,"column":12},"end":{"line":33,"column":null}},"6":{"start":{"line":22,"column":16},"end":{"line":25,"column":22}},"7":{"start":{"line":23,"column":20},"end":{"line":25,"column":22}},"8":{"start":{"line":26,"column":16},"end":{"line":26,"column":89}},"9":{"start":{"line":28,"column":16},"end":{"line":31,"column":22}},"10":{"start":{"line":29,"column":20},"end":{"line":31,"column":22}},"11":{"start":{"line":32,"column":16},"end":{"line":32,"column":89}},"12":{"start":{"line":35,"column":8},"end":{"line":35,"column":55}},"13":{"start":{"line":38,"column":4},"end":{"line":41,"column":null}},"14":{"start":{"line":39,"column":22},"end":{"line":39,"column":64}},"15":{"start":{"line":40,"column":8},"end":{"line":40,"column":95}},"16":{"start":{"line":42,"column":4},"end":{"line":46,"column":null}},"17":{"start":{"line":43,"column":22},"end":{"line":43,"column":64}},"18":{"start":{"line":45,"column":8},"end":{"line":45,"column":56}},"19":{"start":{"line":47,"column":4},"end":{"line":56,"column":null}},"20":{"start":{"line":48,"column":20},"end":{"line":48,"column":45}},"21":{"start":{"line":49,"column":8},"end":{"line":55,"column":null}},"22":{"start":{"line":50,"column":12},"end":{"line":51,"column":83}},"23":{"start":{"line":50,"column":44},"end":{"line":50,"column":110}},"24":{"start":{"line":51,"column":17},"end":{"line":51,"column":83}},"25":{"start":{"line":53,"column":12},"end":{"line":54,"column":87}},"26":{"start":{"line":53,"column":44},"end":{"line":53,"column":110}},"27":{"start":{"line":54,"column":17},"end":{"line":54,"column":87}},"28":{"start":{"line":57,"column":4},"end":{"line":65,"column":null}},"29":{"start":{"line":58,"column":18},"end":{"line":58,"column":45}},"30":{"start":{"line":59,"column":8},"end":{"line":59,"column":77}},"31":{"start":{"line":60,"column":8},"end":{"line":60,"column":46}},"32":{"start":{"line":61,"column":8},"end":{"line":61,"column":44}},"33":{"start":{"line":62,"column":8},"end":{"line":62,"column":48}},"34":{"start":{"line":64,"column":8},"end":{"line":64,"column":19}},"35":{"start":{"line":66,"column":0},"end":{"line":66,"column":null}},"36":{"start":{"line":18,"column":13},"end":{"line":18,"column":22}}},"fnMap":{"0":{"name":"(anonymous_0)","decl":{"start":{"line":18,"column":0},"end":{"line":18,"column":13}},"loc":{"start":{"line":18,"column":0},"end":{"line":66,"column":null}}},"1":{"name":"WarnClass","decl":{"start":{"line":19,"column":4},"end":{"line":19,"column":16}},"loc":{"start":{"line":19,"column":72},"end":{"line":36,"column":5}}},"2":{"name":"(anonymous_2)","decl":{"start":{"line":38,"column":4},"end":{"line":38,"column":9}},"loc":{"start":{"line":38,"column":75},"end":{"line":41,"column":5}}},"3":{"name":"(anonymous_3)","decl":{"start":{"line":42,"column":4},"end":{"line":42,"column":9}},"loc":{"start":{"line":42,"column":57},"end":{"line":46,"column":5}}},"4":{"name":"(anonymous_4)","decl":{"start":{"line":47,"column":4},"end":{"line":47,"column":16}},"loc":{"start":{"line":47,"column":48},"end":{"line":56,"column":5}}},"5":{"name":"(anonymous_5)","decl":{"start":{"line":57,"column":4},"end":{"line":57,"column":16}},"loc":{"start":{"line":57,"column":64},"end":{"line":65,"column":5}}}},"branchMap":{"0":{"loc":{"start":{"line":20,"column":8},"end":{"line":34,"column":null}},"type":"if","locations":[{"start":{"line":20,"column":8},"end":{"line":34,"column":null}},{"start":{"line":20,"column":8},"end":{"line":34,"column":null}}]},"1":{"loc":{"start":{"line":21,"column":12},"end":{"line":33,"column":null}},"type":"if","locations":[{"start":{"line":21,"column":12},"end":{"line":33,"column":null}},{"start":{"line":21,"column":12},"end":{"line":33,"column":null}}]},"2":{"loc":{"start":{"line":22,"column":16},"end":{"line":25,"column":22}},"type":"if","locations":[{"start":{"line":22,"column":16},"end":{"line":25,"column":22}},{"start":{"line":22,"column":16},"end":{"line":25,"column":22}}]},"3":{"loc":{"start":{"line":28,"column":16},"end":{"line":31,"column":22}},"type":"if","locations":[{"start":{"line":28,"column":16},"end":{"line":31,"column":22}},{"start":{"line":28,"column":16},"end":{"line":31,"column":22}}]},"4":{"loc":{"start":{"line":49,"column":8},"end":{"line":55,"column":null}},"type":"if","locations":[{"start":{"line":49,"column":8},"end":{"line":55,"column":null}},{"start":{"line":49,"column":8},"end":{"line":55,"column":null}}]},"5":{"loc":{"start":{"line":50,"column":12},"end":{"line":51,"column":83}},"type":"if","locations":[{"start":{"line":50,"column":12},"end":{"line":51,"column":83}},{"start":{"line":50,"column":12},"end":{"line":51,"column":83}}]},"6":{"loc":{"start":{"line":53,"column":12},"end":{"line":54,"column":87}},"type":"if","locations":[{"start":{"line":53,"column":12},"end":{"line":54,"column":87}},{"start":{"line":53,"column":12},"end":{"line":54,"column":87}}]}},"s":{"0":7,"1":7,"2":7,"3":7,"4":4,"5":4,"6":1,"7":0,"8":1,"9":3,"10":0,"11":3,"12":4,"13":7,"14":4,"15":4,"16":7,"17":4,"18":4,"19":7,"20":4,"21":4,"22":0,"23":0,"24":0,"25":4,"26":0,"27":4,"28":7,"29":8,"30":8,"31":8,"32":8,"33":8,"34":8,"35":7,"36":7},"f":{"0":7,"1":4,"2":4,"3":4,"4":4,"5":8},"b":{"0":[4,0],"1":[1,3],"2":[0,1],"3":[0,3],"4":[0,4],"5":[0,0],"6":[0,4]}}
,"C:\\Users\\korea\\repos\\JS\\Inscriber\\src\\classes\\exports.ts": {"path":"C:\\Users\\korea\\repos\\JS\\Inscriber\\src\\classes\\exports.ts","statementMap":{"0":{"start":{"line":10,"column":0},"end":{"line":10,"column":24}},"1":{"start":{"line":11,"column":0},"end":{"line":11,"column":23}},"2":{"start":{"line":12,"column":0},"end":{"line":12,"column":24}},"3":{"start":{"line":13,"column":0},"end":{"line":13,"column":23}},"4":{"start":{"line":14,"column":0},"end":{"line":14,"column":22}}},"fnMap":{},"branchMap":{},"s":{"0":7,"1":7,"2":7,"3":7,"4":7},"f":{},"b":{}}
}
