TN:
SF:src\FileSystem.ts
FN:16,(anonymous_0)
FN:21,FileSystem
FN:28,(anonymous_2)
FN:47,(anonymous_3)
FN:111,(anonymous_4)
FNF:5
FNH:5
FNDA:5,(anonymous_0)
FNDA:17,FileSystem
FNDA:17,(anonymous_2)
FNDA:17,(anonymous_3)
FNDA:17,(anonymous_4)
DA:12,5
DA:13,5
DA:14,5
DA:16,5
DA:22,17
DA:23,17
DA:24,17
DA:25,17
DA:28,5
DA:29,17
DA:31,8
DA:32,0
DA:34,3
DA:35,0
DA:37,3
DA:38,0
DA:40,3
DA:41,0
DA:43,0
DA:47,5
DA:48,17
DA:49,17
DA:51,8
DA:52,1
DA:54,3
DA:55,2
DA:57,3
DA:58,1
DA:60,3
DA:61,1
DA:63,0
DA:66,0
DA:68,0
DA:69,0
DA:70,0
DA:71,0
DA:72,0
DA:74,0
DA:75,0
DA:78,0
DA:79,0
DA:80,0
DA:81,0
DA:82,0
DA:84,0
DA:85,0
DA:87,0
DA:88,0
DA:89,0
DA:90,0
DA:91,0
DA:93,0
DA:94,0
DA:97,0
DA:98,0
DA:99,0
DA:100,0
DA:101,0
DA:103,0
DA:104,0
DA:106,0
DA:111,5
DA:112,17
DA:113,12
DA:115,7
DA:118,7
DA:119,7
DA:120,7
DA:122,1
DA:125,1
DA:126,1
DA:127,1
DA:129,2
DA:132,2
DA:133,2
DA:134,2
DA:136,2
DA:139,2
DA:140,2
DA:141,2
DA:144,5
DA:147,1
DA:152,1
DA:155,1
DA:158,2
DA:163,2
DA:166,2
DA:169,1
DA:174,1
DA:177,1
DA:180,1
DA:185,1
DA:188,1
DA:192,5
LF:94
LH:58
BRDA:30,0,0,8
BRDA:30,0,1,3
BRDA:30,0,2,3
BRDA:30,0,3,3
BRDA:30,0,4,0
BRDA:31,1,0,8
BRDA:31,1,1,0
BRDA:34,2,0,3
BRDA:34,2,1,0
BRDA:37,3,0,3
BRDA:37,3,1,0
BRDA:40,4,0,3
BRDA:40,4,1,0
BRDA:48,5,0,17
BRDA:48,5,1,0
BRDA:50,6,0,8
BRDA:50,6,1,3
BRDA:50,6,2,3
BRDA:50,6,3,3
BRDA:50,6,4,0
BRDA:51,7,0,7
BRDA:51,7,1,1
BRDA:54,8,0,1
BRDA:54,8,1,2
BRDA:57,9,0,2
BRDA:57,9,1,1
BRDA:60,10,0,2
BRDA:60,10,1,1
BRDA:67,11,0,0
BRDA:67,11,1,0
BRDA:67,11,2,0
BRDA:67,11,3,0
BRDA:67,11,4,0
BRDA:71,12,0,0
BRDA:71,12,1,0
BRDA:74,13,0,0
BRDA:74,13,1,0
BRDA:81,14,0,0
BRDA:81,14,1,0
BRDA:84,15,0,0
BRDA:84,15,1,0
BRDA:90,16,0,0
BRDA:90,16,1,0
BRDA:93,17,0,0
BRDA:93,17,1,0
BRDA:100,18,0,0
BRDA:100,18,1,0
BRDA:103,19,0,0
BRDA:103,19,1,0
BRDA:112,20,0,12
BRDA:112,20,1,5
BRDA:114,21,0,7
BRDA:114,21,1,1
BRDA:114,21,2,2
BRDA:114,21,3,2
BRDA:145,22,0,1
BRDA:145,22,1,2
BRDA:145,22,2,1
BRDA:145,22,3,1
BRF:59
BRH:31
end_of_record
TN:
SF:src\Inscriber.ts
FN:33,(anonymous_0)
FN:49,Inscriber
FN:78,(anonymous_2)
FN:95,(anonymous_3)
FN:117,(anonymous_4)
FN:140,(anonymous_5)
FNF:6
FNH:6
FNDA:5,(anonymous_0)
FNDA:11,Inscriber
FNDA:15,(anonymous_2)
FNDA:4,(anonymous_3)
FNDA:5,(anonymous_4)
FNDA:3,(anonymous_5)
DA:20,5
DA:22,5
DA:33,5
DA:50,11
DA:51,2
DA:52,2
DA:53,2
DA:78,5
DA:79,15
DA:95,5
DA:96,4
DA:117,5
DA:118,5
DA:140,5
DA:141,3
DA:147,5
LF:16
LH:16
BRDA:50,0,0,2
BRDA:50,0,1,9
BRDA:82,1,0,0
BRDA:82,1,1,15
BRDA:82,2,0,0
BRDA:82,2,1,15
BRDA:82,3,0,15
BRDA:82,3,1,15
BRDA:82,4,0,0
BRDA:82,4,1,15
BRDA:82,5,0,15
BRDA:82,5,1,15
BRDA:99,6,0,0
BRDA:99,6,1,4
BRDA:99,7,0,0
BRDA:99,7,1,4
BRDA:99,8,0,4
BRDA:99,8,1,4
BRDA:99,9,0,0
BRDA:99,9,1,4
BRDA:99,10,0,4
BRDA:99,10,1,4
BRDA:121,11,0,0
BRDA:121,11,1,5
BRDA:121,12,0,0
BRDA:121,12,1,5
BRDA:121,13,0,5
BRDA:121,13,1,5
BRDA:121,14,0,0
BRDA:121,14,1,5
BRDA:121,15,0,5
BRDA:121,15,1,5
BRDA:144,16,0,0
BRDA:144,16,1,3
BRDA:144,17,0,0
BRDA:144,17,1,3
BRDA:144,18,0,3
BRDA:144,18,1,3
BRDA:144,19,0,0
BRDA:144,19,1,3
BRDA:144,20,0,3
BRDA:144,20,1,3
BRF:42
BRH:30
end_of_record
TN:
SF:src\InscriberConfig.ts
FN:15,(anonymous_0)
FN:87,(anonymous_2)
FN:92,(anonymous_3)
FN:97,(anonymous_4)
FN:107,(anonymous_5)
FN:111,(anonymous_6)
FN:118,(anonymous_7)
FN:129,(anonymous_8)
FNF:8
FNH:7
FNDA:36,(anonymous_0)
FNDA:31,(anonymous_2)
FNDA:29,(anonymous_3)
FNDA:0,(anonymous_4)
FNDA:29,(anonymous_5)
FNDA:124,(anonymous_6)
FNDA:2,(anonymous_7)
FNDA:2,(anonymous_8)
DA:11,5
DA:13,5
DA:15,5
DA:16,31
DA:27,31
DA:75,31
DA:76,31
DA:77,31
DA:87,5
DA:88,31
DA:89,0
DA:92,5
DA:93,29
DA:94,29
DA:97,5
DA:98,0
DA:99,0
DA:100,0
DA:107,5
DA:108,29
DA:111,5
DA:112,124
DA:113,124
DA:114,868
DA:115,0
DA:118,5
DA:119,2
DA:120,2
DA:121,2
DA:122,0
DA:123,0
DA:125,2
DA:129,5
DA:130,2
DA:131,2
DA:134,2
DA:137,5
LF:37
LH:30
BRDA:88,0,0,31
BRDA:88,0,1,0
BRDA:88,1,0,0
BRDA:88,1,1,31
BRDA:88,2,0,31
BRDA:88,2,1,31
BRDA:93,3,0,0
BRDA:93,3,1,29
BRDA:94,4,0,0
BRDA:94,4,1,29
BRDA:94,5,0,29
BRDA:94,5,1,29
BRDA:99,6,0,0
BRDA:99,6,1,0
BRDA:99,7,0,0
BRDA:99,7,1,0
BRDA:113,8,0,124
BRDA:113,8,1,0
BRDA:114,9,0,124
BRDA:114,9,1,744
BRDA:120,10,0,2
BRDA:120,10,1,0
BRDA:121,11,0,0
BRDA:121,11,1,2
BRDA:131,12,0,0
BRDA:131,12,1,2
BRDA:131,13,0,0
BRDA:131,13,1,2
BRDA:131,14,0,2
BRDA:131,14,1,2
BRF:30
BRH:17
end_of_record
TN:
SF:src\InscriberSystem.ts
FN:26,(anonymous_0)
FN:30,InscriberSystem
FN:45,(anonymous_2)
FN:49,(anonymous_3)
FNF:4
FNH:3
FNDA:5,(anonymous_0)
FNDA:5,InscriberSystem
FNDA:0,(anonymous_2)
FNDA:5,(anonymous_3)
DA:11,5
DA:26,5
DA:31,5
DA:32,5
DA:33,5
DA:34,5
DA:35,5
DA:37,5
DA:40,5
DA:42,5
DA:45,5
DA:46,0
DA:49,5
DA:50,5
DA:52,5
LF:15
LH:14
BRF:0
BRH:0
end_of_record
TN:
SF:src\index.ts
FNF:0
FNH:0
DA:20,5
DA:22,5
LF:2
LH:2
BRF:0
BRH:0
end_of_record
TN:
SF:src\builders\InscriberConfigBuilder.ts
FN:25,(anonymous_0)
FN:37,InscriberConfigBuilder
FN:52,(anonymous_2)
FN:67,(anonymous_3)
FN:82,(anonymous_4)
FN:96,(anonymous_5)
FN:120,(anonymous_6)
FN:160,(anonymous_7)
FN:186,(anonymous_8)
FNF:9
FNH:5
FNDA:5,(anonymous_0)
FNDA:2,InscriberConfigBuilder
FNDA:0,(anonymous_2)
FNDA:0,(anonymous_3)
FNDA:2,(anonymous_4)
FNDA:1,(anonymous_5)
FNDA:0,(anonymous_6)
FNDA:0,(anonymous_7)
FNDA:2,(anonymous_8)
DA:14,5
DA:25,5
DA:38,2
DA:39,2
DA:52,5
DA:53,0
DA:54,0
DA:67,5
DA:68,0
DA:69,0
DA:82,5
DA:83,2
DA:84,2
DA:96,5
DA:97,1
DA:98,1
DA:99,1
DA:100,1
DA:102,1
DA:108,1
DA:120,5
DA:121,0
DA:125,0
DA:129,0
DA:133,0
DA:138,0
DA:145,0
DA:160,5
DA:161,0
DA:162,0
DA:163,0
DA:164,0
DA:166,0
DA:172,0
DA:186,5
DA:187,2
DA:190,5
LF:37
LH:21
BRDA:52,0,0,0
BRDA:52,0,1,0
BRDA:67,1,0,0
BRDA:67,1,1,0
BRDA:82,2,0,0
BRDA:82,2,1,2
BRDA:97,3,0,0
BRDA:97,3,1,1
BRDA:98,4,0,1
BRDA:98,4,1,0
BRDA:99,5,0,1
BRDA:99,5,1,0
BRDA:100,6,0,1
BRDA:100,6,1,0
BRDA:121,7,0,0
BRDA:121,7,1,0
BRDA:125,8,0,0
BRDA:125,8,1,0
BRDA:129,9,0,0
BRDA:129,9,1,0
BRDA:133,10,0,0
BRDA:133,10,1,0
BRDA:161,11,0,0
BRDA:161,11,1,0
BRDA:162,12,0,0
BRDA:162,12,1,0
BRDA:163,13,0,0
BRDA:163,13,1,0
BRDA:164,14,0,0
BRDA:164,14,1,0
BRF:30
BRH:5
end_of_record
TN:
SF:src\classes\Debug.ts
FN:17,(anonymous_0)
FN:18,DebugClass
FN:37,(anonymous_2)
FN:41,(anonymous_3)
FN:46,(anonymous_4)
FN:56,(anonymous_5)
FNF:6
FNH:6
FNDA:5,(anonymous_0)
FNDA:5,DebugClass
FNDA:3,(anonymous_2)
FNDA:5,(anonymous_3)
FNDA:5,(anonymous_4)
FNDA:8,(anonymous_5)
DA:11,5
DA:12,5
DA:14,5
DA:17,5
DA:19,5
DA:20,3
DA:21,0
DA:22,0
DA:25,0
DA:27,3
DA:28,0
DA:31,3
DA:34,5
DA:37,5
DA:38,3
DA:39,3
DA:41,5
DA:42,5
DA:44,5
DA:46,5
DA:47,5
DA:48,5
DA:49,0
DA:50,0
DA:52,5
DA:53,5
DA:56,5
DA:57,8
DA:58,8
DA:59,8
DA:60,8
DA:61,8
DA:63,8
DA:65,5
LF:34
LH:28
BRDA:19,0,0,3
BRDA:19,0,1,2
BRDA:20,1,0,0
BRDA:20,1,1,3
BRDA:21,2,0,0
BRDA:21,2,1,0
BRDA:27,3,0,0
BRDA:27,3,1,3
BRDA:48,4,0,0
BRDA:48,4,1,5
BRDA:49,5,0,0
BRDA:49,5,1,0
BRDA:52,6,0,0
BRDA:52,6,1,5
BRF:14
BRH:6
end_of_record
TN:
SF:src\classes\Error.ts
FN:21,(anonymous_0)
FN:22,ErrorClass
FN:91,(anonymous_2)
FN:95,(anonymous_3)
FN:101,(anonymous_4)
FN:111,(anonymous_5)
FNF:6
FNH:6
FNDA:5,(anonymous_0)
FNDA:15,ErrorClass
FNDA:8,(anonymous_2)
FNDA:15,(anonymous_3)
FNDA:23,(anonymous_4)
FNDA:15,(anonymous_5)
DA:10,5
DA:11,5
DA:14,5
DA:21,5
DA:27,15
DA:28,8
DA:29,0
DA:30,0
DA:34,0
DA:51,8
DA:52,0
DA:55,8
DA:74,15
DA:91,5
DA:92,8
DA:93,8
DA:95,5
DA:96,15
DA:98,15
DA:101,5
DA:102,23
DA:103,23
DA:104,23
DA:105,23
DA:106,23
DA:108,23
DA:111,5
DA:112,15
DA:113,15
DA:114,0
DA:115,0
DA:117,15
DA:118,15
DA:121,5
LF:34
LH:28
BRDA:27,0,0,8
BRDA:27,0,1,7
BRDA:28,1,0,0
BRDA:28,1,1,8
BRDA:29,2,0,0
BRDA:29,2,1,0
BRDA:36,3,0,0
BRDA:36,3,1,0
BRDA:38,4,0,0
BRDA:38,4,1,0
BRDA:40,5,0,0
BRDA:40,5,1,0
BRDA:42,6,0,0
BRDA:42,6,1,0
BRDA:44,7,0,0
BRDA:44,7,1,0
BRDA:51,8,0,0
BRDA:51,8,1,8
BRDA:57,9,0,4
BRDA:57,9,1,4
BRDA:59,10,0,0
BRDA:59,10,1,4
BRDA:61,11,0,0
BRDA:61,11,1,4
BRDA:63,12,0,0
BRDA:63,12,1,4
BRDA:65,13,0,0
BRDA:65,13,1,4
BRDA:76,14,0,8
BRDA:76,14,1,7
BRDA:78,15,0,0
BRDA:78,15,1,7
BRDA:80,16,0,0
BRDA:80,16,1,7
BRDA:82,17,0,0
BRDA:82,17,1,7
BRDA:84,18,0,0
BRDA:84,18,1,7
BRDA:113,19,0,0
BRDA:113,19,1,15
BRDA:114,20,0,0
BRDA:114,20,1,0
BRDA:117,21,0,0
BRDA:117,21,1,15
BRF:44
BRH:18
end_of_record
TN:
SF:src\classes\Info.ts
FN:16,(anonymous_0)
FN:17,InfoClass
FN:35,(anonymous_2)
FN:39,(anonymous_3)
FN:44,(anonymous_4)
FN:54,(anonymous_5)
FNF:6
FNH:6
FNDA:5,(anonymous_0)
FNDA:4,InfoClass
FNDA:3,(anonymous_2)
FNDA:4,(anonymous_3)
FNDA:4,(anonymous_4)
FNDA:7,(anonymous_5)
DA:11,5
DA:12,5
DA:13,5
DA:16,5
DA:18,4
DA:19,3
DA:20,0
DA:21,0
DA:24,0
DA:26,3
DA:27,0
DA:30,3
DA:33,4
DA:35,5
DA:36,3
DA:37,3
DA:39,5
DA:40,4
DA:42,4
DA:44,5
DA:45,4
DA:46,4
DA:47,0
DA:48,0
DA:50,4
DA:51,4
DA:54,5
DA:55,7
DA:56,7
DA:57,7
DA:58,7
DA:59,7
DA:60,7
DA:62,5
LF:34
LH:28
BRDA:18,0,0,3
BRDA:18,0,1,1
BRDA:19,1,0,0
BRDA:19,1,1,3
BRDA:20,2,0,0
BRDA:20,2,1,0
BRDA:26,3,0,0
BRDA:26,3,1,3
BRDA:46,4,0,0
BRDA:46,4,1,4
BRDA:47,5,0,0
BRDA:47,5,1,0
BRDA:50,6,0,0
BRDA:50,6,1,4
BRF:14
BRH:6
end_of_record
TN:
SF:src\classes\Warn.ts
FN:17,(anonymous_0)
FN:18,WarnClass
FN:37,(anonymous_2)
FN:41,(anonymous_3)
FN:46,(anonymous_4)
FN:56,(anonymous_5)
FNF:6
FNH:6
FNDA:5,(anonymous_0)
FNDA:3,WarnClass
FNDA:3,(anonymous_2)
FNDA:3,(anonymous_3)
FNDA:3,(anonymous_4)
FNDA:6,(anonymous_5)
DA:11,5
DA:12,5
DA:14,5
DA:17,5
DA:19,3
DA:20,3
DA:21,0
DA:22,0
DA:25,0
DA:27,3
DA:28,0
DA:31,3
DA:34,3
DA:37,5
DA:38,3
DA:39,3
DA:41,5
DA:42,3
DA:44,3
DA:46,5
DA:47,3
DA:48,3
DA:49,0
DA:50,0
DA:52,3
DA:53,3
DA:56,5
DA:57,6
DA:58,6
DA:59,6
DA:60,6
DA:61,6
DA:63,6
DA:65,5
LF:34
LH:28
BRDA:19,0,0,3
BRDA:19,0,1,0
BRDA:20,1,0,0
BRDA:20,1,1,3
BRDA:21,2,0,0
BRDA:21,2,1,0
BRDA:27,3,0,0
BRDA:27,3,1,3
BRDA:48,4,0,0
BRDA:48,4,1,3
BRDA:49,5,0,0
BRDA:49,5,1,0
BRDA:52,6,0,0
BRDA:52,6,1,3
BRF:14
BRH:5
end_of_record
TN:
SF:src\classes\exports.ts
FNF:0
FNH:0
DA:1,5
DA:2,5
DA:3,5
DA:4,5
LF:4
LH:4
BRF:0
BRH:0
end_of_record
