TN:
SF:src\FileSystem.ts
FN:16,(anonymous_0)
FN:22,FileSystem
FN:36,(anonymous_2)
FN:51,(anonymous_3)
FN:59,(anonymous_4)
FN:77,(anonymous_5)
FN:129,(anonymous_6)
FN:135,(anonymous_7)
FN:149,(anonymous_8)
FN:182,(anonymous_9)
FN:189,(anonymous_10)
FNF:11
FNH:8
FNDA:7,(anonymous_0)
FNDA:24,FileSystem
FNDA:24,(anonymous_2)
FNDA:3,(anonymous_3)
FNDA:24,(anonymous_4)
FNDA:0,(anonymous_5)
FNDA:3,(anonymous_6)
FNDA:3,(anonymous_7)
FNDA:24,(anonymous_8)
FNDA:0,(anonymous_9)
FNDA:0,(anonymous_10)
DA:12,7
DA:13,7
DA:14,7
DA:16,7
DA:29,24
DA:30,24
DA:31,24
DA:32,24
DA:33,24
DA:36,24
DA:37,24
DA:39,9
DA:40,1
DA:42,5
DA:43,1
DA:45,4
DA:46,1
DA:48,4
DA:49,1
DA:51,3
DA:52,0
DA:53,2
DA:55,0
DA:59,24
DA:60,24
DA:61,18
DA:63,8
DA:64,0
DA:66,4
DA:67,0
DA:69,3
DA:70,0
DA:72,3
DA:73,0
DA:75,0
DA:77,0
DA:82,0
DA:83,0
DA:85,0
DA:88,6
DA:90,1
DA:91,3
DA:92,3
DA:93,3
DA:94,3
DA:96,1
DA:97,1
DA:100,1
DA:101,3
DA:102,3
DA:103,3
DA:104,3
DA:106,1
DA:107,1
DA:109,1
DA:110,3
DA:111,3
DA:112,3
DA:113,3
DA:115,1
DA:116,1
DA:119,1
DA:120,3
DA:121,3
DA:122,3
DA:123,3
DA:125,1
DA:126,1
DA:128,2
DA:129,3
DA:131,2
DA:132,2
DA:133,2
DA:135,3
DA:140,0
DA:141,2
DA:144,0
DA:149,24
DA:150,24
DA:151,18
DA:153,8
DA:156,8
DA:157,8
DA:158,8
DA:160,4
DA:163,4
DA:164,4
DA:165,4
DA:167,3
DA:170,3
DA:171,3
DA:172,3
DA:174,3
DA:177,3
DA:178,3
DA:179,3
DA:181,0
DA:182,0
DA:187,0
DA:188,0
DA:189,0
DA:193,0
DA:196,6
DA:199,1
DA:204,1
DA:207,1
DA:210,1
DA:215,1
DA:218,1
DA:221,1
DA:226,1
DA:229,1
DA:232,1
DA:237,1
DA:240,1
DA:243,2
DA:248,2
DA:251,2
DA:255,7
LF:119
LH:100
BRDA:38,0,0,9
BRDA:38,0,1,5
BRDA:38,0,2,4
BRDA:38,0,3,4
BRDA:38,0,4,2
BRDA:38,0,5,0
BRDA:39,1,0,8
BRDA:39,1,1,1
BRDA:42,2,0,4
BRDA:42,2,1,1
BRDA:45,3,0,3
BRDA:45,3,1,1
BRDA:48,4,0,3
BRDA:48,4,1,1
BRDA:51,5,0,0
BRDA:51,5,1,2
BRDA:51,6,0,0
BRDA:51,6,1,2
BRDA:51,7,0,2
BRDA:51,7,1,2
BRDA:60,8,0,18
BRDA:60,8,1,6
BRDA:62,9,0,8
BRDA:62,9,1,4
BRDA:62,9,2,3
BRDA:62,9,3,3
BRDA:62,9,4,0
BRDA:62,9,5,0
BRDA:63,10,0,8
BRDA:63,10,1,0
BRDA:66,11,0,4
BRDA:66,11,1,0
BRDA:69,12,0,3
BRDA:69,12,1,0
BRDA:72,13,0,3
BRDA:72,13,1,0
BRDA:75,14,0,0
BRDA:75,14,1,0
BRDA:77,15,0,0
BRDA:77,15,1,0
BRDA:77,16,0,0
BRDA:77,16,1,0
BRDA:89,17,0,1
BRDA:89,17,1,1
BRDA:89,17,2,1
BRDA:89,17,3,1
BRDA:89,17,4,2
BRDA:89,17,5,0
BRDA:93,18,0,1
BRDA:93,18,1,2
BRDA:96,19,0,0
BRDA:96,19,1,1
BRDA:103,20,0,2
BRDA:103,20,1,1
BRDA:106,21,0,0
BRDA:106,21,1,1
BRDA:112,22,0,1
BRDA:112,22,1,2
BRDA:115,23,0,0
BRDA:115,23,1,1
BRDA:122,24,0,1
BRDA:122,24,1,2
BRDA:125,25,0,0
BRDA:125,25,1,1
BRDA:129,26,0,2
BRDA:129,26,1,0
BRDA:129,27,0,2
BRDA:129,27,1,2
BRDA:129,28,0,0
BRDA:129,28,1,2
BRDA:129,29,0,2
BRDA:129,29,1,2
BRDA:132,30,0,0
BRDA:132,30,1,2
BRDA:133,31,0,0
BRDA:133,31,1,2
BRDA:135,32,0,0
BRDA:135,32,1,2
BRDA:135,33,0,2
BRDA:135,33,1,2
BRDA:150,34,0,18
BRDA:150,34,1,6
BRDA:152,35,0,8
BRDA:152,35,1,4
BRDA:152,35,2,3
BRDA:152,35,3,3
BRDA:152,35,4,0
BRDA:182,36,0,0
BRDA:182,36,1,0
BRDA:182,37,0,0
BRDA:182,37,1,0
BRDA:189,38,0,0
BRDA:189,38,1,0
BRDA:189,39,0,0
BRDA:189,39,1,0
BRDA:197,40,0,1
BRDA:197,40,1,1
BRDA:197,40,2,1
BRDA:197,40,3,1
BRDA:197,40,4,2
BRDA:245,41,0,0
BRDA:245,41,1,2
BRDA:245,42,0,2
BRDA:245,42,1,2
BRF:104
BRH:69
end_of_record
TN:
SF:src\Inscriber.ts
FN:34,(anonymous_0)
FN:50,Inscriber
FN:79,(anonymous_2)
FN:96,(anonymous_3)
FN:118,(anonymous_4)
FN:141,(anonymous_5)
FN:149,(anonymous_6)
FNF:7
FNH:7
FNDA:7,(anonymous_0)
FNDA:13,Inscriber
FNDA:16,(anonymous_2)
FNDA:6,(anonymous_3)
FNDA:6,(anonymous_4)
FNDA:4,(anonymous_5)
FNDA:2,(anonymous_6)
DA:20,7
DA:21,7
DA:23,7
DA:34,7
DA:51,13
DA:52,4
DA:53,4
DA:54,4
DA:79,7
DA:80,16
DA:96,7
DA:97,6
DA:118,7
DA:119,6
DA:141,7
DA:142,4
DA:149,7
DA:150,2
DA:152,7
LF:19
LH:19
BRDA:51,0,0,4
BRDA:51,0,1,9
BRDA:83,1,0,0
BRDA:83,1,1,16
BRDA:83,2,0,0
BRDA:83,2,1,16
BRDA:83,3,0,16
BRDA:83,3,1,16
BRDA:83,4,0,0
BRDA:83,4,1,16
BRDA:83,5,0,16
BRDA:83,5,1,16
BRDA:100,6,0,0
BRDA:100,6,1,6
BRDA:100,7,0,0
BRDA:100,7,1,6
BRDA:100,8,0,6
BRDA:100,8,1,6
BRDA:100,9,0,0
BRDA:100,9,1,6
BRDA:100,10,0,6
BRDA:100,10,1,6
BRDA:122,11,0,0
BRDA:122,11,1,6
BRDA:122,12,0,0
BRDA:122,12,1,6
BRDA:122,13,0,6
BRDA:122,13,1,6
BRDA:122,14,0,0
BRDA:122,14,1,6
BRDA:122,15,0,6
BRDA:122,15,1,6
BRDA:145,16,0,0
BRDA:145,16,1,4
BRDA:145,17,0,0
BRDA:145,17,1,4
BRDA:145,18,0,4
BRDA:145,18,1,4
BRDA:145,19,0,0
BRDA:145,19,1,4
BRDA:145,20,0,4
BRDA:145,20,1,4
BRDA:150,21,0,2
BRDA:150,21,1,0
BRDA:150,22,0,2
BRDA:150,22,1,2
BRDA:150,23,0,0
BRDA:150,23,1,2
BRDA:150,24,0,2
BRDA:150,24,1,2
BRF:50
BRH:36
end_of_record
TN:
SF:src\InscriberConfig.ts
FN:16,(anonymous_0)
FN:89,(anonymous_2)
FN:94,(anonymous_3)
FN:99,(anonymous_4)
FN:109,(anonymous_5)
FN:113,(anonymous_6)
FN:120,(anonymous_7)
FN:131,(anonymous_8)
FNF:8
FNH:7
FNDA:49,(anonymous_0)
FNDA:42,(anonymous_2)
FNDA:38,(anonymous_3)
FNDA:0,(anonymous_4)
FNDA:38,(anonymous_5)
FNDA:168,(anonymous_6)
FNDA:4,(anonymous_7)
FNDA:4,(anonymous_8)
DA:12,7
DA:14,7
DA:16,7
DA:17,42
DA:28,42
DA:77,42
DA:78,42
DA:79,42
DA:89,7
DA:90,42
DA:91,0
DA:94,7
DA:95,38
DA:96,38
DA:99,7
DA:100,0
DA:101,0
DA:102,0
DA:109,7
DA:110,38
DA:113,7
DA:114,168
DA:115,168
DA:116,1344
DA:117,56
DA:120,7
DA:121,4
DA:122,4
DA:123,4
DA:124,0
DA:125,0
DA:127,4
DA:131,7
DA:132,4
DA:133,4
DA:136,4
DA:139,7
LF:37
LH:31
BRDA:90,0,0,42
BRDA:90,0,1,0
BRDA:90,1,0,0
BRDA:90,1,1,42
BRDA:90,2,0,42
BRDA:90,2,1,42
BRDA:95,3,0,0
BRDA:95,3,1,38
BRDA:96,4,0,0
BRDA:96,4,1,38
BRDA:96,5,0,38
BRDA:96,5,1,38
BRDA:101,6,0,0
BRDA:101,6,1,0
BRDA:101,7,0,0
BRDA:101,7,1,0
BRDA:115,8,0,168
BRDA:115,8,1,0
BRDA:116,9,0,112
BRDA:116,9,1,1232
BRDA:122,10,0,4
BRDA:122,10,1,0
BRDA:123,11,0,0
BRDA:123,11,1,4
BRDA:133,12,0,0
BRDA:133,12,1,4
BRDA:133,13,0,0
BRDA:133,13,1,4
BRDA:133,14,0,4
BRDA:133,14,1,4
BRF:30
BRH:17
end_of_record
TN:
SF:src\InscriberSystem.ts
FN:27,(anonymous_0)
FN:31,InscriberSystem
FN:46,(anonymous_2)
FN:50,(anonymous_3)
FNF:4
FNH:3
FNDA:7,(anonymous_0)
FNDA:6,InscriberSystem
FNDA:0,(anonymous_2)
FNDA:6,(anonymous_3)
DA:12,7
DA:27,7
DA:32,6
DA:33,6
DA:34,6
DA:35,6
DA:36,6
DA:38,6
DA:41,6
DA:43,6
DA:46,7
DA:47,0
DA:50,7
DA:51,6
DA:53,7
LF:15
LH:14
BRF:0
BRH:0
end_of_record
TN:
SF:src\index.ts
FNF:0
FNH:0
DA:18,7
DA:20,7
DA:21,7
LF:3
LH:3
BRF:0
BRH:0
end_of_record
TN:
SF:src\builders\CustomLogBuilder.ts
FN:13,(anonymous_0)
FN:15,CustomLogBuilder
FN:25,(anonymous_2)
FN:30,(anonymous_3)
FN:35,(anonymous_4)
FN:40,(anonymous_5)
FN:44,(anonymous_6)
FN:48,(anonymous_7)
FNF:8
FNH:7
FNDA:7,(anonymous_0)
FNDA:2,CustomLogBuilder
FNDA:2,(anonymous_2)
FNDA:0,(anonymous_3)
FNDA:2,(anonymous_4)
FNDA:2,(anonymous_5)
FNDA:2,(anonymous_6)
FNDA:2,(anonymous_7)
DA:13,7
DA:16,2
DA:25,7
DA:26,2
DA:27,2
DA:30,7
DA:31,0
DA:32,0
DA:35,7
DA:36,2
DA:37,2
DA:40,7
DA:41,2
DA:42,2
DA:44,7
DA:45,2
DA:46,2
DA:48,7
DA:49,2
DA:51,7
LF:20
LH:18
BRF:0
BRH:0
end_of_record
TN:
SF:src\builders\InscriberConfigBuilder.ts
FN:27,(anonymous_0)
FN:39,InscriberConfigBuilder
FN:54,(anonymous_2)
FN:69,(anonymous_3)
FN:84,(anonymous_4)
FN:98,(anonymous_5)
FN:122,(anonymous_6)
FN:162,(anonymous_7)
FN:177,(anonymous_8)
FN:194,(anonymous_9)
FNF:10
FNH:7
FNDA:7,(anonymous_0)
FNDA:4,InscriberConfigBuilder
FNDA:0,(anonymous_2)
FNDA:1,(anonymous_3)
FNDA:4,(anonymous_4)
FNDA:1,(anonymous_5)
FNDA:0,(anonymous_6)
FNDA:0,(anonymous_7)
FNDA:2,(anonymous_8)
FNDA:4,(anonymous_9)
DA:15,7
DA:27,7
DA:40,4
DA:41,4
DA:54,7
DA:55,0
DA:56,0
DA:69,7
DA:70,1
DA:71,1
DA:84,7
DA:85,4
DA:86,4
DA:98,7
DA:99,1
DA:100,1
DA:101,1
DA:102,1
DA:104,1
DA:110,1
DA:122,7
DA:123,0
DA:127,0
DA:131,0
DA:135,0
DA:140,0
DA:147,0
DA:162,7
DA:163,0
DA:164,0
DA:165,0
DA:166,0
DA:168,0
DA:174,0
DA:177,7
DA:178,2
DA:179,2
DA:194,7
DA:195,4
DA:198,7
LF:40
LH:26
BRDA:54,0,0,0
BRDA:54,0,1,0
BRDA:69,1,0,0
BRDA:69,1,1,1
BRDA:84,2,0,1
BRDA:84,2,1,3
BRDA:99,3,0,0
BRDA:99,3,1,1
BRDA:100,4,0,1
BRDA:100,4,1,0
BRDA:101,5,0,1
BRDA:101,5,1,0
BRDA:102,6,0,1
BRDA:102,6,1,0
BRDA:123,7,0,0
BRDA:123,7,1,0
BRDA:127,8,0,0
BRDA:127,8,1,0
BRDA:131,9,0,0
BRDA:131,9,1,0
BRDA:135,10,0,0
BRDA:135,10,1,0
BRDA:163,11,0,0
BRDA:163,11,1,0
BRDA:164,12,0,0
BRDA:164,12,1,0
BRDA:165,13,0,0
BRDA:165,13,1,0
BRDA:166,14,0,0
BRDA:166,14,1,0
BRF:30
BRH:7
end_of_record
TN:
SF:src\classes\Debug.ts
FN:18,(anonymous_0)
FN:19,DebugClass
FN:38,(anonymous_2)
FN:42,(anonymous_3)
FN:47,(anonymous_4)
FN:57,(anonymous_5)
FNF:6
FNH:6
FNDA:7,(anonymous_0)
FNDA:6,DebugClass
FNDA:4,(anonymous_2)
FNDA:6,(anonymous_3)
FNDA:6,(anonymous_4)
FNDA:10,(anonymous_5)
DA:12,7
DA:13,7
DA:15,7
DA:18,7
DA:20,6
DA:21,4
DA:22,1
DA:23,0
DA:26,1
DA:28,3
DA:29,0
DA:32,3
DA:35,6
DA:38,7
DA:39,4
DA:40,4
DA:42,7
DA:43,6
DA:45,6
DA:47,7
DA:48,6
DA:49,6
DA:50,0
DA:51,0
DA:53,6
DA:54,6
DA:57,7
DA:58,10
DA:59,10
DA:60,10
DA:61,10
DA:62,10
DA:64,10
DA:66,7
LF:34
LH:30
BRDA:20,0,0,4
BRDA:20,0,1,2
BRDA:21,1,0,1
BRDA:21,1,1,3
BRDA:22,2,0,0
BRDA:22,2,1,1
BRDA:28,3,0,0
BRDA:28,3,1,3
BRDA:49,4,0,0
BRDA:49,4,1,6
BRDA:50,5,0,0
BRDA:50,5,1,0
BRDA:53,6,0,0
BRDA:53,6,1,6
BRF:14
BRH:8
end_of_record
TN:
SF:src\classes\Error.ts
FN:22,(anonymous_0)
FN:23,ErrorClass
FN:92,(anonymous_2)
FN:96,(anonymous_3)
FN:102,(anonymous_4)
FN:112,(anonymous_5)
FNF:6
FNH:6
FNDA:7,(anonymous_0)
FNDA:16,ErrorClass
FNDA:9,(anonymous_2)
FNDA:16,(anonymous_3)
FNDA:25,(anonymous_4)
FNDA:16,(anonymous_5)
DA:11,7
DA:12,7
DA:15,7
DA:22,7
DA:28,16
DA:29,9
DA:30,1
DA:31,0
DA:35,1
DA:52,8
DA:53,0
DA:56,8
DA:75,16
DA:92,7
DA:93,9
DA:94,9
DA:96,7
DA:97,16
DA:99,16
DA:102,7
DA:103,25
DA:104,25
DA:105,25
DA:106,25
DA:107,25
DA:109,25
DA:112,7
DA:113,16
DA:114,16
DA:115,0
DA:116,0
DA:118,16
DA:119,16
DA:122,7
LF:34
LH:30
BRDA:28,0,0,9
BRDA:28,0,1,7
BRDA:29,1,0,1
BRDA:29,1,1,8
BRDA:30,2,0,0
BRDA:30,2,1,1
BRDA:37,3,0,0
BRDA:37,3,1,1
BRDA:39,4,0,0
BRDA:39,4,1,1
BRDA:41,5,0,0
BRDA:41,5,1,1
BRDA:43,6,0,0
BRDA:43,6,1,1
BRDA:45,7,0,0
BRDA:45,7,1,1
BRDA:52,8,0,0
BRDA:52,8,1,8
BRDA:58,9,0,4
BRDA:58,9,1,4
BRDA:60,10,0,0
BRDA:60,10,1,4
BRDA:62,11,0,0
BRDA:62,11,1,4
BRDA:64,12,0,0
BRDA:64,12,1,4
BRDA:66,13,0,0
BRDA:66,13,1,4
BRDA:77,14,0,8
BRDA:77,14,1,8
BRDA:79,15,0,0
BRDA:79,15,1,8
BRDA:81,16,0,0
BRDA:81,16,1,8
BRDA:83,17,0,0
BRDA:83,17,1,8
BRDA:85,18,0,0
BRDA:85,18,1,8
BRDA:114,19,0,0
BRDA:114,19,1,16
BRDA:115,20,0,0
BRDA:115,20,1,0
BRDA:118,21,0,0
BRDA:118,21,1,16
BRF:44
BRH:25
end_of_record
TN:
SF:src\classes\Info.ts
FN:17,(anonymous_0)
FN:18,InfoClass
FN:43,(anonymous_2)
FN:53,(anonymous_3)
FN:58,(anonymous_4)
FN:68,(anonymous_5)
FNF:6
FNH:6
FNDA:7,(anonymous_0)
FNDA:6,InfoClass
FNDA:5,(anonymous_2)
FNDA:6,(anonymous_3)
FNDA:6,(anonymous_4)
FNDA:11,(anonymous_5)
DA:12,7
DA:13,7
DA:14,7
DA:17,7
DA:19,6
DA:20,5
DA:21,1
DA:22,0
DA:25,1
DA:27,4
DA:28,0
DA:31,4
DA:34,6
DA:43,7
DA:44,5
DA:45,5
DA:53,7
DA:54,6
DA:56,6
DA:58,7
DA:59,6
DA:60,6
DA:61,0
DA:62,0
DA:64,6
DA:65,6
DA:68,7
DA:69,11
DA:70,11
DA:71,11
DA:72,11
DA:73,11
DA:74,11
DA:76,7
LF:34
LH:30
BRDA:19,0,0,5
BRDA:19,0,1,1
BRDA:20,1,0,1
BRDA:20,1,1,4
BRDA:21,2,0,0
BRDA:21,2,1,1
BRDA:27,3,0,0
BRDA:27,3,1,4
BRDA:60,4,0,0
BRDA:60,4,1,6
BRDA:61,5,0,0
BRDA:61,5,1,0
BRDA:64,6,0,0
BRDA:64,6,1,6
BRF:14
BRH:8
end_of_record
TN:
SF:src\classes\Log.ts
FN:17,(anonymous_0)
FN:18,LogMethod
FN:19,(anonymous_2)
FN:29,(anonymous_3)
FN:36,(anonymous_4)
FN:45,(anonymous_5)
FN:46,(anonymous_6)
FN:48,(anonymous_7)
FN:56,(anonymous_8)
FN:57,(anonymous_9)
FN:59,(anonymous_10)
FN:68,(anonymous_11)
FN:79,(anonymous_12)
FNF:13
FNH:13
FNDA:7,(anonymous_0)
FNDA:2,LogMethod
FNDA:3,(anonymous_2)
FNDA:3,(anonymous_3)
FNDA:3,(anonymous_4)
FNDA:2,(anonymous_5)
FNDA:3,(anonymous_6)
FNDA:3,(anonymous_7)
FNDA:2,(anonymous_8)
FNDA:3,(anonymous_9)
FNDA:3,(anonymous_10)
FNDA:2,(anonymous_11)
FNDA:4,(anonymous_12)
DA:11,7
DA:12,7
DA:14,7
DA:17,7
DA:19,3
DA:21,2
DA:22,2
DA:23,0
DA:24,0
DA:27,0
DA:29,3
DA:30,0
DA:33,2
DA:36,3
DA:42,2
DA:45,7
DA:46,3
DA:47,0
DA:48,3
DA:49,2
DA:50,0
DA:53,2
DA:54,2
DA:56,7
DA:57,3
DA:58,0
DA:59,3
DA:60,2
DA:61,0
DA:64,2
DA:65,2
DA:66,2
DA:68,7
DA:69,2
DA:71,2
DA:72,0
DA:73,0
DA:75,2
DA:76,2
DA:79,7
DA:80,4
DA:81,4
DA:82,4
DA:83,4
DA:84,4
DA:86,7
LF:46
LH:36
BRDA:19,0,0,0
BRDA:19,0,1,2
BRDA:21,1,0,2
BRDA:21,1,1,0
BRDA:22,2,0,0
BRDA:22,2,1,2
BRDA:23,3,0,0
BRDA:23,3,1,0
BRDA:29,4,0,0
BRDA:29,4,1,2
BRDA:29,5,0,0
BRDA:29,5,1,2
BRDA:29,6,0,2
BRDA:29,6,1,2
BRDA:36,7,0,2
BRDA:36,7,1,0
BRDA:35,8,0,2
BRDA:35,8,1,2
BRDA:36,9,0,0
BRDA:36,9,1,2
BRDA:35,10,0,2
BRDA:35,10,1,2
BRDA:46,11,0,0
BRDA:46,11,1,2
BRDA:49,12,0,0
BRDA:49,12,1,2
BRDA:49,13,0,2
BRDA:49,13,1,2
BRDA:49,14,0,0
BRDA:49,14,1,2
BRDA:49,15,0,2
BRDA:49,15,1,2
BRDA:53,16,0,2
BRDA:53,16,1,0
BRDA:53,17,0,2
BRDA:53,17,1,2
BRDA:53,18,0,0
BRDA:53,18,1,2
BRDA:53,19,0,2
BRDA:53,19,1,2
BRDA:57,20,0,0
BRDA:57,20,1,2
BRDA:60,21,0,0
BRDA:60,21,1,2
BRDA:60,22,0,2
BRDA:60,22,1,2
BRDA:60,23,0,0
BRDA:60,23,1,2
BRDA:60,24,0,2
BRDA:60,24,1,2
BRDA:64,25,0,0
BRDA:64,25,1,2
BRDA:64,26,0,2
BRDA:64,26,1,2
BRDA:65,27,0,2
BRDA:65,27,1,0
BRDA:65,28,0,2
BRDA:65,28,1,2
BRDA:66,29,0,2
BRDA:66,29,1,0
BRDA:71,30,0,0
BRDA:71,30,1,2
BRDA:72,31,0,0
BRDA:72,31,1,0
BRDA:75,32,0,0
BRDA:75,32,1,2
BRF:66
BRH:42
end_of_record
TN:
SF:src\classes\Warn.ts
FN:18,(anonymous_0)
FN:19,WarnClass
FN:38,(anonymous_2)
FN:42,(anonymous_3)
FN:47,(anonymous_4)
FN:57,(anonymous_5)
FNF:6
FNH:6
FNDA:7,(anonymous_0)
FNDA:4,WarnClass
FNDA:4,(anonymous_2)
FNDA:4,(anonymous_3)
FNDA:4,(anonymous_4)
FNDA:8,(anonymous_5)
DA:12,7
DA:13,7
DA:15,7
DA:18,7
DA:20,4
DA:21,4
DA:22,1
DA:23,0
DA:26,1
DA:28,3
DA:29,0
DA:32,3
DA:35,4
DA:38,7
DA:39,4
DA:40,4
DA:42,7
DA:43,4
DA:45,4
DA:47,7
DA:48,4
DA:49,4
DA:50,0
DA:51,0
DA:53,4
DA:54,4
DA:57,7
DA:58,8
DA:59,8
DA:60,8
DA:61,8
DA:62,8
DA:64,8
DA:66,7
LF:34
LH:30
BRDA:20,0,0,4
BRDA:20,0,1,0
BRDA:21,1,0,1
BRDA:21,1,1,3
BRDA:22,2,0,0
BRDA:22,2,1,1
BRDA:28,3,0,0
BRDA:28,3,1,3
BRDA:49,4,0,0
BRDA:49,4,1,4
BRDA:50,5,0,0
BRDA:50,5,1,0
BRDA:53,6,0,0
BRDA:53,6,1,4
BRF:14
BRH:7
end_of_record
TN:
SF:src\classes\exports.ts
FNF:0
FNH:0
DA:10,7
DA:11,7
DA:12,7
DA:13,7
DA:14,7
LF:5
LH:5
BRF:0
BRH:0
end_of_record
